2025-06-04 13:14:28 [main] DEBUG c.s.controller.UserController - Registration form opened.
2025-06-04 13:14:28 [main] INFO  c.s.controller.UserController - Attempting to register user: null
2025-06-04 13:14:28 [main] WARN  c.s.controller.UserController - Validation errors during registration for user: null
2025-06-04 13:14:28 [main] DEBUG c.s.controller.UserController - Home page accessed.
2025-06-04 13:14:28 [main] WARN  c.s.controller.UserController - Unauthorized AJAX flight search.
2025-06-04 13:14:28 [main] DEBUG com.searchflights.dao.FlightDaoImpl - Fetched all flights, count: 0
2025-06-04 13:14:28 [main] DEBUG com.searchflights.dao.FlightDaoImpl - Search completed. Parameters: com.searchflights.model.FlightSearchParameters@23df7fad, Results found: 1
2025-06-04 13:14:28 [main] INFO  com.searchflights.dao.FlightDaoImpl - Deleted flight with ID: 1
2025-06-04 13:14:28 [main] WARN  com.searchflights.dao.FlightDaoImpl - Attempted to delete non-existing flight with ID: 2
2025-06-04 13:14:28 [main] DEBUG com.searchflights.dao.FlightDaoImpl - Fetched flight by number: AI101
2025-06-04 13:14:28 [main] DEBUG com.searchflights.dao.FlightDaoImpl - Fetched flight by ID: 1
2025-06-04 13:14:28 [main] INFO  com.searchflights.dao.FlightDaoImpl - Updated flight: AI102
2025-06-04 13:14:28 [main] INFO  com.searchflights.dao.FlightDaoImpl - Saved or updated flight: AI101
2025-06-04 13:14:28 [main] INFO  com.searchflights.dao.FlightDaoImpl - Called importFromCSV() - not implemented
2025-06-04 13:14:28 [main] INFO  com.searchflights.dao.FlightDaoImpl - Called importFromExcel() - not implemented
2025-06-04 13:14:28 [main] INFO  com.searchflights.dao.FlightDaoImpl - Called importFromWord() - not implemented
2025-06-04 13:14:28 [main] INFO  com.searchflights.dao.FlightDaoImpl - Called importFromXML() - not implemented
2025-06-04 13:14:29 [main] DEBUG com.searchflights.dao.UserDaoImpl - Fetched all users. Count: 1
2025-06-04 13:14:29 [main] DEBUG com.searchflights.dao.UserDaoImpl - Total user count: 1
2025-06-04 13:14:29 [main] WARN  com.searchflights.dao.UserDaoImpl - Authentication failed for username: wronguser
2025-06-04 13:14:29 [main] INFO  com.searchflights.dao.UserDaoImpl - User authenticated: testuser
2025-06-04 13:14:29 [main] INFO  com.searchflights.dao.UserDaoImpl - Updated user: testuser
2025-06-04 13:14:29 [main] DEBUG com.searchflights.dao.UserDaoImpl - User found by email: test@example.com
2025-06-04 13:14:29 [main] DEBUG com.searchflights.dao.UserDaoImpl - User found by username: testuser
2025-06-04 13:14:29 [main] INFO  com.searchflights.dao.UserDaoImpl - Saved or updated user: testuser
2025-06-04 13:14:29 [main] ERROR c.s.service.FlightServiceImpl - No file provided for import
2025-06-04 13:14:29 [main] INFO  c.s.service.FlightServiceImpl - Importing flights from file: flights.xlsx
2025-06-04 13:14:29 [main] DEBUG c.s.service.FlightServiceImpl - Saved flight: AI101
2025-06-04 13:14:29 [main] INFO  c.s.service.FlightServiceImpl - Total valid flights imported: 1
2025-06-04 13:14:29 [main] DEBUG c.s.service.FlightServiceImpl - Searching flights with parameters: com.searchflights.model.FlightSearchParameters@1fb71788
2025-06-04 13:14:29 [main] INFO  c.s.service.FlightServiceImpl - Deleting flight with ID: 1
2025-06-04 13:14:29 [main] INFO  c.s.service.FlightServiceImpl - Flight deleted: 1
2025-06-04 13:14:29 [main] INFO  c.s.service.FlightServiceImpl - Importing flights from file: flights.txt
2025-06-04 13:14:29 [main] ERROR c.s.service.FlightServiceImpl - Unsupported file format: flights.txt
2025-06-04 13:14:29 [main] ERROR c.s.service.FlightServiceImpl - Failed to import flights: Unsupported file format: flights.txt
java.lang.IllegalArgumentException: Unsupported file format: flights.txt
	at com.searchflights.service.FlightServiceImpl.importFromCSV(FlightServiceImpl.java:97)
	at com.searchflights.service.FlightServiceImplTest.lambda$importFromCSV_ShouldThrowExceptionOnUnsupportedFormat$0(FlightServiceImplTest.java:161)
	at org.junit.jupiter.api.AssertThrows.assertThrows(AssertThrows.java:53)
	at org.junit.jupiter.api.AssertThrows.assertThrows(AssertThrows.java:35)
	at org.junit.jupiter.api.Assertions.assertThrows(Assertions.java:3111)
	at com.searchflights.service.FlightServiceImplTest.importFromCSV_ShouldThrowExceptionOnUnsupportedFormat(FlightServiceImplTest.java:160)
	at java.base/jdk.internal.reflect.NativeMethodAccessorImpl.invoke0(Native Method)
	at java.base/jdk.internal.reflect.NativeMethodAccessorImpl.invoke(NativeMethodAccessorImpl.java:62)
	at java.base/jdk.internal.reflect.DelegatingMethodAccessorImpl.invoke(DelegatingMethodAccessorImpl.java:43)
	at java.base/java.lang.reflect.Method.invoke(Method.java:566)
	at org.junit.platform.commons.util.ReflectionUtils.invokeMethod(ReflectionUtils.java:728)
	at org.junit.jupiter.engine.execution.MethodInvocation.proceed(MethodInvocation.java:60)
	at org.junit.jupiter.engine.execution.InvocationInterceptorChain$ValidatingInvocation.proceed(InvocationInterceptorChain.java:131)
	at org.junit.jupiter.engine.extension.TimeoutExtension.intercept(TimeoutExtension.java:156)
	at org.junit.jupiter.engine.extension.TimeoutExtension.interceptTestableMethod(TimeoutExtension.java:147)
	at org.junit.jupiter.engine.extension.TimeoutExtension.interceptTestMethod(TimeoutExtension.java:86)
	at org.junit.jupiter.engine.execution.InterceptingExecutableInvoker$ReflectiveInterceptorCall.lambda$ofVoidMethod$0(InterceptingExecutableInvoker.java:103)
	at org.junit.jupiter.engine.execution.InterceptingExecutableInvoker.lambda$invoke$0(InterceptingExecutableInvoker.java:93)
	at org.junit.jupiter.engine.execution.InvocationInterceptorChain$InterceptedInvocation.proceed(InvocationInterceptorChain.java:106)
	at org.junit.jupiter.engine.execution.InvocationInterceptorChain.proceed(InvocationInterceptorChain.java:64)
	at org.junit.jupiter.engine.execution.InvocationInterceptorChain.chainAndInvoke(InvocationInterceptorChain.java:45)
	at org.junit.jupiter.engine.execution.InvocationInterceptorChain.invoke(InvocationInterceptorChain.java:37)
	at org.junit.jupiter.engine.execution.InterceptingExecutableInvoker.invoke(InterceptingExecutableInvoker.java:92)
	at org.junit.jupiter.engine.execution.InterceptingExecutableInvoker.invoke(InterceptingExecutableInvoker.java:86)
	at org.junit.jupiter.engine.descriptor.TestMethodTestDescriptor.lambda$invokeTestMethod$7(TestMethodTestDescriptor.java:218)
	at org.junit.platform.engine.support.hierarchical.ThrowableCollector.execute(ThrowableCollector.java:73)
	at org.junit.jupiter.engine.descriptor.TestMethodTestDescriptor.invokeTestMethod(TestMethodTestDescriptor.java:214)
	at org.junit.jupiter.engine.descriptor.TestMethodTestDescriptor.execute(TestMethodTestDescriptor.java:139)
	at org.junit.jupiter.engine.descriptor.TestMethodTestDescriptor.execute(TestMethodTestDescriptor.java:69)
	at org.junit.platform.engine.support.hierarchical.NodeTestTask.lambda$executeRecursively$6(NodeTestTask.java:151)
	at org.junit.platform.engine.support.hierarchical.ThrowableCollector.execute(ThrowableCollector.java:73)
	at org.junit.platform.engine.support.hierarchical.NodeTestTask.lambda$executeRecursively$8(NodeTestTask.java:141)
	at org.junit.platform.engine.support.hierarchical.Node.around(Node.java:137)
	at org.junit.platform.engine.support.hierarchical.NodeTestTask.lambda$executeRecursively$9(NodeTestTask.java:139)
	at org.junit.platform.engine.support.hierarchical.ThrowableCollector.execute(ThrowableCollector.java:73)
	at org.junit.platform.engine.support.hierarchical.NodeTestTask.executeRecursively(NodeTestTask.java:138)
	at org.junit.platform.engine.support.hierarchical.NodeTestTask.execute(NodeTestTask.java:95)
	at java.base/java.util.ArrayList.forEach(ArrayList.java:1541)
	at org.junit.platform.engine.support.hierarchical.SameThreadHierarchicalTestExecutorService.invokeAll(SameThreadHierarchicalTestExecutorService.java:41)
	at org.junit.platform.engine.support.hierarchical.NodeTestTask.lambda$executeRecursively$6(NodeTestTask.java:155)
	at org.junit.platform.engine.support.hierarchical.ThrowableCollector.execute(ThrowableCollector.java:73)
	at org.junit.platform.engine.support.hierarchical.NodeTestTask.lambda$executeRecursively$8(NodeTestTask.java:141)
	at org.junit.platform.engine.support.hierarchical.Node.around(Node.java:137)
	at org.junit.platform.engine.support.hierarchical.NodeTestTask.lambda$executeRecursively$9(NodeTestTask.java:139)
	at org.junit.platform.engine.support.hierarchical.ThrowableCollector.execute(ThrowableCollector.java:73)
	at org.junit.platform.engine.support.hierarchical.NodeTestTask.executeRecursively(NodeTestTask.java:138)
	at org.junit.platform.engine.support.hierarchical.NodeTestTask.execute(NodeTestTask.java:95)
	at java.base/java.util.ArrayList.forEach(ArrayList.java:1541)
	at org.junit.platform.engine.support.hierarchical.SameThreadHierarchicalTestExecutorService.invokeAll(SameThreadHierarchicalTestExecutorService.java:41)
	at org.junit.platform.engine.support.hierarchical.NodeTestTask.lambda$executeRecursively$6(NodeTestTask.java:155)
	at org.junit.platform.engine.support.hierarchical.ThrowableCollector.execute(ThrowableCollector.java:73)
	at org.junit.platform.engine.support.hierarchical.NodeTestTask.lambda$executeRecursively$8(NodeTestTask.java:141)
	at org.junit.platform.engine.support.hierarchical.Node.around(Node.java:137)
	at org.junit.platform.engine.support.hierarchical.NodeTestTask.lambda$executeRecursively$9(NodeTestTask.java:139)
	at org.junit.platform.engine.support.hierarchical.ThrowableCollector.execute(ThrowableCollector.java:73)
	at org.junit.platform.engine.support.hierarchical.NodeTestTask.executeRecursively(NodeTestTask.java:138)
	at org.junit.platform.engine.support.hierarchical.NodeTestTask.execute(NodeTestTask.java:95)
	at org.junit.platform.engine.support.hierarchical.SameThreadHierarchicalTestExecutorService.submit(SameThreadHierarchicalTestExecutorService.java:35)
	at org.junit.platform.engine.support.hierarchical.HierarchicalTestExecutor.execute(HierarchicalTestExecutor.java:57)
	at org.junit.platform.engine.support.hierarchical.HierarchicalTestEngine.execute(HierarchicalTestEngine.java:54)
	at org.junit.platform.launcher.core.EngineExecutionOrchestrator.execute(EngineExecutionOrchestrator.java:198)
	at org.junit.platform.launcher.core.EngineExecutionOrchestrator.execute(EngineExecutionOrchestrator.java:169)
	at org.junit.platform.launcher.core.EngineExecutionOrchestrator.execute(EngineExecutionOrchestrator.java:93)
	at org.junit.platform.launcher.core.EngineExecutionOrchestrator.lambda$execute$0(EngineExecutionOrchestrator.java:58)
	at org.junit.platform.launcher.core.EngineExecutionOrchestrator.withInterceptedStreams(EngineExecutionOrchestrator.java:141)
	at org.junit.platform.launcher.core.EngineExecutionOrchestrator.execute(EngineExecutionOrchestrator.java:57)
	at org.junit.platform.launcher.core.DefaultLauncher.execute(DefaultLauncher.java:103)
	at org.junit.platform.launcher.core.DefaultLauncher.execute(DefaultLauncher.java:85)
	at org.junit.platform.launcher.core.DelegatingLauncher.execute(DelegatingLauncher.java:47)
	at org.apache.maven.surefire.junitplatform.LazyLauncher.execute(LazyLauncher.java:55)
	at org.apache.maven.surefire.junitplatform.JUnitPlatformProvider.execute(JUnitPlatformProvider.java:223)
	at org.apache.maven.surefire.junitplatform.JUnitPlatformProvider.invokeAllTests(JUnitPlatformProvider.java:175)
	at org.apache.maven.surefire.junitplatform.JUnitPlatformProvider.invoke(JUnitPlatformProvider.java:139)
	at org.apache.maven.surefire.booter.ForkedBooter.runSuitesInProcess(ForkedBooter.java:456)
	at org.apache.maven.surefire.booter.ForkedBooter.execute(ForkedBooter.java:169)
	at org.apache.maven.surefire.booter.ForkedBooter.run(ForkedBooter.java:595)
	at org.apache.maven.surefire.booter.ForkedBooter.main(ForkedBooter.java:581)
2025-06-04 13:14:29 [main] INFO  c.s.service.FlightServiceImpl - Flight updated: AI101
2025-06-04 13:14:29 [main] DEBUG c.s.service.FlightServiceImpl - Fetching all flights
2025-06-04 13:14:29 [main] DEBUG c.s.service.FlightServiceImpl - Retrieving flight with number: AI101
2025-06-04 13:14:29 [main] INFO  c.s.service.FlightServiceImpl - Flight saved: AI101
2025-06-04 13:14:29 [main] DEBUG c.s.service.FlightServiceImpl - Retrieving flight with ID: 1
2025-06-04 13:14:29 [main] INFO  c.s.service.UserServiceImpl - User loaded for authentication: testuser
2025-06-04 13:14:29 [main] WARN  c.s.service.UserServiceImpl - Username is null or empty
2025-06-04 13:14:29 [main] WARN  c.s.service.UserServiceImpl - Username is null or empty
2025-06-04 13:14:29 [main] INFO  c.s.service.UserServiceImpl - User updated successfully: testuser
2025-06-04 13:14:29 [main] WARN  c.s.service.UserServiceImpl - Attempted to update null user
2025-06-04 13:14:29 [main] WARN  c.s.service.UserServiceImpl - Attempted to save null user
2025-06-04 13:14:29 [main] WARN  c.s.service.UserServiceImpl - User not found: nouser
2025-06-04 13:14:29 [main] INFO  c.s.service.UserServiceImpl - User saved successfully: testuser
2025-06-04 18:18:32 [main] DEBUG c.s.controller.UserController - Registration form opened.
2025-06-04 18:18:32 [main] INFO  c.s.controller.UserController - Attempting to register user: null
2025-06-04 18:18:32 [main] WARN  c.s.controller.UserController - Validation errors during registration for user: null
2025-06-04 18:18:32 [main] DEBUG c.s.controller.UserController - Home page accessed.
2025-06-04 18:18:32 [main] WARN  c.s.controller.UserController - Unauthorized AJAX flight search.
2025-06-04 18:18:32 [main] DEBUG com.searchflights.dao.FlightDaoImpl - Fetched all flights, count: 0
2025-06-04 18:18:33 [main] DEBUG com.searchflights.dao.FlightDaoImpl - Search completed. Parameters: com.searchflights.model.FlightSearchParameters@6fd9dbe6, Results found: 1
2025-06-04 18:18:33 [main] INFO  com.searchflights.dao.FlightDaoImpl - Deleted flight with ID: 1
2025-06-04 18:18:33 [main] WARN  com.searchflights.dao.FlightDaoImpl - Attempted to delete non-existing flight with ID: 2
2025-06-04 18:18:33 [main] DEBUG com.searchflights.dao.FlightDaoImpl - Fetched flight by number: AI101
2025-06-04 18:18:33 [main] DEBUG com.searchflights.dao.FlightDaoImpl - Fetched flight by ID: 1
2025-06-04 18:18:33 [main] INFO  com.searchflights.dao.FlightDaoImpl - Updated flight: AI102
2025-06-04 18:18:33 [main] INFO  com.searchflights.dao.FlightDaoImpl - Saved or updated flight: AI101
2025-06-04 18:18:33 [main] INFO  com.searchflights.dao.FlightDaoImpl - Called importFromCSV() - not implemented
2025-06-04 18:18:33 [main] INFO  com.searchflights.dao.FlightDaoImpl - Called importFromExcel() - not implemented
2025-06-04 18:18:33 [main] INFO  com.searchflights.dao.FlightDaoImpl - Called importFromWord() - not implemented
2025-06-04 18:18:33 [main] INFO  com.searchflights.dao.FlightDaoImpl - Called importFromXML() - not implemented
2025-06-04 18:18:33 [main] DEBUG com.searchflights.dao.UserDaoImpl - Fetched all users. Count: 1
2025-06-04 18:18:33 [main] DEBUG com.searchflights.dao.UserDaoImpl - Total user count: 1
2025-06-04 18:18:33 [main] WARN  com.searchflights.dao.UserDaoImpl - Authentication failed for username: wronguser
2025-06-04 18:18:33 [main] INFO  com.searchflights.dao.UserDaoImpl - User authenticated: testuser
2025-06-04 18:18:33 [main] INFO  com.searchflights.dao.UserDaoImpl - Updated user: testuser
2025-06-04 18:18:33 [main] DEBUG com.searchflights.dao.UserDaoImpl - User found by email: test@example.com
2025-06-04 18:18:33 [main] DEBUG com.searchflights.dao.UserDaoImpl - User found by username: testuser
2025-06-04 18:18:33 [main] INFO  com.searchflights.dao.UserDaoImpl - Saved or updated user: testuser
2025-06-04 18:18:33 [main] ERROR c.s.service.FlightServiceImpl - No file provided for import
2025-06-04 18:18:33 [main] INFO  c.s.service.FlightServiceImpl - Importing flights from file: flights.xlsx
2025-06-04 18:18:33 [main] DEBUG c.s.service.FlightServiceImpl - Saved flight: AI101
2025-06-04 18:18:33 [main] INFO  c.s.service.FlightServiceImpl - Total valid flights imported: 1
2025-06-04 18:18:33 [main] DEBUG c.s.service.FlightServiceImpl - Searching flights with parameters: com.searchflights.model.FlightSearchParameters@75bf9e67
2025-06-04 18:18:33 [main] INFO  c.s.service.FlightServiceImpl - Deleting flight with ID: 1
2025-06-04 18:18:33 [main] INFO  c.s.service.FlightServiceImpl - Flight deleted: 1
2025-06-04 18:18:33 [main] INFO  c.s.service.FlightServiceImpl - Importing flights from file: flights.txt
2025-06-04 18:18:33 [main] ERROR c.s.service.FlightServiceImpl - Unsupported file format: flights.txt
2025-06-04 18:18:33 [main] ERROR c.s.service.FlightServiceImpl - Failed to import flights: Unsupported file format: flights.txt
java.lang.IllegalArgumentException: Unsupported file format: flights.txt
	at com.searchflights.service.FlightServiceImpl.importFromCSV(FlightServiceImpl.java:97)
	at com.searchflights.service.FlightServiceImplTest.lambda$importFromCSV_ShouldThrowExceptionOnUnsupportedFormat$0(FlightServiceImplTest.java:161)
	at org.junit.jupiter.api.AssertThrows.assertThrows(AssertThrows.java:53)
	at org.junit.jupiter.api.AssertThrows.assertThrows(AssertThrows.java:35)
	at org.junit.jupiter.api.Assertions.assertThrows(Assertions.java:3111)
	at com.searchflights.service.FlightServiceImplTest.importFromCSV_ShouldThrowExceptionOnUnsupportedFormat(FlightServiceImplTest.java:160)
	at java.base/jdk.internal.reflect.NativeMethodAccessorImpl.invoke0(Native Method)
	at java.base/jdk.internal.reflect.NativeMethodAccessorImpl.invoke(NativeMethodAccessorImpl.java:62)
	at java.base/jdk.internal.reflect.DelegatingMethodAccessorImpl.invoke(DelegatingMethodAccessorImpl.java:43)
	at java.base/java.lang.reflect.Method.invoke(Method.java:566)
	at org.junit.platform.commons.util.ReflectionUtils.invokeMethod(ReflectionUtils.java:728)
	at org.junit.jupiter.engine.execution.MethodInvocation.proceed(MethodInvocation.java:60)
	at org.junit.jupiter.engine.execution.InvocationInterceptorChain$ValidatingInvocation.proceed(InvocationInterceptorChain.java:131)
	at org.junit.jupiter.engine.extension.TimeoutExtension.intercept(TimeoutExtension.java:156)
	at org.junit.jupiter.engine.extension.TimeoutExtension.interceptTestableMethod(TimeoutExtension.java:147)
	at org.junit.jupiter.engine.extension.TimeoutExtension.interceptTestMethod(TimeoutExtension.java:86)
	at org.junit.jupiter.engine.execution.InterceptingExecutableInvoker$ReflectiveInterceptorCall.lambda$ofVoidMethod$0(InterceptingExecutableInvoker.java:103)
	at org.junit.jupiter.engine.execution.InterceptingExecutableInvoker.lambda$invoke$0(InterceptingExecutableInvoker.java:93)
	at org.junit.jupiter.engine.execution.InvocationInterceptorChain$InterceptedInvocation.proceed(InvocationInterceptorChain.java:106)
	at org.junit.jupiter.engine.execution.InvocationInterceptorChain.proceed(InvocationInterceptorChain.java:64)
	at org.junit.jupiter.engine.execution.InvocationInterceptorChain.chainAndInvoke(InvocationInterceptorChain.java:45)
	at org.junit.jupiter.engine.execution.InvocationInterceptorChain.invoke(InvocationInterceptorChain.java:37)
	at org.junit.jupiter.engine.execution.InterceptingExecutableInvoker.invoke(InterceptingExecutableInvoker.java:92)
	at org.junit.jupiter.engine.execution.InterceptingExecutableInvoker.invoke(InterceptingExecutableInvoker.java:86)
	at org.junit.jupiter.engine.descriptor.TestMethodTestDescriptor.lambda$invokeTestMethod$7(TestMethodTestDescriptor.java:218)
	at org.junit.platform.engine.support.hierarchical.ThrowableCollector.execute(ThrowableCollector.java:73)
	at org.junit.jupiter.engine.descriptor.TestMethodTestDescriptor.invokeTestMethod(TestMethodTestDescriptor.java:214)
	at org.junit.jupiter.engine.descriptor.TestMethodTestDescriptor.execute(TestMethodTestDescriptor.java:139)
	at org.junit.jupiter.engine.descriptor.TestMethodTestDescriptor.execute(TestMethodTestDescriptor.java:69)
	at org.junit.platform.engine.support.hierarchical.NodeTestTask.lambda$executeRecursively$6(NodeTestTask.java:151)
	at org.junit.platform.engine.support.hierarchical.ThrowableCollector.execute(ThrowableCollector.java:73)
	at org.junit.platform.engine.support.hierarchical.NodeTestTask.lambda$executeRecursively$8(NodeTestTask.java:141)
	at org.junit.platform.engine.support.hierarchical.Node.around(Node.java:137)
	at org.junit.platform.engine.support.hierarchical.NodeTestTask.lambda$executeRecursively$9(NodeTestTask.java:139)
	at org.junit.platform.engine.support.hierarchical.ThrowableCollector.execute(ThrowableCollector.java:73)
	at org.junit.platform.engine.support.hierarchical.NodeTestTask.executeRecursively(NodeTestTask.java:138)
	at org.junit.platform.engine.support.hierarchical.NodeTestTask.execute(NodeTestTask.java:95)
	at java.base/java.util.ArrayList.forEach(ArrayList.java:1541)
	at org.junit.platform.engine.support.hierarchical.SameThreadHierarchicalTestExecutorService.invokeAll(SameThreadHierarchicalTestExecutorService.java:41)
	at org.junit.platform.engine.support.hierarchical.NodeTestTask.lambda$executeRecursively$6(NodeTestTask.java:155)
	at org.junit.platform.engine.support.hierarchical.ThrowableCollector.execute(ThrowableCollector.java:73)
	at org.junit.platform.engine.support.hierarchical.NodeTestTask.lambda$executeRecursively$8(NodeTestTask.java:141)
	at org.junit.platform.engine.support.hierarchical.Node.around(Node.java:137)
	at org.junit.platform.engine.support.hierarchical.NodeTestTask.lambda$executeRecursively$9(NodeTestTask.java:139)
	at org.junit.platform.engine.support.hierarchical.ThrowableCollector.execute(ThrowableCollector.java:73)
	at org.junit.platform.engine.support.hierarchical.NodeTestTask.executeRecursively(NodeTestTask.java:138)
	at org.junit.platform.engine.support.hierarchical.NodeTestTask.execute(NodeTestTask.java:95)
	at java.base/java.util.ArrayList.forEach(ArrayList.java:1541)
	at org.junit.platform.engine.support.hierarchical.SameThreadHierarchicalTestExecutorService.invokeAll(SameThreadHierarchicalTestExecutorService.java:41)
	at org.junit.platform.engine.support.hierarchical.NodeTestTask.lambda$executeRecursively$6(NodeTestTask.java:155)
	at org.junit.platform.engine.support.hierarchical.ThrowableCollector.execute(ThrowableCollector.java:73)
	at org.junit.platform.engine.support.hierarchical.NodeTestTask.lambda$executeRecursively$8(NodeTestTask.java:141)
	at org.junit.platform.engine.support.hierarchical.Node.around(Node.java:137)
	at org.junit.platform.engine.support.hierarchical.NodeTestTask.lambda$executeRecursively$9(NodeTestTask.java:139)
	at org.junit.platform.engine.support.hierarchical.ThrowableCollector.execute(ThrowableCollector.java:73)
	at org.junit.platform.engine.support.hierarchical.NodeTestTask.executeRecursively(NodeTestTask.java:138)
	at org.junit.platform.engine.support.hierarchical.NodeTestTask.execute(NodeTestTask.java:95)
	at org.junit.platform.engine.support.hierarchical.SameThreadHierarchicalTestExecutorService.submit(SameThreadHierarchicalTestExecutorService.java:35)
	at org.junit.platform.engine.support.hierarchical.HierarchicalTestExecutor.execute(HierarchicalTestExecutor.java:57)
	at org.junit.platform.engine.support.hierarchical.HierarchicalTestEngine.execute(HierarchicalTestEngine.java:54)
	at org.junit.platform.launcher.core.EngineExecutionOrchestrator.execute(EngineExecutionOrchestrator.java:198)
	at org.junit.platform.launcher.core.EngineExecutionOrchestrator.execute(EngineExecutionOrchestrator.java:169)
	at org.junit.platform.launcher.core.EngineExecutionOrchestrator.execute(EngineExecutionOrchestrator.java:93)
	at org.junit.platform.launcher.core.EngineExecutionOrchestrator.lambda$execute$0(EngineExecutionOrchestrator.java:58)
	at org.junit.platform.launcher.core.EngineExecutionOrchestrator.withInterceptedStreams(EngineExecutionOrchestrator.java:141)
	at org.junit.platform.launcher.core.EngineExecutionOrchestrator.execute(EngineExecutionOrchestrator.java:57)
	at org.junit.platform.launcher.core.DefaultLauncher.execute(DefaultLauncher.java:103)
	at org.junit.platform.launcher.core.DefaultLauncher.execute(DefaultLauncher.java:85)
	at org.junit.platform.launcher.core.DelegatingLauncher.execute(DelegatingLauncher.java:47)
	at org.apache.maven.surefire.junitplatform.LazyLauncher.execute(LazyLauncher.java:55)
	at org.apache.maven.surefire.junitplatform.JUnitPlatformProvider.execute(JUnitPlatformProvider.java:223)
	at org.apache.maven.surefire.junitplatform.JUnitPlatformProvider.invokeAllTests(JUnitPlatformProvider.java:175)
	at org.apache.maven.surefire.junitplatform.JUnitPlatformProvider.invoke(JUnitPlatformProvider.java:139)
	at org.apache.maven.surefire.booter.ForkedBooter.runSuitesInProcess(ForkedBooter.java:456)
	at org.apache.maven.surefire.booter.ForkedBooter.execute(ForkedBooter.java:169)
	at org.apache.maven.surefire.booter.ForkedBooter.run(ForkedBooter.java:595)
	at org.apache.maven.surefire.booter.ForkedBooter.main(ForkedBooter.java:581)
2025-06-04 18:18:33 [main] INFO  c.s.service.FlightServiceImpl - Flight updated: AI101
2025-06-04 18:18:33 [main] DEBUG c.s.service.FlightServiceImpl - Fetching all flights
2025-06-04 18:18:33 [main] DEBUG c.s.service.FlightServiceImpl - Retrieving flight with number: AI101
2025-06-04 18:18:33 [main] INFO  c.s.service.FlightServiceImpl - Flight saved: AI101
2025-06-04 18:18:33 [main] DEBUG c.s.service.FlightServiceImpl - Retrieving flight with ID: 1
2025-06-04 18:18:33 [main] INFO  c.s.service.UserServiceImpl - User loaded for authentication: testuser
2025-06-04 18:18:33 [main] WARN  c.s.service.UserServiceImpl - Username is null or empty
2025-06-04 18:18:33 [main] WARN  c.s.service.UserServiceImpl - Username is null or empty
2025-06-04 18:18:33 [main] INFO  c.s.service.UserServiceImpl - User updated successfully: testuser
2025-06-04 18:18:33 [main] WARN  c.s.service.UserServiceImpl - Attempted to update null user
2025-06-04 18:18:33 [main] WARN  c.s.service.UserServiceImpl - Attempted to save null user
2025-06-04 18:18:33 [main] WARN  c.s.service.UserServiceImpl - User not found: nouser
2025-06-04 18:18:33 [main] INFO  c.s.service.UserServiceImpl - User saved successfully: testuser
2025-06-04 18:31:23 [main] DEBUG c.s.controller.UserController - Registration form opened.
2025-06-04 18:31:23 [main] INFO  c.s.controller.UserController - Attempting to register user: null
2025-06-04 18:31:23 [main] WARN  c.s.controller.UserController - Validation errors during registration for user: null
2025-06-04 18:31:23 [main] DEBUG c.s.controller.UserController - Home page accessed.
2025-06-04 18:31:23 [main] WARN  c.s.controller.UserController - Unauthorized AJAX flight search.
2025-06-04 18:31:23 [main] DEBUG com.searchflights.dao.FlightDaoImpl - Fetched all flights, count: 0
2025-06-04 18:31:23 [main] DEBUG com.searchflights.dao.FlightDaoImpl - Search completed. Parameters: com.searchflights.model.FlightSearchParameters@5abbb273, Results found: 1
2025-06-04 18:31:23 [main] INFO  com.searchflights.dao.FlightDaoImpl - Deleted flight with ID: 1
2025-06-04 18:31:23 [main] WARN  com.searchflights.dao.FlightDaoImpl - Attempted to delete non-existing flight with ID: 2
2025-06-04 18:31:23 [main] DEBUG com.searchflights.dao.FlightDaoImpl - Fetched flight by number: AI101
2025-06-04 18:31:23 [main] DEBUG com.searchflights.dao.FlightDaoImpl - Fetched flight by ID: 1
2025-06-04 18:31:23 [main] INFO  com.searchflights.dao.FlightDaoImpl - Updated flight: AI102
2025-06-04 18:31:23 [main] INFO  com.searchflights.dao.FlightDaoImpl - Saved or updated flight: AI101
2025-06-04 18:31:24 [main] INFO  com.searchflights.dao.FlightDaoImpl - Called importFromCSV() - not implemented
2025-06-04 18:31:24 [main] INFO  com.searchflights.dao.FlightDaoImpl - Called importFromExcel() - not implemented
2025-06-04 18:31:24 [main] INFO  com.searchflights.dao.FlightDaoImpl - Called importFromWord() - not implemented
2025-06-04 18:31:24 [main] INFO  com.searchflights.dao.FlightDaoImpl - Called importFromXML() - not implemented
2025-06-04 18:31:24 [main] DEBUG com.searchflights.dao.UserDaoImpl - Fetched all users. Count: 1
2025-06-04 18:31:24 [main] DEBUG com.searchflights.dao.UserDaoImpl - Total user count: 1
2025-06-04 18:31:24 [main] WARN  com.searchflights.dao.UserDaoImpl - Authentication failed for username: wronguser
2025-06-04 18:31:24 [main] INFO  com.searchflights.dao.UserDaoImpl - User authenticated: testuser
2025-06-04 18:31:24 [main] INFO  com.searchflights.dao.UserDaoImpl - Updated user: testuser
2025-06-04 18:31:24 [main] DEBUG com.searchflights.dao.UserDaoImpl - User found by email: test@example.com
2025-06-04 18:31:24 [main] DEBUG com.searchflights.dao.UserDaoImpl - User found by username: testuser
2025-06-04 18:31:24 [main] INFO  com.searchflights.dao.UserDaoImpl - Saved or updated user: testuser
2025-06-04 18:31:24 [main] ERROR c.s.service.FlightServiceImpl - No file provided for import
2025-06-04 18:31:24 [main] INFO  c.s.service.FlightServiceImpl - Importing flights from file: flights.xlsx
2025-06-04 18:31:24 [main] DEBUG c.s.service.FlightServiceImpl - Saved flight: AI101
2025-06-04 18:31:24 [main] INFO  c.s.service.FlightServiceImpl - Total valid flights imported: 1
2025-06-04 18:31:24 [main] DEBUG c.s.service.FlightServiceImpl - Searching flights with parameters: com.searchflights.model.FlightSearchParameters@adc8683
2025-06-04 18:31:24 [main] INFO  c.s.service.FlightServiceImpl - Deleting flight with ID: 1
2025-06-04 18:31:24 [main] INFO  c.s.service.FlightServiceImpl - Flight deleted: 1
2025-06-04 18:31:24 [main] INFO  c.s.service.FlightServiceImpl - Importing flights from file: flights.docx
2025-06-04 18:31:24 [main] DEBUG c.s.service.FlightServiceImpl - Saved flight: AI101
2025-06-04 18:31:24 [main] INFO  c.s.service.FlightServiceImpl - Total valid flights imported: 1
2025-06-04 18:31:24 [main] INFO  c.s.service.FlightServiceImpl - Importing flights from file: flights.txt
2025-06-04 18:31:24 [main] ERROR c.s.service.FlightServiceImpl - Unsupported file format: flights.txt
2025-06-04 18:31:24 [main] ERROR c.s.service.FlightServiceImpl - Failed to import flights: Unsupported file format: flights.txt
java.lang.IllegalArgumentException: Unsupported file format: flights.txt
	at com.searchflights.service.FlightServiceImpl.importFromCSV(FlightServiceImpl.java:97)
	at com.searchflights.service.FlightServiceImplTest.lambda$importFromCSV_ShouldThrowExceptionOnUnsupportedFormat$8(FlightServiceImplTest.java:170)
	at org.junit.jupiter.api.AssertThrows.assertThrows(AssertThrows.java:53)
	at org.junit.jupiter.api.AssertThrows.assertThrows(AssertThrows.java:35)
	at org.junit.jupiter.api.Assertions.assertThrows(Assertions.java:3111)
	at com.searchflights.service.FlightServiceImplTest.importFromCSV_ShouldThrowExceptionOnUnsupportedFormat(FlightServiceImplTest.java:169)
	at java.base/jdk.internal.reflect.NativeMethodAccessorImpl.invoke0(Native Method)
	at java.base/jdk.internal.reflect.NativeMethodAccessorImpl.invoke(NativeMethodAccessorImpl.java:62)
	at java.base/jdk.internal.reflect.DelegatingMethodAccessorImpl.invoke(DelegatingMethodAccessorImpl.java:43)
	at java.base/java.lang.reflect.Method.invoke(Method.java:566)
	at org.junit.platform.commons.util.ReflectionUtils.invokeMethod(ReflectionUtils.java:728)
	at org.junit.jupiter.engine.execution.MethodInvocation.proceed(MethodInvocation.java:60)
	at org.junit.jupiter.engine.execution.InvocationInterceptorChain$ValidatingInvocation.proceed(InvocationInterceptorChain.java:131)
	at org.junit.jupiter.engine.extension.TimeoutExtension.intercept(TimeoutExtension.java:156)
	at org.junit.jupiter.engine.extension.TimeoutExtension.interceptTestableMethod(TimeoutExtension.java:147)
	at org.junit.jupiter.engine.extension.TimeoutExtension.interceptTestMethod(TimeoutExtension.java:86)
	at org.junit.jupiter.engine.execution.InterceptingExecutableInvoker$ReflectiveInterceptorCall.lambda$ofVoidMethod$0(InterceptingExecutableInvoker.java:103)
	at org.junit.jupiter.engine.execution.InterceptingExecutableInvoker.lambda$invoke$0(InterceptingExecutableInvoker.java:93)
	at org.junit.jupiter.engine.execution.InvocationInterceptorChain$InterceptedInvocation.proceed(InvocationInterceptorChain.java:106)
	at org.junit.jupiter.engine.execution.InvocationInterceptorChain.proceed(InvocationInterceptorChain.java:64)
	at org.junit.jupiter.engine.execution.InvocationInterceptorChain.chainAndInvoke(InvocationInterceptorChain.java:45)
	at org.junit.jupiter.engine.execution.InvocationInterceptorChain.invoke(InvocationInterceptorChain.java:37)
	at org.junit.jupiter.engine.execution.InterceptingExecutableInvoker.invoke(InterceptingExecutableInvoker.java:92)
	at org.junit.jupiter.engine.execution.InterceptingExecutableInvoker.invoke(InterceptingExecutableInvoker.java:86)
	at org.junit.jupiter.engine.descriptor.TestMethodTestDescriptor.lambda$invokeTestMethod$7(TestMethodTestDescriptor.java:218)
	at org.junit.platform.engine.support.hierarchical.ThrowableCollector.execute(ThrowableCollector.java:73)
	at org.junit.jupiter.engine.descriptor.TestMethodTestDescriptor.invokeTestMethod(TestMethodTestDescriptor.java:214)
	at org.junit.jupiter.engine.descriptor.TestMethodTestDescriptor.execute(TestMethodTestDescriptor.java:139)
	at org.junit.jupiter.engine.descriptor.TestMethodTestDescriptor.execute(TestMethodTestDescriptor.java:69)
	at org.junit.platform.engine.support.hierarchical.NodeTestTask.lambda$executeRecursively$6(NodeTestTask.java:151)
	at org.junit.platform.engine.support.hierarchical.ThrowableCollector.execute(ThrowableCollector.java:73)
	at org.junit.platform.engine.support.hierarchical.NodeTestTask.lambda$executeRecursively$8(NodeTestTask.java:141)
	at org.junit.platform.engine.support.hierarchical.Node.around(Node.java:137)
	at org.junit.platform.engine.support.hierarchical.NodeTestTask.lambda$executeRecursively$9(NodeTestTask.java:139)
	at org.junit.platform.engine.support.hierarchical.ThrowableCollector.execute(ThrowableCollector.java:73)
	at org.junit.platform.engine.support.hierarchical.NodeTestTask.executeRecursively(NodeTestTask.java:138)
	at org.junit.platform.engine.support.hierarchical.NodeTestTask.execute(NodeTestTask.java:95)
	at java.base/java.util.ArrayList.forEach(ArrayList.java:1541)
	at org.junit.platform.engine.support.hierarchical.SameThreadHierarchicalTestExecutorService.invokeAll(SameThreadHierarchicalTestExecutorService.java:41)
	at org.junit.platform.engine.support.hierarchical.NodeTestTask.lambda$executeRecursively$6(NodeTestTask.java:155)
	at org.junit.platform.engine.support.hierarchical.ThrowableCollector.execute(ThrowableCollector.java:73)
	at org.junit.platform.engine.support.hierarchical.NodeTestTask.lambda$executeRecursively$8(NodeTestTask.java:141)
	at org.junit.platform.engine.support.hierarchical.Node.around(Node.java:137)
	at org.junit.platform.engine.support.hierarchical.NodeTestTask.lambda$executeRecursively$9(NodeTestTask.java:139)
	at org.junit.platform.engine.support.hierarchical.ThrowableCollector.execute(ThrowableCollector.java:73)
	at org.junit.platform.engine.support.hierarchical.NodeTestTask.executeRecursively(NodeTestTask.java:138)
	at org.junit.platform.engine.support.hierarchical.NodeTestTask.execute(NodeTestTask.java:95)
	at java.base/java.util.ArrayList.forEach(ArrayList.java:1541)
	at org.junit.platform.engine.support.hierarchical.SameThreadHierarchicalTestExecutorService.invokeAll(SameThreadHierarchicalTestExecutorService.java:41)
	at org.junit.platform.engine.support.hierarchical.NodeTestTask.lambda$executeRecursively$6(NodeTestTask.java:155)
	at org.junit.platform.engine.support.hierarchical.ThrowableCollector.execute(ThrowableCollector.java:73)
	at org.junit.platform.engine.support.hierarchical.NodeTestTask.lambda$executeRecursively$8(NodeTestTask.java:141)
	at org.junit.platform.engine.support.hierarchical.Node.around(Node.java:137)
	at org.junit.platform.engine.support.hierarchical.NodeTestTask.lambda$executeRecursively$9(NodeTestTask.java:139)
	at org.junit.platform.engine.support.hierarchical.ThrowableCollector.execute(ThrowableCollector.java:73)
	at org.junit.platform.engine.support.hierarchical.NodeTestTask.executeRecursively(NodeTestTask.java:138)
	at org.junit.platform.engine.support.hierarchical.NodeTestTask.execute(NodeTestTask.java:95)
	at org.junit.platform.engine.support.hierarchical.SameThreadHierarchicalTestExecutorService.submit(SameThreadHierarchicalTestExecutorService.java:35)
	at org.junit.platform.engine.support.hierarchical.HierarchicalTestExecutor.execute(HierarchicalTestExecutor.java:57)
	at org.junit.platform.engine.support.hierarchical.HierarchicalTestEngine.execute(HierarchicalTestEngine.java:54)
	at org.junit.platform.launcher.core.EngineExecutionOrchestrator.execute(EngineExecutionOrchestrator.java:198)
	at org.junit.platform.launcher.core.EngineExecutionOrchestrator.execute(EngineExecutionOrchestrator.java:169)
	at org.junit.platform.launcher.core.EngineExecutionOrchestrator.execute(EngineExecutionOrchestrator.java:93)
	at org.junit.platform.launcher.core.EngineExecutionOrchestrator.lambda$execute$0(EngineExecutionOrchestrator.java:58)
	at org.junit.platform.launcher.core.EngineExecutionOrchestrator.withInterceptedStreams(EngineExecutionOrchestrator.java:141)
	at org.junit.platform.launcher.core.EngineExecutionOrchestrator.execute(EngineExecutionOrchestrator.java:57)
	at org.junit.platform.launcher.core.DefaultLauncher.execute(DefaultLauncher.java:103)
	at org.junit.platform.launcher.core.DefaultLauncher.execute(DefaultLauncher.java:85)
	at org.junit.platform.launcher.core.DelegatingLauncher.execute(DelegatingLauncher.java:47)
	at org.apache.maven.surefire.junitplatform.LazyLauncher.execute(LazyLauncher.java:55)
	at org.apache.maven.surefire.junitplatform.JUnitPlatformProvider.execute(JUnitPlatformProvider.java:223)
	at org.apache.maven.surefire.junitplatform.JUnitPlatformProvider.invokeAllTests(JUnitPlatformProvider.java:175)
	at org.apache.maven.surefire.junitplatform.JUnitPlatformProvider.invoke(JUnitPlatformProvider.java:139)
	at org.apache.maven.surefire.booter.ForkedBooter.runSuitesInProcess(ForkedBooter.java:456)
	at org.apache.maven.surefire.booter.ForkedBooter.execute(ForkedBooter.java:169)
	at org.apache.maven.surefire.booter.ForkedBooter.run(ForkedBooter.java:595)
	at org.apache.maven.surefire.booter.ForkedBooter.main(ForkedBooter.java:581)
2025-06-04 18:31:24 [main] INFO  c.s.service.FlightServiceImpl - Flight updated: AI101
2025-06-04 18:31:24 [main] INFO  c.s.service.FlightServiceImpl - Importing flights from file: flights.csv
2025-06-04 18:31:24 [main] DEBUG c.s.service.FlightServiceImpl - Saved flight: AI101
2025-06-04 18:31:24 [main] INFO  c.s.service.FlightServiceImpl - Total valid flights imported: 1
2025-06-04 18:31:24 [main] DEBUG c.s.service.FlightServiceImpl - Fetching all flights
2025-06-04 18:31:24 [main] INFO  c.s.service.FlightServiceImpl - Importing flights from file: flights.xml
2025-06-04 18:31:24 [main] DEBUG c.s.service.FlightServiceImpl - Saved flight: AI101
2025-06-04 18:31:24 [main] INFO  c.s.service.FlightServiceImpl - Total valid flights imported: 1
2025-06-04 18:31:24 [main] DEBUG c.s.service.FlightServiceImpl - Retrieving flight with number: AI101
2025-06-04 18:31:24 [main] INFO  c.s.service.FlightServiceImpl - Flight saved: AI101
2025-06-04 18:31:24 [main] DEBUG c.s.service.FlightServiceImpl - Retrieving flight with ID: 1
2025-06-04 18:31:24 [main] INFO  c.s.service.UserServiceImpl - User loaded for authentication: testuser
2025-06-04 18:31:24 [main] WARN  c.s.service.UserServiceImpl - Username is null or empty
2025-06-04 18:31:24 [main] WARN  c.s.service.UserServiceImpl - Username is null or empty
2025-06-04 18:31:24 [main] INFO  c.s.service.UserServiceImpl - User updated successfully: testuser
2025-06-04 18:31:24 [main] WARN  c.s.service.UserServiceImpl - Attempted to update null user
2025-06-04 18:31:24 [main] WARN  c.s.service.UserServiceImpl - Attempted to save null user
2025-06-04 18:31:24 [main] WARN  c.s.service.UserServiceImpl - User not found: nouser
2025-06-04 18:31:24 [main] INFO  c.s.service.UserServiceImpl - User saved successfully: testuser
2025-06-04 18:32:56 [main] DEBUG com.searchflights.dao.FlightDaoImpl - Fetched all flights, count: 0
2025-06-04 18:32:56 [main] DEBUG com.searchflights.dao.FlightDaoImpl - Search completed. Parameters: com.searchflights.model.FlightSearchParameters@162c1dfb, Results found: 1
2025-06-04 18:32:56 [main] INFO  com.searchflights.dao.FlightDaoImpl - Deleted flight with ID: 1
2025-06-04 18:32:56 [main] WARN  com.searchflights.dao.FlightDaoImpl - Attempted to delete non-existing flight with ID: 2
2025-06-04 18:32:56 [main] DEBUG com.searchflights.dao.FlightDaoImpl - Fetched flight by number: AI101
2025-06-04 18:32:56 [main] DEBUG com.searchflights.dao.FlightDaoImpl - Fetched flight by ID: 1
2025-06-04 18:32:56 [main] INFO  com.searchflights.dao.FlightDaoImpl - Updated flight: AI102
2025-06-04 18:32:56 [main] INFO  com.searchflights.dao.FlightDaoImpl - Saved or updated flight: AI101
2025-06-04 18:32:56 [main] INFO  com.searchflights.dao.FlightDaoImpl - Called importFromCSV() - not implemented
2025-06-04 18:32:56 [main] INFO  com.searchflights.dao.FlightDaoImpl - Called importFromExcel() - not implemented
2025-06-04 18:32:56 [main] INFO  com.searchflights.dao.FlightDaoImpl - Called importFromWord() - not implemented
2025-06-04 18:32:56 [main] INFO  com.searchflights.dao.FlightDaoImpl - Called importFromXML() - not implemented
2025-06-04 18:33:10 [main] DEBUG com.searchflights.dao.UserDaoImpl - Fetched all users. Count: 1
2025-06-04 18:33:10 [main] DEBUG com.searchflights.dao.UserDaoImpl - Total user count: 1
2025-06-04 18:33:10 [main] WARN  com.searchflights.dao.UserDaoImpl - Authentication failed for username: wronguser
2025-06-04 18:33:10 [main] INFO  com.searchflights.dao.UserDaoImpl - User authenticated: testuser
2025-06-04 18:33:10 [main] INFO  com.searchflights.dao.UserDaoImpl - Updated user: testuser
2025-06-04 18:33:10 [main] DEBUG com.searchflights.dao.UserDaoImpl - User found by email: test@example.com
2025-06-04 18:33:10 [main] DEBUG com.searchflights.dao.UserDaoImpl - User found by username: testuser
2025-06-04 18:33:10 [main] INFO  com.searchflights.dao.UserDaoImpl - Saved or updated user: testuser
2025-06-04 18:33:23 [main] ERROR c.s.service.FlightServiceImpl - No file provided for import
2025-06-04 18:33:23 [main] INFO  c.s.service.FlightServiceImpl - Importing flights from file: flights.xlsx
2025-06-04 18:33:23 [main] DEBUG c.s.service.FlightServiceImpl - Saved flight: AI101
2025-06-04 18:33:23 [main] INFO  c.s.service.FlightServiceImpl - Total valid flights imported: 1
2025-06-04 18:33:23 [main] DEBUG c.s.service.FlightServiceImpl - Searching flights with parameters: com.searchflights.model.FlightSearchParameters@1846579f
2025-06-04 18:33:23 [main] INFO  c.s.service.FlightServiceImpl - Deleting flight with ID: 1
2025-06-04 18:33:23 [main] INFO  c.s.service.FlightServiceImpl - Flight deleted: 1
2025-06-04 18:33:23 [main] INFO  c.s.service.FlightServiceImpl - Importing flights from file: flights.docx
2025-06-04 18:33:23 [main] DEBUG c.s.service.FlightServiceImpl - Saved flight: AI101
2025-06-04 18:33:23 [main] INFO  c.s.service.FlightServiceImpl - Total valid flights imported: 1
2025-06-04 18:33:23 [main] INFO  c.s.service.FlightServiceImpl - Importing flights from file: flights.txt
2025-06-04 18:33:23 [main] ERROR c.s.service.FlightServiceImpl - Unsupported file format: flights.txt
2025-06-04 18:33:23 [main] ERROR c.s.service.FlightServiceImpl - Failed to import flights: Unsupported file format: flights.txt
java.lang.IllegalArgumentException: Unsupported file format: flights.txt
	at com.searchflights.service.FlightServiceImpl.importFromCSV(FlightServiceImpl.java:97)
	at com.searchflights.service.FlightServiceImplTest.lambda$importFromCSV_ShouldThrowExceptionOnUnsupportedFormat$8(FlightServiceImplTest.java:170)
	at org.junit.jupiter.api.AssertThrows.assertThrows(AssertThrows.java:53)
	at org.junit.jupiter.api.AssertThrows.assertThrows(AssertThrows.java:35)
	at org.junit.jupiter.api.Assertions.assertThrows(Assertions.java:3128)
	at com.searchflights.service.FlightServiceImplTest.importFromCSV_ShouldThrowExceptionOnUnsupportedFormat(FlightServiceImplTest.java:169)
	at java.base/jdk.internal.reflect.NativeMethodAccessorImpl.invoke0(Native Method)
	at java.base/jdk.internal.reflect.NativeMethodAccessorImpl.invoke(NativeMethodAccessorImpl.java:62)
	at java.base/jdk.internal.reflect.DelegatingMethodAccessorImpl.invoke(DelegatingMethodAccessorImpl.java:43)
	at java.base/java.lang.reflect.Method.invoke(Method.java:566)
	at org.junit.platform.commons.util.ReflectionUtils.invokeMethod(ReflectionUtils.java:767)
	at org.junit.jupiter.engine.execution.MethodInvocation.proceed(MethodInvocation.java:60)
	at org.junit.jupiter.engine.execution.InvocationInterceptorChain$ValidatingInvocation.proceed(InvocationInterceptorChain.java:131)
	at org.junit.jupiter.engine.extension.TimeoutExtension.intercept(TimeoutExtension.java:156)
	at org.junit.jupiter.engine.extension.TimeoutExtension.interceptTestableMethod(TimeoutExtension.java:147)
	at org.junit.jupiter.engine.extension.TimeoutExtension.interceptTestMethod(TimeoutExtension.java:86)
	at org.junit.jupiter.engine.execution.InterceptingExecutableInvoker$ReflectiveInterceptorCall.lambda$ofVoidMethod$0(InterceptingExecutableInvoker.java:103)
	at org.junit.jupiter.engine.execution.InterceptingExecutableInvoker.lambda$invoke$0(InterceptingExecutableInvoker.java:93)
	at org.junit.jupiter.engine.execution.InvocationInterceptorChain$InterceptedInvocation.proceed(InvocationInterceptorChain.java:106)
	at org.junit.jupiter.engine.execution.InvocationInterceptorChain.proceed(InvocationInterceptorChain.java:64)
	at org.junit.jupiter.engine.execution.InvocationInterceptorChain.chainAndInvoke(InvocationInterceptorChain.java:45)
	at org.junit.jupiter.engine.execution.InvocationInterceptorChain.invoke(InvocationInterceptorChain.java:37)
	at org.junit.jupiter.engine.execution.InterceptingExecutableInvoker.invoke(InterceptingExecutableInvoker.java:92)
	at org.junit.jupiter.engine.execution.InterceptingExecutableInvoker.invoke(InterceptingExecutableInvoker.java:86)
	at org.junit.jupiter.engine.descriptor.TestMethodTestDescriptor.lambda$invokeTestMethod$8(TestMethodTestDescriptor.java:217)
	at org.junit.platform.engine.support.hierarchical.ThrowableCollector.execute(ThrowableCollector.java:73)
	at org.junit.jupiter.engine.descriptor.TestMethodTestDescriptor.invokeTestMethod(TestMethodTestDescriptor.java:213)
	at org.junit.jupiter.engine.descriptor.TestMethodTestDescriptor.execute(TestMethodTestDescriptor.java:138)
	at org.junit.jupiter.engine.descriptor.TestMethodTestDescriptor.execute(TestMethodTestDescriptor.java:68)
	at org.junit.platform.engine.support.hierarchical.NodeTestTask.lambda$executeRecursively$6(NodeTestTask.java:156)
	at org.junit.platform.engine.support.hierarchical.ThrowableCollector.execute(ThrowableCollector.java:73)
	at org.junit.platform.engine.support.hierarchical.NodeTestTask.lambda$executeRecursively$8(NodeTestTask.java:146)
	at org.junit.platform.engine.support.hierarchical.Node.around(Node.java:137)
	at org.junit.platform.engine.support.hierarchical.NodeTestTask.lambda$executeRecursively$9(NodeTestTask.java:144)
	at org.junit.platform.engine.support.hierarchical.ThrowableCollector.execute(ThrowableCollector.java:73)
	at org.junit.platform.engine.support.hierarchical.NodeTestTask.executeRecursively(NodeTestTask.java:143)
	at org.junit.platform.engine.support.hierarchical.NodeTestTask.execute(NodeTestTask.java:100)
	at java.base/java.util.ArrayList.forEach(ArrayList.java:1541)
	at org.junit.platform.engine.support.hierarchical.SameThreadHierarchicalTestExecutorService.invokeAll(SameThreadHierarchicalTestExecutorService.java:41)
	at org.junit.platform.engine.support.hierarchical.NodeTestTask.lambda$executeRecursively$6(NodeTestTask.java:160)
	at org.junit.platform.engine.support.hierarchical.ThrowableCollector.execute(ThrowableCollector.java:73)
	at org.junit.platform.engine.support.hierarchical.NodeTestTask.lambda$executeRecursively$8(NodeTestTask.java:146)
	at org.junit.platform.engine.support.hierarchical.Node.around(Node.java:137)
	at org.junit.platform.engine.support.hierarchical.NodeTestTask.lambda$executeRecursively$9(NodeTestTask.java:144)
	at org.junit.platform.engine.support.hierarchical.ThrowableCollector.execute(ThrowableCollector.java:73)
	at org.junit.platform.engine.support.hierarchical.NodeTestTask.executeRecursively(NodeTestTask.java:143)
	at org.junit.platform.engine.support.hierarchical.NodeTestTask.execute(NodeTestTask.java:100)
	at java.base/java.util.ArrayList.forEach(ArrayList.java:1541)
	at org.junit.platform.engine.support.hierarchical.SameThreadHierarchicalTestExecutorService.invokeAll(SameThreadHierarchicalTestExecutorService.java:41)
	at org.junit.platform.engine.support.hierarchical.NodeTestTask.lambda$executeRecursively$6(NodeTestTask.java:160)
	at org.junit.platform.engine.support.hierarchical.ThrowableCollector.execute(ThrowableCollector.java:73)
	at org.junit.platform.engine.support.hierarchical.NodeTestTask.lambda$executeRecursively$8(NodeTestTask.java:146)
	at org.junit.platform.engine.support.hierarchical.Node.around(Node.java:137)
	at org.junit.platform.engine.support.hierarchical.NodeTestTask.lambda$executeRecursively$9(NodeTestTask.java:144)
	at org.junit.platform.engine.support.hierarchical.ThrowableCollector.execute(ThrowableCollector.java:73)
	at org.junit.platform.engine.support.hierarchical.NodeTestTask.executeRecursively(NodeTestTask.java:143)
	at org.junit.platform.engine.support.hierarchical.NodeTestTask.execute(NodeTestTask.java:100)
	at org.junit.platform.engine.support.hierarchical.SameThreadHierarchicalTestExecutorService.submit(SameThreadHierarchicalTestExecutorService.java:35)
	at org.junit.platform.engine.support.hierarchical.HierarchicalTestExecutor.execute(HierarchicalTestExecutor.java:57)
	at org.junit.platform.engine.support.hierarchical.HierarchicalTestEngine.execute(HierarchicalTestEngine.java:54)
	at org.junit.platform.launcher.core.EngineExecutionOrchestrator.execute(EngineExecutionOrchestrator.java:198)
	at org.junit.platform.launcher.core.EngineExecutionOrchestrator.execute(EngineExecutionOrchestrator.java:169)
	at org.junit.platform.launcher.core.EngineExecutionOrchestrator.execute(EngineExecutionOrchestrator.java:93)
	at org.junit.platform.launcher.core.EngineExecutionOrchestrator.lambda$execute$0(EngineExecutionOrchestrator.java:58)
	at org.junit.platform.launcher.core.EngineExecutionOrchestrator.withInterceptedStreams(EngineExecutionOrchestrator.java:141)
	at org.junit.platform.launcher.core.EngineExecutionOrchestrator.execute(EngineExecutionOrchestrator.java:57)
	at org.junit.platform.launcher.core.DefaultLauncher.execute(DefaultLauncher.java:103)
	at org.junit.platform.launcher.core.DefaultLauncher.execute(DefaultLauncher.java:94)
	at org.junit.platform.launcher.core.DelegatingLauncher.execute(DelegatingLauncher.java:52)
	at org.junit.platform.launcher.core.SessionPerRequestLauncher.execute(SessionPerRequestLauncher.java:70)
	at org.eclipse.jdt.internal.junit5.runner.JUnit5TestReference.run(JUnit5TestReference.java:100)
	at org.eclipse.jdt.internal.junit.runner.TestExecution.run(TestExecution.java:40)
	at org.eclipse.jdt.internal.junit.runner.RemoteTestRunner.runTests(RemoteTestRunner.java:520)
	at org.eclipse.jdt.internal.junit.runner.RemoteTestRunner.runTests(RemoteTestRunner.java:748)
	at org.eclipse.jdt.internal.junit.runner.RemoteTestRunner.run(RemoteTestRunner.java:443)
	at org.eclipse.jdt.internal.junit.runner.RemoteTestRunner.main(RemoteTestRunner.java:211)
2025-06-04 18:33:23 [main] INFO  c.s.service.FlightServiceImpl - Flight updated: AI101
2025-06-04 18:33:23 [main] INFO  c.s.service.FlightServiceImpl - Importing flights from file: flights.csv
2025-06-04 18:33:23 [main] DEBUG c.s.service.FlightServiceImpl - Saved flight: AI101
2025-06-04 18:33:23 [main] INFO  c.s.service.FlightServiceImpl - Total valid flights imported: 1
2025-06-04 18:33:23 [main] DEBUG c.s.service.FlightServiceImpl - Fetching all flights
2025-06-04 18:33:23 [main] INFO  c.s.service.FlightServiceImpl - Importing flights from file: flights.xml
2025-06-04 18:33:23 [main] DEBUG c.s.service.FlightServiceImpl - Saved flight: AI101
2025-06-04 18:33:23 [main] INFO  c.s.service.FlightServiceImpl - Total valid flights imported: 1
2025-06-04 18:33:23 [main] DEBUG c.s.service.FlightServiceImpl - Retrieving flight with number: AI101
2025-06-04 18:33:23 [main] INFO  c.s.service.FlightServiceImpl - Flight saved: AI101
2025-06-04 18:33:23 [main] DEBUG c.s.service.FlightServiceImpl - Retrieving flight with ID: 1
2025-06-04 18:33:39 [main] INFO  c.s.service.UserServiceImpl - User loaded for authentication: testuser
2025-06-04 18:33:39 [main] WARN  c.s.service.UserServiceImpl - Username is null or empty
2025-06-04 18:33:39 [main] WARN  c.s.service.UserServiceImpl - Username is null or empty
2025-06-04 18:33:39 [main] INFO  c.s.service.UserServiceImpl - User updated successfully: testuser
2025-06-04 18:33:39 [main] WARN  c.s.service.UserServiceImpl - Attempted to update null user
2025-06-04 18:33:39 [main] WARN  c.s.service.UserServiceImpl - Attempted to save null user
2025-06-04 18:33:39 [main] WARN  c.s.service.UserServiceImpl - User not found: nouser
2025-06-04 18:33:39 [main] INFO  c.s.service.UserServiceImpl - User saved successfully: testuser
2025-06-04 18:42:02 [main] DEBUG c.s.controller.UserController - Registration form opened.
2025-06-04 18:42:02 [main] INFO  c.s.controller.UserController - Attempting to register user: null
2025-06-04 18:42:02 [main] WARN  c.s.controller.UserController - Validation errors during registration for user: null
2025-06-04 18:42:02 [main] DEBUG c.s.controller.UserController - Home page accessed.
2025-06-04 18:42:02 [main] WARN  c.s.controller.UserController - Unauthorized AJAX flight search.
2025-06-04 18:42:02 [main] DEBUG com.searchflights.dao.FlightDaoImpl - Fetched all flights, count: 0
2025-06-04 18:42:02 [main] DEBUG com.searchflights.dao.FlightDaoImpl - Search completed. Parameters: com.searchflights.model.FlightSearchParameters@d25e878, Results found: 1
2025-06-04 18:42:02 [main] INFO  com.searchflights.dao.FlightDaoImpl - Deleted flight with ID: 1
2025-06-04 18:42:02 [main] WARN  com.searchflights.dao.FlightDaoImpl - Attempted to delete non-existing flight with ID: 2
2025-06-04 18:42:02 [main] DEBUG com.searchflights.dao.FlightDaoImpl - Fetched flight by number: AI101
2025-06-04 18:42:02 [main] DEBUG com.searchflights.dao.FlightDaoImpl - Fetched flight by ID: 1
2025-06-04 18:42:02 [main] INFO  com.searchflights.dao.FlightDaoImpl - Updated flight: AI102
2025-06-04 18:42:02 [main] INFO  com.searchflights.dao.FlightDaoImpl - Saved or updated flight: AI101
2025-06-04 18:42:03 [main] INFO  com.searchflights.dao.FlightDaoImpl - Called importFromCSV() - not implemented
2025-06-04 18:42:03 [main] INFO  com.searchflights.dao.FlightDaoImpl - Called importFromExcel() - not implemented
2025-06-04 18:42:03 [main] INFO  com.searchflights.dao.FlightDaoImpl - Called importFromWord() - not implemented
2025-06-04 18:42:03 [main] INFO  com.searchflights.dao.FlightDaoImpl - Called importFromXML() - not implemented
2025-06-04 18:42:03 [main] DEBUG com.searchflights.dao.UserDaoImpl - Fetched all users. Count: 1
2025-06-04 18:42:03 [main] DEBUG com.searchflights.dao.UserDaoImpl - Total user count: 1
2025-06-04 18:42:03 [main] WARN  com.searchflights.dao.UserDaoImpl - Authentication failed for username: wronguser
2025-06-04 18:42:03 [main] INFO  com.searchflights.dao.UserDaoImpl - User authenticated: testuser
2025-06-04 18:42:03 [main] INFO  com.searchflights.dao.UserDaoImpl - Updated user: testuser
2025-06-04 18:42:03 [main] DEBUG com.searchflights.dao.UserDaoImpl - User found by email: test@example.com
2025-06-04 18:42:03 [main] DEBUG com.searchflights.dao.UserDaoImpl - User found by username: testuser
2025-06-04 18:42:03 [main] INFO  com.searchflights.dao.UserDaoImpl - Saved or updated user: testuser
2025-06-04 18:42:03 [main] ERROR c.s.service.FlightServiceImpl - No file provided for import
2025-06-04 18:42:03 [main] INFO  c.s.service.FlightServiceImpl - Importing flights from file: flights.xlsx
2025-06-04 18:42:03 [main] DEBUG c.s.service.FlightServiceImpl - Saved flight: AI101
2025-06-04 18:42:03 [main] INFO  c.s.service.FlightServiceImpl - Total valid flights imported: 1
2025-06-04 18:42:03 [main] DEBUG c.s.service.FlightServiceImpl - Searching flights with parameters: com.searchflights.model.FlightSearchParameters@370c7cc5
2025-06-04 18:42:03 [main] INFO  c.s.service.FlightServiceImpl - Deleting flight with ID: 1
2025-06-04 18:42:03 [main] INFO  c.s.service.FlightServiceImpl - Flight deleted: 1
2025-06-04 18:42:03 [main] INFO  c.s.service.FlightServiceImpl - Importing flights from file: flights.docx
2025-06-04 18:42:03 [main] DEBUG c.s.service.FlightServiceImpl - Saved flight: AI101
2025-06-04 18:42:03 [main] INFO  c.s.service.FlightServiceImpl - Total valid flights imported: 1
2025-06-04 18:42:03 [main] INFO  c.s.service.FlightServiceImpl - Importing flights from file: flights.txt
2025-06-04 18:42:03 [main] ERROR c.s.service.FlightServiceImpl - Unsupported file format: flights.txt
2025-06-04 18:42:03 [main] ERROR c.s.service.FlightServiceImpl - Failed to import flights: Unsupported file format: flights.txt
java.lang.IllegalArgumentException: Unsupported file format: flights.txt
	at com.searchflights.service.FlightServiceImpl.importFromCSV(FlightServiceImpl.java:97)
	at com.searchflights.service.FlightServiceImplTest.lambda$importFromCSV_ShouldThrowExceptionOnUnsupportedFormat$8(FlightServiceImplTest.java:170)
	at org.junit.jupiter.api.AssertThrows.assertThrows(AssertThrows.java:53)
	at org.junit.jupiter.api.AssertThrows.assertThrows(AssertThrows.java:35)
	at org.junit.jupiter.api.Assertions.assertThrows(Assertions.java:3111)
	at com.searchflights.service.FlightServiceImplTest.importFromCSV_ShouldThrowExceptionOnUnsupportedFormat(FlightServiceImplTest.java:169)
	at java.base/jdk.internal.reflect.NativeMethodAccessorImpl.invoke0(Native Method)
	at java.base/jdk.internal.reflect.NativeMethodAccessorImpl.invoke(NativeMethodAccessorImpl.java:62)
	at java.base/jdk.internal.reflect.DelegatingMethodAccessorImpl.invoke(DelegatingMethodAccessorImpl.java:43)
	at java.base/java.lang.reflect.Method.invoke(Method.java:566)
	at org.junit.platform.commons.util.ReflectionUtils.invokeMethod(ReflectionUtils.java:728)
	at org.junit.jupiter.engine.execution.MethodInvocation.proceed(MethodInvocation.java:60)
	at org.junit.jupiter.engine.execution.InvocationInterceptorChain$ValidatingInvocation.proceed(InvocationInterceptorChain.java:131)
	at org.junit.jupiter.engine.extension.TimeoutExtension.intercept(TimeoutExtension.java:156)
	at org.junit.jupiter.engine.extension.TimeoutExtension.interceptTestableMethod(TimeoutExtension.java:147)
	at org.junit.jupiter.engine.extension.TimeoutExtension.interceptTestMethod(TimeoutExtension.java:86)
	at org.junit.jupiter.engine.execution.InterceptingExecutableInvoker$ReflectiveInterceptorCall.lambda$ofVoidMethod$0(InterceptingExecutableInvoker.java:103)
	at org.junit.jupiter.engine.execution.InterceptingExecutableInvoker.lambda$invoke$0(InterceptingExecutableInvoker.java:93)
	at org.junit.jupiter.engine.execution.InvocationInterceptorChain$InterceptedInvocation.proceed(InvocationInterceptorChain.java:106)
	at org.junit.jupiter.engine.execution.InvocationInterceptorChain.proceed(InvocationInterceptorChain.java:64)
	at org.junit.jupiter.engine.execution.InvocationInterceptorChain.chainAndInvoke(InvocationInterceptorChain.java:45)
	at org.junit.jupiter.engine.execution.InvocationInterceptorChain.invoke(InvocationInterceptorChain.java:37)
	at org.junit.jupiter.engine.execution.InterceptingExecutableInvoker.invoke(InterceptingExecutableInvoker.java:92)
	at org.junit.jupiter.engine.execution.InterceptingExecutableInvoker.invoke(InterceptingExecutableInvoker.java:86)
	at org.junit.jupiter.engine.descriptor.TestMethodTestDescriptor.lambda$invokeTestMethod$7(TestMethodTestDescriptor.java:218)
	at org.junit.platform.engine.support.hierarchical.ThrowableCollector.execute(ThrowableCollector.java:73)
	at org.junit.jupiter.engine.descriptor.TestMethodTestDescriptor.invokeTestMethod(TestMethodTestDescriptor.java:214)
	at org.junit.jupiter.engine.descriptor.TestMethodTestDescriptor.execute(TestMethodTestDescriptor.java:139)
	at org.junit.jupiter.engine.descriptor.TestMethodTestDescriptor.execute(TestMethodTestDescriptor.java:69)
	at org.junit.platform.engine.support.hierarchical.NodeTestTask.lambda$executeRecursively$6(NodeTestTask.java:151)
	at org.junit.platform.engine.support.hierarchical.ThrowableCollector.execute(ThrowableCollector.java:73)
	at org.junit.platform.engine.support.hierarchical.NodeTestTask.lambda$executeRecursively$8(NodeTestTask.java:141)
	at org.junit.platform.engine.support.hierarchical.Node.around(Node.java:137)
	at org.junit.platform.engine.support.hierarchical.NodeTestTask.lambda$executeRecursively$9(NodeTestTask.java:139)
	at org.junit.platform.engine.support.hierarchical.ThrowableCollector.execute(ThrowableCollector.java:73)
	at org.junit.platform.engine.support.hierarchical.NodeTestTask.executeRecursively(NodeTestTask.java:138)
	at org.junit.platform.engine.support.hierarchical.NodeTestTask.execute(NodeTestTask.java:95)
	at java.base/java.util.ArrayList.forEach(ArrayList.java:1541)
	at org.junit.platform.engine.support.hierarchical.SameThreadHierarchicalTestExecutorService.invokeAll(SameThreadHierarchicalTestExecutorService.java:41)
	at org.junit.platform.engine.support.hierarchical.NodeTestTask.lambda$executeRecursively$6(NodeTestTask.java:155)
	at org.junit.platform.engine.support.hierarchical.ThrowableCollector.execute(ThrowableCollector.java:73)
	at org.junit.platform.engine.support.hierarchical.NodeTestTask.lambda$executeRecursively$8(NodeTestTask.java:141)
	at org.junit.platform.engine.support.hierarchical.Node.around(Node.java:137)
	at org.junit.platform.engine.support.hierarchical.NodeTestTask.lambda$executeRecursively$9(NodeTestTask.java:139)
	at org.junit.platform.engine.support.hierarchical.ThrowableCollector.execute(ThrowableCollector.java:73)
	at org.junit.platform.engine.support.hierarchical.NodeTestTask.executeRecursively(NodeTestTask.java:138)
	at org.junit.platform.engine.support.hierarchical.NodeTestTask.execute(NodeTestTask.java:95)
	at java.base/java.util.ArrayList.forEach(ArrayList.java:1541)
	at org.junit.platform.engine.support.hierarchical.SameThreadHierarchicalTestExecutorService.invokeAll(SameThreadHierarchicalTestExecutorService.java:41)
	at org.junit.platform.engine.support.hierarchical.NodeTestTask.lambda$executeRecursively$6(NodeTestTask.java:155)
	at org.junit.platform.engine.support.hierarchical.ThrowableCollector.execute(ThrowableCollector.java:73)
	at org.junit.platform.engine.support.hierarchical.NodeTestTask.lambda$executeRecursively$8(NodeTestTask.java:141)
	at org.junit.platform.engine.support.hierarchical.Node.around(Node.java:137)
	at org.junit.platform.engine.support.hierarchical.NodeTestTask.lambda$executeRecursively$9(NodeTestTask.java:139)
	at org.junit.platform.engine.support.hierarchical.ThrowableCollector.execute(ThrowableCollector.java:73)
	at org.junit.platform.engine.support.hierarchical.NodeTestTask.executeRecursively(NodeTestTask.java:138)
	at org.junit.platform.engine.support.hierarchical.NodeTestTask.execute(NodeTestTask.java:95)
	at org.junit.platform.engine.support.hierarchical.SameThreadHierarchicalTestExecutorService.submit(SameThreadHierarchicalTestExecutorService.java:35)
	at org.junit.platform.engine.support.hierarchical.HierarchicalTestExecutor.execute(HierarchicalTestExecutor.java:57)
	at org.junit.platform.engine.support.hierarchical.HierarchicalTestEngine.execute(HierarchicalTestEngine.java:54)
	at org.junit.platform.launcher.core.EngineExecutionOrchestrator.execute(EngineExecutionOrchestrator.java:198)
	at org.junit.platform.launcher.core.EngineExecutionOrchestrator.execute(EngineExecutionOrchestrator.java:169)
	at org.junit.platform.launcher.core.EngineExecutionOrchestrator.execute(EngineExecutionOrchestrator.java:93)
	at org.junit.platform.launcher.core.EngineExecutionOrchestrator.lambda$execute$0(EngineExecutionOrchestrator.java:58)
	at org.junit.platform.launcher.core.EngineExecutionOrchestrator.withInterceptedStreams(EngineExecutionOrchestrator.java:141)
	at org.junit.platform.launcher.core.EngineExecutionOrchestrator.execute(EngineExecutionOrchestrator.java:57)
	at org.junit.platform.launcher.core.DefaultLauncher.execute(DefaultLauncher.java:103)
	at org.junit.platform.launcher.core.DefaultLauncher.execute(DefaultLauncher.java:85)
	at org.junit.platform.launcher.core.DelegatingLauncher.execute(DelegatingLauncher.java:47)
	at org.apache.maven.surefire.junitplatform.LazyLauncher.execute(LazyLauncher.java:55)
	at org.apache.maven.surefire.junitplatform.JUnitPlatformProvider.execute(JUnitPlatformProvider.java:223)
	at org.apache.maven.surefire.junitplatform.JUnitPlatformProvider.invokeAllTests(JUnitPlatformProvider.java:175)
	at org.apache.maven.surefire.junitplatform.JUnitPlatformProvider.invoke(JUnitPlatformProvider.java:139)
	at org.apache.maven.surefire.booter.ForkedBooter.runSuitesInProcess(ForkedBooter.java:456)
	at org.apache.maven.surefire.booter.ForkedBooter.execute(ForkedBooter.java:169)
	at org.apache.maven.surefire.booter.ForkedBooter.run(ForkedBooter.java:595)
	at org.apache.maven.surefire.booter.ForkedBooter.main(ForkedBooter.java:581)
2025-06-04 18:42:03 [main] INFO  c.s.service.FlightServiceImpl - Flight updated: AI101
2025-06-04 18:42:03 [main] INFO  c.s.service.FlightServiceImpl - Importing flights from file: flights.csv
2025-06-04 18:42:03 [main] DEBUG c.s.service.FlightServiceImpl - Saved flight: AI101
2025-06-04 18:42:03 [main] INFO  c.s.service.FlightServiceImpl - Total valid flights imported: 1
2025-06-04 18:42:03 [main] DEBUG c.s.service.FlightServiceImpl - Fetching all flights
2025-06-04 18:42:03 [main] INFO  c.s.service.FlightServiceImpl - Importing flights from file: flights.xml
2025-06-04 18:42:03 [main] DEBUG c.s.service.FlightServiceImpl - Saved flight: AI101
2025-06-04 18:42:03 [main] INFO  c.s.service.FlightServiceImpl - Total valid flights imported: 1
2025-06-04 18:42:03 [main] DEBUG c.s.service.FlightServiceImpl - Retrieving flight with number: AI101
2025-06-04 18:42:03 [main] INFO  c.s.service.FlightServiceImpl - Flight saved: AI101
2025-06-04 18:42:03 [main] DEBUG c.s.service.FlightServiceImpl - Retrieving flight with ID: 1
2025-06-04 18:42:03 [main] INFO  c.s.service.UserServiceImpl - User loaded for authentication: testuser
2025-06-04 18:42:03 [main] WARN  c.s.service.UserServiceImpl - Username is null or empty
2025-06-04 18:42:03 [main] WARN  c.s.service.UserServiceImpl - Username is null or empty
2025-06-04 18:42:03 [main] INFO  c.s.service.UserServiceImpl - User updated successfully: testuser
2025-06-04 18:42:03 [main] WARN  c.s.service.UserServiceImpl - Attempted to update null user
2025-06-04 18:42:03 [main] WARN  c.s.service.UserServiceImpl - Attempted to save null user
2025-06-04 18:42:03 [main] WARN  c.s.service.UserServiceImpl - User not found: nouser
2025-06-04 18:42:03 [main] INFO  c.s.service.UserServiceImpl - User saved successfully: testuser
2025-06-04 18:46:14 [main] DEBUG c.s.controller.UserController - Registration form opened.
2025-06-04 18:46:14 [main] INFO  c.s.controller.UserController - Attempting to register user: null
2025-06-04 18:46:14 [main] WARN  c.s.controller.UserController - Validation errors during registration for user: null
2025-06-04 18:46:14 [main] DEBUG c.s.controller.UserController - Home page accessed.
2025-06-04 18:46:14 [main] WARN  c.s.controller.UserController - Unauthorized AJAX flight search.
2025-06-04 18:46:15 [main] DEBUG com.searchflights.dao.FlightDaoImpl - Fetched all flights, count: 0
2025-06-04 18:46:15 [main] DEBUG com.searchflights.dao.FlightDaoImpl - Search completed. Parameters: com.searchflights.model.FlightSearchParameters@d25e878, Results found: 1
2025-06-04 18:46:15 [main] INFO  com.searchflights.dao.FlightDaoImpl - Deleted flight with ID: 1
2025-06-04 18:46:15 [main] WARN  com.searchflights.dao.FlightDaoImpl - Attempted to delete non-existing flight with ID: 2
2025-06-04 18:46:15 [main] DEBUG com.searchflights.dao.FlightDaoImpl - Fetched flight by number: AI101
2025-06-04 18:46:15 [main] DEBUG com.searchflights.dao.FlightDaoImpl - Fetched flight by ID: 1
2025-06-04 18:46:15 [main] INFO  com.searchflights.dao.FlightDaoImpl - Updated flight: AI102
2025-06-04 18:46:15 [main] INFO  com.searchflights.dao.FlightDaoImpl - Saved or updated flight: AI101
2025-06-04 18:46:15 [main] INFO  com.searchflights.dao.FlightDaoImpl - Called importFromCSV() - not implemented
2025-06-04 18:46:15 [main] INFO  com.searchflights.dao.FlightDaoImpl - Called importFromExcel() - not implemented
2025-06-04 18:46:15 [main] INFO  com.searchflights.dao.FlightDaoImpl - Called importFromWord() - not implemented
2025-06-04 18:46:15 [main] INFO  com.searchflights.dao.FlightDaoImpl - Called importFromXML() - not implemented
2025-06-04 18:46:15 [main] DEBUG com.searchflights.dao.UserDaoImpl - Fetched all users. Count: 1
2025-06-04 18:46:15 [main] DEBUG com.searchflights.dao.UserDaoImpl - Total user count: 1
2025-06-04 18:46:15 [main] WARN  com.searchflights.dao.UserDaoImpl - Authentication failed for username: wronguser
2025-06-04 18:46:15 [main] INFO  com.searchflights.dao.UserDaoImpl - User authenticated: testuser
2025-06-04 18:46:15 [main] INFO  com.searchflights.dao.UserDaoImpl - Updated user: testuser
2025-06-04 18:46:15 [main] DEBUG com.searchflights.dao.UserDaoImpl - User found by email: test@example.com
2025-06-04 18:46:15 [main] DEBUG com.searchflights.dao.UserDaoImpl - User found by username: testuser
2025-06-04 18:46:15 [main] INFO  com.searchflights.dao.UserDaoImpl - Saved or updated user: testuser
2025-06-04 18:46:15 [main] ERROR c.s.service.FlightServiceImpl - No file provided for import
2025-06-04 18:46:15 [main] INFO  c.s.service.FlightServiceImpl - Importing flights from file: flights.xlsx
2025-06-04 18:46:15 [main] DEBUG c.s.service.FlightServiceImpl - Saved flight: AI101
2025-06-04 18:46:15 [main] INFO  c.s.service.FlightServiceImpl - Total valid flights imported: 1
2025-06-04 18:46:15 [main] DEBUG c.s.service.FlightServiceImpl - Searching flights with parameters: com.searchflights.model.FlightSearchParameters@370c7cc5
2025-06-04 18:46:15 [main] INFO  c.s.service.FlightServiceImpl - Deleting flight with ID: 1
2025-06-04 18:46:15 [main] INFO  c.s.service.FlightServiceImpl - Flight deleted: 1
2025-06-04 18:46:15 [main] INFO  c.s.service.FlightServiceImpl - Importing flights from file: flights.docx
2025-06-04 18:46:15 [main] DEBUG c.s.service.FlightServiceImpl - Saved flight: AI101
2025-06-04 18:46:15 [main] INFO  c.s.service.FlightServiceImpl - Total valid flights imported: 1
2025-06-04 18:46:15 [main] INFO  c.s.service.FlightServiceImpl - Importing flights from file: flights.txt
2025-06-04 18:46:15 [main] ERROR c.s.service.FlightServiceImpl - Unsupported file format: flights.txt
2025-06-04 18:46:15 [main] ERROR c.s.service.FlightServiceImpl - Failed to import flights: Unsupported file format: flights.txt
java.lang.IllegalArgumentException: Unsupported file format: flights.txt
	at com.searchflights.service.FlightServiceImpl.importFromCSV(FlightServiceImpl.java:97)
	at com.searchflights.service.FlightServiceImplTest.lambda$importFromCSV_ShouldThrowExceptionOnUnsupportedFormat$8(FlightServiceImplTest.java:170)
	at org.junit.jupiter.api.AssertThrows.assertThrows(AssertThrows.java:53)
	at org.junit.jupiter.api.AssertThrows.assertThrows(AssertThrows.java:35)
	at org.junit.jupiter.api.Assertions.assertThrows(Assertions.java:3111)
	at com.searchflights.service.FlightServiceImplTest.importFromCSV_ShouldThrowExceptionOnUnsupportedFormat(FlightServiceImplTest.java:169)
	at java.base/jdk.internal.reflect.NativeMethodAccessorImpl.invoke0(Native Method)
	at java.base/jdk.internal.reflect.NativeMethodAccessorImpl.invoke(NativeMethodAccessorImpl.java:62)
	at java.base/jdk.internal.reflect.DelegatingMethodAccessorImpl.invoke(DelegatingMethodAccessorImpl.java:43)
	at java.base/java.lang.reflect.Method.invoke(Method.java:566)
	at org.junit.platform.commons.util.ReflectionUtils.invokeMethod(ReflectionUtils.java:728)
	at org.junit.jupiter.engine.execution.MethodInvocation.proceed(MethodInvocation.java:60)
	at org.junit.jupiter.engine.execution.InvocationInterceptorChain$ValidatingInvocation.proceed(InvocationInterceptorChain.java:131)
	at org.junit.jupiter.engine.extension.TimeoutExtension.intercept(TimeoutExtension.java:156)
	at org.junit.jupiter.engine.extension.TimeoutExtension.interceptTestableMethod(TimeoutExtension.java:147)
	at org.junit.jupiter.engine.extension.TimeoutExtension.interceptTestMethod(TimeoutExtension.java:86)
	at org.junit.jupiter.engine.execution.InterceptingExecutableInvoker$ReflectiveInterceptorCall.lambda$ofVoidMethod$0(InterceptingExecutableInvoker.java:103)
	at org.junit.jupiter.engine.execution.InterceptingExecutableInvoker.lambda$invoke$0(InterceptingExecutableInvoker.java:93)
	at org.junit.jupiter.engine.execution.InvocationInterceptorChain$InterceptedInvocation.proceed(InvocationInterceptorChain.java:106)
	at org.junit.jupiter.engine.execution.InvocationInterceptorChain.proceed(InvocationInterceptorChain.java:64)
	at org.junit.jupiter.engine.execution.InvocationInterceptorChain.chainAndInvoke(InvocationInterceptorChain.java:45)
	at org.junit.jupiter.engine.execution.InvocationInterceptorChain.invoke(InvocationInterceptorChain.java:37)
	at org.junit.jupiter.engine.execution.InterceptingExecutableInvoker.invoke(InterceptingExecutableInvoker.java:92)
	at org.junit.jupiter.engine.execution.InterceptingExecutableInvoker.invoke(InterceptingExecutableInvoker.java:86)
	at org.junit.jupiter.engine.descriptor.TestMethodTestDescriptor.lambda$invokeTestMethod$7(TestMethodTestDescriptor.java:218)
	at org.junit.platform.engine.support.hierarchical.ThrowableCollector.execute(ThrowableCollector.java:73)
	at org.junit.jupiter.engine.descriptor.TestMethodTestDescriptor.invokeTestMethod(TestMethodTestDescriptor.java:214)
	at org.junit.jupiter.engine.descriptor.TestMethodTestDescriptor.execute(TestMethodTestDescriptor.java:139)
	at org.junit.jupiter.engine.descriptor.TestMethodTestDescriptor.execute(TestMethodTestDescriptor.java:69)
	at org.junit.platform.engine.support.hierarchical.NodeTestTask.lambda$executeRecursively$6(NodeTestTask.java:151)
	at org.junit.platform.engine.support.hierarchical.ThrowableCollector.execute(ThrowableCollector.java:73)
	at org.junit.platform.engine.support.hierarchical.NodeTestTask.lambda$executeRecursively$8(NodeTestTask.java:141)
	at org.junit.platform.engine.support.hierarchical.Node.around(Node.java:137)
	at org.junit.platform.engine.support.hierarchical.NodeTestTask.lambda$executeRecursively$9(NodeTestTask.java:139)
	at org.junit.platform.engine.support.hierarchical.ThrowableCollector.execute(ThrowableCollector.java:73)
	at org.junit.platform.engine.support.hierarchical.NodeTestTask.executeRecursively(NodeTestTask.java:138)
	at org.junit.platform.engine.support.hierarchical.NodeTestTask.execute(NodeTestTask.java:95)
	at java.base/java.util.ArrayList.forEach(ArrayList.java:1541)
	at org.junit.platform.engine.support.hierarchical.SameThreadHierarchicalTestExecutorService.invokeAll(SameThreadHierarchicalTestExecutorService.java:41)
	at org.junit.platform.engine.support.hierarchical.NodeTestTask.lambda$executeRecursively$6(NodeTestTask.java:155)
	at org.junit.platform.engine.support.hierarchical.ThrowableCollector.execute(ThrowableCollector.java:73)
	at org.junit.platform.engine.support.hierarchical.NodeTestTask.lambda$executeRecursively$8(NodeTestTask.java:141)
	at org.junit.platform.engine.support.hierarchical.Node.around(Node.java:137)
	at org.junit.platform.engine.support.hierarchical.NodeTestTask.lambda$executeRecursively$9(NodeTestTask.java:139)
	at org.junit.platform.engine.support.hierarchical.ThrowableCollector.execute(ThrowableCollector.java:73)
	at org.junit.platform.engine.support.hierarchical.NodeTestTask.executeRecursively(NodeTestTask.java:138)
	at org.junit.platform.engine.support.hierarchical.NodeTestTask.execute(NodeTestTask.java:95)
	at java.base/java.util.ArrayList.forEach(ArrayList.java:1541)
	at org.junit.platform.engine.support.hierarchical.SameThreadHierarchicalTestExecutorService.invokeAll(SameThreadHierarchicalTestExecutorService.java:41)
	at org.junit.platform.engine.support.hierarchical.NodeTestTask.lambda$executeRecursively$6(NodeTestTask.java:155)
	at org.junit.platform.engine.support.hierarchical.ThrowableCollector.execute(ThrowableCollector.java:73)
	at org.junit.platform.engine.support.hierarchical.NodeTestTask.lambda$executeRecursively$8(NodeTestTask.java:141)
	at org.junit.platform.engine.support.hierarchical.Node.around(Node.java:137)
	at org.junit.platform.engine.support.hierarchical.NodeTestTask.lambda$executeRecursively$9(NodeTestTask.java:139)
	at org.junit.platform.engine.support.hierarchical.ThrowableCollector.execute(ThrowableCollector.java:73)
	at org.junit.platform.engine.support.hierarchical.NodeTestTask.executeRecursively(NodeTestTask.java:138)
	at org.junit.platform.engine.support.hierarchical.NodeTestTask.execute(NodeTestTask.java:95)
	at org.junit.platform.engine.support.hierarchical.SameThreadHierarchicalTestExecutorService.submit(SameThreadHierarchicalTestExecutorService.java:35)
	at org.junit.platform.engine.support.hierarchical.HierarchicalTestExecutor.execute(HierarchicalTestExecutor.java:57)
	at org.junit.platform.engine.support.hierarchical.HierarchicalTestEngine.execute(HierarchicalTestEngine.java:54)
	at org.junit.platform.launcher.core.EngineExecutionOrchestrator.execute(EngineExecutionOrchestrator.java:198)
	at org.junit.platform.launcher.core.EngineExecutionOrchestrator.execute(EngineExecutionOrchestrator.java:169)
	at org.junit.platform.launcher.core.EngineExecutionOrchestrator.execute(EngineExecutionOrchestrator.java:93)
	at org.junit.platform.launcher.core.EngineExecutionOrchestrator.lambda$execute$0(EngineExecutionOrchestrator.java:58)
	at org.junit.platform.launcher.core.EngineExecutionOrchestrator.withInterceptedStreams(EngineExecutionOrchestrator.java:141)
	at org.junit.platform.launcher.core.EngineExecutionOrchestrator.execute(EngineExecutionOrchestrator.java:57)
	at org.junit.platform.launcher.core.DefaultLauncher.execute(DefaultLauncher.java:103)
	at org.junit.platform.launcher.core.DefaultLauncher.execute(DefaultLauncher.java:85)
	at org.junit.platform.launcher.core.DelegatingLauncher.execute(DelegatingLauncher.java:47)
	at org.apache.maven.surefire.junitplatform.LazyLauncher.execute(LazyLauncher.java:55)
	at org.apache.maven.surefire.junitplatform.JUnitPlatformProvider.execute(JUnitPlatformProvider.java:223)
	at org.apache.maven.surefire.junitplatform.JUnitPlatformProvider.invokeAllTests(JUnitPlatformProvider.java:175)
	at org.apache.maven.surefire.junitplatform.JUnitPlatformProvider.invoke(JUnitPlatformProvider.java:139)
	at org.apache.maven.surefire.booter.ForkedBooter.runSuitesInProcess(ForkedBooter.java:456)
	at org.apache.maven.surefire.booter.ForkedBooter.execute(ForkedBooter.java:169)
	at org.apache.maven.surefire.booter.ForkedBooter.run(ForkedBooter.java:595)
	at org.apache.maven.surefire.booter.ForkedBooter.main(ForkedBooter.java:581)
2025-06-04 18:46:15 [main] INFO  c.s.service.FlightServiceImpl - Flight updated: AI101
2025-06-04 18:46:15 [main] INFO  c.s.service.FlightServiceImpl - Importing flights from file: flights.csv
2025-06-04 18:46:15 [main] DEBUG c.s.service.FlightServiceImpl - Saved flight: AI101
2025-06-04 18:46:15 [main] INFO  c.s.service.FlightServiceImpl - Total valid flights imported: 1
2025-06-04 18:46:15 [main] DEBUG c.s.service.FlightServiceImpl - Fetching all flights
2025-06-04 18:46:15 [main] INFO  c.s.service.FlightServiceImpl - Importing flights from file: flights.xml
2025-06-04 18:46:15 [main] DEBUG c.s.service.FlightServiceImpl - Saved flight: AI101
2025-06-04 18:46:15 [main] INFO  c.s.service.FlightServiceImpl - Total valid flights imported: 1
2025-06-04 18:46:15 [main] DEBUG c.s.service.FlightServiceImpl - Retrieving flight with number: AI101
2025-06-04 18:46:15 [main] INFO  c.s.service.FlightServiceImpl - Flight saved: AI101
2025-06-04 18:46:15 [main] DEBUG c.s.service.FlightServiceImpl - Retrieving flight with ID: 1
2025-06-04 18:46:16 [main] INFO  c.s.service.UserServiceImpl - User loaded for authentication: testuser
2025-06-04 18:46:16 [main] WARN  c.s.service.UserServiceImpl - Username is null or empty
2025-06-04 18:46:16 [main] WARN  c.s.service.UserServiceImpl - Username is null or empty
2025-06-04 18:46:16 [main] INFO  c.s.service.UserServiceImpl - User updated successfully: testuser
2025-06-04 18:46:16 [main] WARN  c.s.service.UserServiceImpl - Attempted to update null user
2025-06-04 18:46:16 [main] WARN  c.s.service.UserServiceImpl - Attempted to save null user
2025-06-04 18:46:16 [main] WARN  c.s.service.UserServiceImpl - User not found: nouser
2025-06-04 18:46:16 [main] INFO  c.s.service.UserServiceImpl - User saved successfully: testuser
2025-06-04 18:55:17 [main] DEBUG c.s.controller.UserController - Registration form opened.
2025-06-04 18:55:17 [main] INFO  c.s.controller.UserController - Attempting to register user: null
2025-06-04 18:55:17 [main] WARN  c.s.controller.UserController - Validation errors during registration for user: null
2025-06-04 18:55:17 [main] DEBUG c.s.controller.UserController - Home page accessed.
2025-06-04 18:55:17 [main] WARN  c.s.controller.UserController - Unauthorized AJAX flight search.
2025-06-04 18:55:17 [main] DEBUG com.searchflights.dao.FlightDaoImpl - Fetched all flights, count: 0
2025-06-04 18:55:17 [main] DEBUG com.searchflights.dao.FlightDaoImpl - Search completed. Parameters: com.searchflights.model.FlightSearchParameters@c9b5a99, Results found: 1
2025-06-04 18:55:17 [main] INFO  com.searchflights.dao.FlightDaoImpl - Deleted flight with ID: 1
2025-06-04 18:55:17 [main] WARN  com.searchflights.dao.FlightDaoImpl - Attempted to delete non-existing flight with ID: 2
2025-06-04 18:55:17 [main] DEBUG com.searchflights.dao.FlightDaoImpl - Fetched flight by number: AI101
2025-06-04 18:55:17 [main] DEBUG com.searchflights.dao.FlightDaoImpl - Fetched flight by ID: 1
2025-06-04 18:55:17 [main] INFO  com.searchflights.dao.FlightDaoImpl - Updated flight: AI102
2025-06-04 18:55:17 [main] INFO  com.searchflights.dao.FlightDaoImpl - Saved or updated flight: AI101
2025-06-04 18:55:17 [main] INFO  com.searchflights.dao.FlightDaoImpl - Called importFromCSV() - not implemented
2025-06-04 18:55:17 [main] INFO  com.searchflights.dao.FlightDaoImpl - Called importFromExcel() - not implemented
2025-06-04 18:55:17 [main] INFO  com.searchflights.dao.FlightDaoImpl - Called importFromWord() - not implemented
2025-06-04 18:55:17 [main] INFO  com.searchflights.dao.FlightDaoImpl - Called importFromXML() - not implemented
2025-06-04 18:55:17 [main] DEBUG com.searchflights.dao.UserDaoImpl - Fetched all users. Count: 1
2025-06-04 18:55:17 [main] DEBUG com.searchflights.dao.UserDaoImpl - Total user count: 1
2025-06-04 18:55:17 [main] WARN  com.searchflights.dao.UserDaoImpl - Authentication failed for username: wronguser
2025-06-04 18:55:17 [main] INFO  com.searchflights.dao.UserDaoImpl - User authenticated: testuser
2025-06-04 18:55:17 [main] INFO  com.searchflights.dao.UserDaoImpl - Updated user: testuser
2025-06-04 18:55:17 [main] DEBUG com.searchflights.dao.UserDaoImpl - User found by email: test@example.com
2025-06-04 18:55:17 [main] DEBUG com.searchflights.dao.UserDaoImpl - User found by username: testuser
2025-06-04 18:55:17 [main] INFO  com.searchflights.dao.UserDaoImpl - Saved or updated user: testuser
2025-06-04 18:55:18 [main] ERROR c.s.service.FlightServiceImpl - No file provided for import
2025-06-04 18:55:18 [main] INFO  c.s.service.FlightServiceImpl - Importing flights from file: flights.xlsx
2025-06-04 18:55:18 [main] DEBUG c.s.service.FlightServiceImpl - Saved flight: AI101
2025-06-04 18:55:18 [main] INFO  c.s.service.FlightServiceImpl - Total valid flights imported: 1
2025-06-04 18:55:18 [main] DEBUG c.s.service.FlightServiceImpl - Searching flights with parameters: com.searchflights.model.FlightSearchParameters@74c121d4
2025-06-04 18:55:18 [main] INFO  c.s.service.FlightServiceImpl - Deleting flight with ID: 1
2025-06-04 18:55:18 [main] INFO  c.s.service.FlightServiceImpl - Flight deleted: 1
2025-06-04 18:55:18 [main] INFO  c.s.service.FlightServiceImpl - Importing flights from file: flights.docx
2025-06-04 18:55:18 [main] DEBUG c.s.service.FlightServiceImpl - Saved flight: AI101
2025-06-04 18:55:18 [main] INFO  c.s.service.FlightServiceImpl - Total valid flights imported: 1
2025-06-04 18:55:18 [main] INFO  c.s.service.FlightServiceImpl - Importing flights from file: flights.txt
2025-06-04 18:55:18 [main] ERROR c.s.service.FlightServiceImpl - Unsupported file format: flights.txt
2025-06-04 18:55:18 [main] ERROR c.s.service.FlightServiceImpl - Failed to import flights: Unsupported file format: flights.txt
java.lang.IllegalArgumentException: Unsupported file format: flights.txt
	at com.searchflights.service.FlightServiceImpl.importFromCSV(FlightServiceImpl.java:97)
	at com.searchflights.service.FlightServiceImplTest.lambda$importFromCSV_ShouldThrowExceptionOnUnsupportedFormat$8(FlightServiceImplTest.java:170)
	at org.junit.jupiter.api.AssertThrows.assertThrows(AssertThrows.java:53)
	at org.junit.jupiter.api.AssertThrows.assertThrows(AssertThrows.java:35)
	at org.junit.jupiter.api.Assertions.assertThrows(Assertions.java:3111)
	at com.searchflights.service.FlightServiceImplTest.importFromCSV_ShouldThrowExceptionOnUnsupportedFormat(FlightServiceImplTest.java:169)
	at java.base/jdk.internal.reflect.NativeMethodAccessorImpl.invoke0(Native Method)
	at java.base/jdk.internal.reflect.NativeMethodAccessorImpl.invoke(NativeMethodAccessorImpl.java:62)
	at java.base/jdk.internal.reflect.DelegatingMethodAccessorImpl.invoke(DelegatingMethodAccessorImpl.java:43)
	at java.base/java.lang.reflect.Method.invoke(Method.java:566)
	at org.junit.platform.commons.util.ReflectionUtils.invokeMethod(ReflectionUtils.java:728)
	at org.junit.jupiter.engine.execution.MethodInvocation.proceed(MethodInvocation.java:60)
	at org.junit.jupiter.engine.execution.InvocationInterceptorChain$ValidatingInvocation.proceed(InvocationInterceptorChain.java:131)
	at org.junit.jupiter.engine.extension.TimeoutExtension.intercept(TimeoutExtension.java:156)
	at org.junit.jupiter.engine.extension.TimeoutExtension.interceptTestableMethod(TimeoutExtension.java:147)
	at org.junit.jupiter.engine.extension.TimeoutExtension.interceptTestMethod(TimeoutExtension.java:86)
	at org.junit.jupiter.engine.execution.InterceptingExecutableInvoker$ReflectiveInterceptorCall.lambda$ofVoidMethod$0(InterceptingExecutableInvoker.java:103)
	at org.junit.jupiter.engine.execution.InterceptingExecutableInvoker.lambda$invoke$0(InterceptingExecutableInvoker.java:93)
	at org.junit.jupiter.engine.execution.InvocationInterceptorChain$InterceptedInvocation.proceed(InvocationInterceptorChain.java:106)
	at org.junit.jupiter.engine.execution.InvocationInterceptorChain.proceed(InvocationInterceptorChain.java:64)
	at org.junit.jupiter.engine.execution.InvocationInterceptorChain.chainAndInvoke(InvocationInterceptorChain.java:45)
	at org.junit.jupiter.engine.execution.InvocationInterceptorChain.invoke(InvocationInterceptorChain.java:37)
	at org.junit.jupiter.engine.execution.InterceptingExecutableInvoker.invoke(InterceptingExecutableInvoker.java:92)
	at org.junit.jupiter.engine.execution.InterceptingExecutableInvoker.invoke(InterceptingExecutableInvoker.java:86)
	at org.junit.jupiter.engine.descriptor.TestMethodTestDescriptor.lambda$invokeTestMethod$7(TestMethodTestDescriptor.java:218)
	at org.junit.platform.engine.support.hierarchical.ThrowableCollector.execute(ThrowableCollector.java:73)
	at org.junit.jupiter.engine.descriptor.TestMethodTestDescriptor.invokeTestMethod(TestMethodTestDescriptor.java:214)
	at org.junit.jupiter.engine.descriptor.TestMethodTestDescriptor.execute(TestMethodTestDescriptor.java:139)
	at org.junit.jupiter.engine.descriptor.TestMethodTestDescriptor.execute(TestMethodTestDescriptor.java:69)
	at org.junit.platform.engine.support.hierarchical.NodeTestTask.lambda$executeRecursively$6(NodeTestTask.java:151)
	at org.junit.platform.engine.support.hierarchical.ThrowableCollector.execute(ThrowableCollector.java:73)
	at org.junit.platform.engine.support.hierarchical.NodeTestTask.lambda$executeRecursively$8(NodeTestTask.java:141)
	at org.junit.platform.engine.support.hierarchical.Node.around(Node.java:137)
	at org.junit.platform.engine.support.hierarchical.NodeTestTask.lambda$executeRecursively$9(NodeTestTask.java:139)
	at org.junit.platform.engine.support.hierarchical.ThrowableCollector.execute(ThrowableCollector.java:73)
	at org.junit.platform.engine.support.hierarchical.NodeTestTask.executeRecursively(NodeTestTask.java:138)
	at org.junit.platform.engine.support.hierarchical.NodeTestTask.execute(NodeTestTask.java:95)
	at java.base/java.util.ArrayList.forEach(ArrayList.java:1541)
	at org.junit.platform.engine.support.hierarchical.SameThreadHierarchicalTestExecutorService.invokeAll(SameThreadHierarchicalTestExecutorService.java:41)
	at org.junit.platform.engine.support.hierarchical.NodeTestTask.lambda$executeRecursively$6(NodeTestTask.java:155)
	at org.junit.platform.engine.support.hierarchical.ThrowableCollector.execute(ThrowableCollector.java:73)
	at org.junit.platform.engine.support.hierarchical.NodeTestTask.lambda$executeRecursively$8(NodeTestTask.java:141)
	at org.junit.platform.engine.support.hierarchical.Node.around(Node.java:137)
	at org.junit.platform.engine.support.hierarchical.NodeTestTask.lambda$executeRecursively$9(NodeTestTask.java:139)
	at org.junit.platform.engine.support.hierarchical.ThrowableCollector.execute(ThrowableCollector.java:73)
	at org.junit.platform.engine.support.hierarchical.NodeTestTask.executeRecursively(NodeTestTask.java:138)
	at org.junit.platform.engine.support.hierarchical.NodeTestTask.execute(NodeTestTask.java:95)
	at java.base/java.util.ArrayList.forEach(ArrayList.java:1541)
	at org.junit.platform.engine.support.hierarchical.SameThreadHierarchicalTestExecutorService.invokeAll(SameThreadHierarchicalTestExecutorService.java:41)
	at org.junit.platform.engine.support.hierarchical.NodeTestTask.lambda$executeRecursively$6(NodeTestTask.java:155)
	at org.junit.platform.engine.support.hierarchical.ThrowableCollector.execute(ThrowableCollector.java:73)
	at org.junit.platform.engine.support.hierarchical.NodeTestTask.lambda$executeRecursively$8(NodeTestTask.java:141)
	at org.junit.platform.engine.support.hierarchical.Node.around(Node.java:137)
	at org.junit.platform.engine.support.hierarchical.NodeTestTask.lambda$executeRecursively$9(NodeTestTask.java:139)
	at org.junit.platform.engine.support.hierarchical.ThrowableCollector.execute(ThrowableCollector.java:73)
	at org.junit.platform.engine.support.hierarchical.NodeTestTask.executeRecursively(NodeTestTask.java:138)
	at org.junit.platform.engine.support.hierarchical.NodeTestTask.execute(NodeTestTask.java:95)
	at org.junit.platform.engine.support.hierarchical.SameThreadHierarchicalTestExecutorService.submit(SameThreadHierarchicalTestExecutorService.java:35)
	at org.junit.platform.engine.support.hierarchical.HierarchicalTestExecutor.execute(HierarchicalTestExecutor.java:57)
	at org.junit.platform.engine.support.hierarchical.HierarchicalTestEngine.execute(HierarchicalTestEngine.java:54)
	at org.junit.platform.launcher.core.EngineExecutionOrchestrator.execute(EngineExecutionOrchestrator.java:198)
	at org.junit.platform.launcher.core.EngineExecutionOrchestrator.execute(EngineExecutionOrchestrator.java:169)
	at org.junit.platform.launcher.core.EngineExecutionOrchestrator.execute(EngineExecutionOrchestrator.java:93)
	at org.junit.platform.launcher.core.EngineExecutionOrchestrator.lambda$execute$0(EngineExecutionOrchestrator.java:58)
	at org.junit.platform.launcher.core.EngineExecutionOrchestrator.withInterceptedStreams(EngineExecutionOrchestrator.java:141)
	at org.junit.platform.launcher.core.EngineExecutionOrchestrator.execute(EngineExecutionOrchestrator.java:57)
	at org.junit.platform.launcher.core.DefaultLauncher.execute(DefaultLauncher.java:103)
	at org.junit.platform.launcher.core.DefaultLauncher.execute(DefaultLauncher.java:85)
	at org.junit.platform.launcher.core.DelegatingLauncher.execute(DelegatingLauncher.java:47)
	at org.apache.maven.surefire.junitplatform.LazyLauncher.execute(LazyLauncher.java:55)
	at org.apache.maven.surefire.junitplatform.JUnitPlatformProvider.execute(JUnitPlatformProvider.java:223)
	at org.apache.maven.surefire.junitplatform.JUnitPlatformProvider.invokeAllTests(JUnitPlatformProvider.java:175)
	at org.apache.maven.surefire.junitplatform.JUnitPlatformProvider.invoke(JUnitPlatformProvider.java:139)
	at org.apache.maven.surefire.booter.ForkedBooter.runSuitesInProcess(ForkedBooter.java:456)
	at org.apache.maven.surefire.booter.ForkedBooter.execute(ForkedBooter.java:169)
	at org.apache.maven.surefire.booter.ForkedBooter.run(ForkedBooter.java:595)
	at org.apache.maven.surefire.booter.ForkedBooter.main(ForkedBooter.java:581)
2025-06-04 18:55:18 [main] INFO  c.s.service.FlightServiceImpl - Flight updated: AI101
2025-06-04 18:55:18 [main] INFO  c.s.service.FlightServiceImpl - Importing flights from file: flights.csv
2025-06-04 18:55:18 [main] DEBUG c.s.service.FlightServiceImpl - Saved flight: AI101
2025-06-04 18:55:18 [main] INFO  c.s.service.FlightServiceImpl - Total valid flights imported: 1
2025-06-04 18:55:18 [main] DEBUG c.s.service.FlightServiceImpl - Fetching all flights
2025-06-04 18:55:18 [main] INFO  c.s.service.FlightServiceImpl - Importing flights from file: flights.xml
2025-06-04 18:55:18 [main] DEBUG c.s.service.FlightServiceImpl - Saved flight: AI101
2025-06-04 18:55:18 [main] INFO  c.s.service.FlightServiceImpl - Total valid flights imported: 1
2025-06-04 18:55:18 [main] DEBUG c.s.service.FlightServiceImpl - Retrieving flight with number: AI101
2025-06-04 18:55:18 [main] INFO  c.s.service.FlightServiceImpl - Flight saved: AI101
2025-06-04 18:55:18 [main] DEBUG c.s.service.FlightServiceImpl - Retrieving flight with ID: 1
2025-06-04 18:55:18 [main] INFO  c.s.service.UserServiceImpl - User loaded for authentication: testuser
2025-06-04 18:55:18 [main] WARN  c.s.service.UserServiceImpl - Username is null or empty
2025-06-04 18:55:18 [main] WARN  c.s.service.UserServiceImpl - Username is null or empty
2025-06-04 18:55:18 [main] INFO  c.s.service.UserServiceImpl - User updated successfully: testuser
2025-06-04 18:55:18 [main] WARN  c.s.service.UserServiceImpl - Attempted to update null user
2025-06-04 18:55:18 [main] WARN  c.s.service.UserServiceImpl - Attempted to save null user
2025-06-04 18:55:18 [main] WARN  c.s.service.UserServiceImpl - User not found: nouser
2025-06-04 18:55:18 [main] INFO  c.s.service.UserServiceImpl - User saved successfully: testuser
2025-06-04 19:03:40 [main] WARN  c.s.controller.AdminController - No file selected for upload.
2025-06-04 19:03:40 [main] WARN  c.s.controller.AdminController - Admin login error occurred.
2025-06-04 19:03:40 [main] INFO  c.s.controller.AdminController - Loading admin dashboard for user: admin
2025-06-04 19:03:40 [main] INFO  c.s.controller.AdminController - Uploading file: test.csv
2025-06-04 19:03:40 [main] DEBUG c.s.controller.AdminController - Opening add flight form.
2025-06-04 19:03:40 [main] DEBUG c.s.controller.AdminController - Opening upload page.
2025-06-04 19:03:40 [main] DEBUG c.s.controller.AdminController - Opening admin settings page.
2025-06-04 19:03:40 [main] DEBUG c.s.controller.UserController - Registration form opened.
2025-06-04 19:03:40 [main] INFO  c.s.controller.UserController - Attempting to register user: null
2025-06-04 19:03:40 [main] WARN  c.s.controller.UserController - Validation errors during registration for user: null
2025-06-04 19:03:40 [main] DEBUG c.s.controller.UserController - Home page accessed.
2025-06-04 19:03:40 [main] WARN  c.s.controller.UserController - Unauthorized AJAX flight search.
2025-06-04 19:03:41 [main] DEBUG com.searchflights.dao.FlightDaoImpl - Fetched all flights, count: 0
2025-06-04 19:03:41 [main] DEBUG com.searchflights.dao.FlightDaoImpl - Search completed. Parameters: com.searchflights.model.FlightSearchParameters@2bec068b, Results found: 1
2025-06-04 19:03:41 [main] INFO  com.searchflights.dao.FlightDaoImpl - Deleted flight with ID: 1
2025-06-04 19:03:41 [main] WARN  com.searchflights.dao.FlightDaoImpl - Attempted to delete non-existing flight with ID: 2
2025-06-04 19:03:41 [main] DEBUG com.searchflights.dao.FlightDaoImpl - Fetched flight by number: AI101
2025-06-04 19:03:41 [main] DEBUG com.searchflights.dao.FlightDaoImpl - Fetched flight by ID: 1
2025-06-04 19:03:41 [main] INFO  com.searchflights.dao.FlightDaoImpl - Updated flight: AI102
2025-06-04 19:03:41 [main] INFO  com.searchflights.dao.FlightDaoImpl - Saved or updated flight: AI101
2025-06-04 19:03:41 [main] INFO  com.searchflights.dao.FlightDaoImpl - Called importFromCSV() - not implemented
2025-06-04 19:03:41 [main] INFO  com.searchflights.dao.FlightDaoImpl - Called importFromExcel() - not implemented
2025-06-04 19:03:41 [main] INFO  com.searchflights.dao.FlightDaoImpl - Called importFromWord() - not implemented
2025-06-04 19:03:41 [main] INFO  com.searchflights.dao.FlightDaoImpl - Called importFromXML() - not implemented
2025-06-04 19:03:41 [main] DEBUG com.searchflights.dao.UserDaoImpl - Fetched all users. Count: 1
2025-06-04 19:03:41 [main] DEBUG com.searchflights.dao.UserDaoImpl - Total user count: 1
2025-06-04 19:03:41 [main] WARN  com.searchflights.dao.UserDaoImpl - Authentication failed for username: wronguser
2025-06-04 19:03:41 [main] INFO  com.searchflights.dao.UserDaoImpl - User authenticated: testuser
2025-06-04 19:03:41 [main] INFO  com.searchflights.dao.UserDaoImpl - Updated user: testuser
2025-06-04 19:03:41 [main] DEBUG com.searchflights.dao.UserDaoImpl - User found by email: test@example.com
2025-06-04 19:03:41 [main] DEBUG com.searchflights.dao.UserDaoImpl - User found by username: testuser
2025-06-04 19:03:41 [main] INFO  com.searchflights.dao.UserDaoImpl - Saved or updated user: testuser
2025-06-04 19:03:41 [main] ERROR c.s.service.FlightServiceImpl - No file provided for import
2025-06-04 19:03:41 [main] INFO  c.s.service.FlightServiceImpl - Importing flights from file: flights.xlsx
2025-06-04 19:03:41 [main] DEBUG c.s.service.FlightServiceImpl - Saved flight: AI101
2025-06-04 19:03:41 [main] INFO  c.s.service.FlightServiceImpl - Total valid flights imported: 1
2025-06-04 19:03:41 [main] DEBUG c.s.service.FlightServiceImpl - Searching flights with parameters: com.searchflights.model.FlightSearchParameters@13192275
2025-06-04 19:03:41 [main] INFO  c.s.service.FlightServiceImpl - Deleting flight with ID: 1
2025-06-04 19:03:41 [main] INFO  c.s.service.FlightServiceImpl - Flight deleted: 1
2025-06-04 19:03:41 [main] INFO  c.s.service.FlightServiceImpl - Importing flights from file: flights.docx
2025-06-04 19:03:41 [main] DEBUG c.s.service.FlightServiceImpl - Saved flight: AI101
2025-06-04 19:03:41 [main] INFO  c.s.service.FlightServiceImpl - Total valid flights imported: 1
2025-06-04 19:03:41 [main] INFO  c.s.service.FlightServiceImpl - Importing flights from file: flights.txt
2025-06-04 19:03:41 [main] ERROR c.s.service.FlightServiceImpl - Unsupported file format: flights.txt
2025-06-04 19:03:41 [main] ERROR c.s.service.FlightServiceImpl - Failed to import flights: Unsupported file format: flights.txt
java.lang.IllegalArgumentException: Unsupported file format: flights.txt
	at com.searchflights.service.FlightServiceImpl.importFromCSV(FlightServiceImpl.java:97)
	at com.searchflights.service.FlightServiceImplTest.lambda$importFromCSV_ShouldThrowExceptionOnUnsupportedFormat$8(FlightServiceImplTest.java:170)
	at org.junit.jupiter.api.AssertThrows.assertThrows(AssertThrows.java:53)
	at org.junit.jupiter.api.AssertThrows.assertThrows(AssertThrows.java:35)
	at org.junit.jupiter.api.Assertions.assertThrows(Assertions.java:3111)
	at com.searchflights.service.FlightServiceImplTest.importFromCSV_ShouldThrowExceptionOnUnsupportedFormat(FlightServiceImplTest.java:169)
	at java.base/jdk.internal.reflect.NativeMethodAccessorImpl.invoke0(Native Method)
	at java.base/jdk.internal.reflect.NativeMethodAccessorImpl.invoke(NativeMethodAccessorImpl.java:62)
	at java.base/jdk.internal.reflect.DelegatingMethodAccessorImpl.invoke(DelegatingMethodAccessorImpl.java:43)
	at java.base/java.lang.reflect.Method.invoke(Method.java:566)
	at org.junit.platform.commons.util.ReflectionUtils.invokeMethod(ReflectionUtils.java:728)
	at org.junit.jupiter.engine.execution.MethodInvocation.proceed(MethodInvocation.java:60)
	at org.junit.jupiter.engine.execution.InvocationInterceptorChain$ValidatingInvocation.proceed(InvocationInterceptorChain.java:131)
	at org.junit.jupiter.engine.extension.TimeoutExtension.intercept(TimeoutExtension.java:156)
	at org.junit.jupiter.engine.extension.TimeoutExtension.interceptTestableMethod(TimeoutExtension.java:147)
	at org.junit.jupiter.engine.extension.TimeoutExtension.interceptTestMethod(TimeoutExtension.java:86)
	at org.junit.jupiter.engine.execution.InterceptingExecutableInvoker$ReflectiveInterceptorCall.lambda$ofVoidMethod$0(InterceptingExecutableInvoker.java:103)
	at org.junit.jupiter.engine.execution.InterceptingExecutableInvoker.lambda$invoke$0(InterceptingExecutableInvoker.java:93)
	at org.junit.jupiter.engine.execution.InvocationInterceptorChain$InterceptedInvocation.proceed(InvocationInterceptorChain.java:106)
	at org.junit.jupiter.engine.execution.InvocationInterceptorChain.proceed(InvocationInterceptorChain.java:64)
	at org.junit.jupiter.engine.execution.InvocationInterceptorChain.chainAndInvoke(InvocationInterceptorChain.java:45)
	at org.junit.jupiter.engine.execution.InvocationInterceptorChain.invoke(InvocationInterceptorChain.java:37)
	at org.junit.jupiter.engine.execution.InterceptingExecutableInvoker.invoke(InterceptingExecutableInvoker.java:92)
	at org.junit.jupiter.engine.execution.InterceptingExecutableInvoker.invoke(InterceptingExecutableInvoker.java:86)
	at org.junit.jupiter.engine.descriptor.TestMethodTestDescriptor.lambda$invokeTestMethod$7(TestMethodTestDescriptor.java:218)
	at org.junit.platform.engine.support.hierarchical.ThrowableCollector.execute(ThrowableCollector.java:73)
	at org.junit.jupiter.engine.descriptor.TestMethodTestDescriptor.invokeTestMethod(TestMethodTestDescriptor.java:214)
	at org.junit.jupiter.engine.descriptor.TestMethodTestDescriptor.execute(TestMethodTestDescriptor.java:139)
	at org.junit.jupiter.engine.descriptor.TestMethodTestDescriptor.execute(TestMethodTestDescriptor.java:69)
	at org.junit.platform.engine.support.hierarchical.NodeTestTask.lambda$executeRecursively$6(NodeTestTask.java:151)
	at org.junit.platform.engine.support.hierarchical.ThrowableCollector.execute(ThrowableCollector.java:73)
	at org.junit.platform.engine.support.hierarchical.NodeTestTask.lambda$executeRecursively$8(NodeTestTask.java:141)
	at org.junit.platform.engine.support.hierarchical.Node.around(Node.java:137)
	at org.junit.platform.engine.support.hierarchical.NodeTestTask.lambda$executeRecursively$9(NodeTestTask.java:139)
	at org.junit.platform.engine.support.hierarchical.ThrowableCollector.execute(ThrowableCollector.java:73)
	at org.junit.platform.engine.support.hierarchical.NodeTestTask.executeRecursively(NodeTestTask.java:138)
	at org.junit.platform.engine.support.hierarchical.NodeTestTask.execute(NodeTestTask.java:95)
	at java.base/java.util.ArrayList.forEach(ArrayList.java:1541)
	at org.junit.platform.engine.support.hierarchical.SameThreadHierarchicalTestExecutorService.invokeAll(SameThreadHierarchicalTestExecutorService.java:41)
	at org.junit.platform.engine.support.hierarchical.NodeTestTask.lambda$executeRecursively$6(NodeTestTask.java:155)
	at org.junit.platform.engine.support.hierarchical.ThrowableCollector.execute(ThrowableCollector.java:73)
	at org.junit.platform.engine.support.hierarchical.NodeTestTask.lambda$executeRecursively$8(NodeTestTask.java:141)
	at org.junit.platform.engine.support.hierarchical.Node.around(Node.java:137)
	at org.junit.platform.engine.support.hierarchical.NodeTestTask.lambda$executeRecursively$9(NodeTestTask.java:139)
	at org.junit.platform.engine.support.hierarchical.ThrowableCollector.execute(ThrowableCollector.java:73)
	at org.junit.platform.engine.support.hierarchical.NodeTestTask.executeRecursively(NodeTestTask.java:138)
	at org.junit.platform.engine.support.hierarchical.NodeTestTask.execute(NodeTestTask.java:95)
	at java.base/java.util.ArrayList.forEach(ArrayList.java:1541)
	at org.junit.platform.engine.support.hierarchical.SameThreadHierarchicalTestExecutorService.invokeAll(SameThreadHierarchicalTestExecutorService.java:41)
	at org.junit.platform.engine.support.hierarchical.NodeTestTask.lambda$executeRecursively$6(NodeTestTask.java:155)
	at org.junit.platform.engine.support.hierarchical.ThrowableCollector.execute(ThrowableCollector.java:73)
	at org.junit.platform.engine.support.hierarchical.NodeTestTask.lambda$executeRecursively$8(NodeTestTask.java:141)
	at org.junit.platform.engine.support.hierarchical.Node.around(Node.java:137)
	at org.junit.platform.engine.support.hierarchical.NodeTestTask.lambda$executeRecursively$9(NodeTestTask.java:139)
	at org.junit.platform.engine.support.hierarchical.ThrowableCollector.execute(ThrowableCollector.java:73)
	at org.junit.platform.engine.support.hierarchical.NodeTestTask.executeRecursively(NodeTestTask.java:138)
	at org.junit.platform.engine.support.hierarchical.NodeTestTask.execute(NodeTestTask.java:95)
	at org.junit.platform.engine.support.hierarchical.SameThreadHierarchicalTestExecutorService.submit(SameThreadHierarchicalTestExecutorService.java:35)
	at org.junit.platform.engine.support.hierarchical.HierarchicalTestExecutor.execute(HierarchicalTestExecutor.java:57)
	at org.junit.platform.engine.support.hierarchical.HierarchicalTestEngine.execute(HierarchicalTestEngine.java:54)
	at org.junit.platform.launcher.core.EngineExecutionOrchestrator.execute(EngineExecutionOrchestrator.java:198)
	at org.junit.platform.launcher.core.EngineExecutionOrchestrator.execute(EngineExecutionOrchestrator.java:169)
	at org.junit.platform.launcher.core.EngineExecutionOrchestrator.execute(EngineExecutionOrchestrator.java:93)
	at org.junit.platform.launcher.core.EngineExecutionOrchestrator.lambda$execute$0(EngineExecutionOrchestrator.java:58)
	at org.junit.platform.launcher.core.EngineExecutionOrchestrator.withInterceptedStreams(EngineExecutionOrchestrator.java:141)
	at org.junit.platform.launcher.core.EngineExecutionOrchestrator.execute(EngineExecutionOrchestrator.java:57)
	at org.junit.platform.launcher.core.DefaultLauncher.execute(DefaultLauncher.java:103)
	at org.junit.platform.launcher.core.DefaultLauncher.execute(DefaultLauncher.java:85)
	at org.junit.platform.launcher.core.DelegatingLauncher.execute(DelegatingLauncher.java:47)
	at org.apache.maven.surefire.junitplatform.LazyLauncher.execute(LazyLauncher.java:55)
	at org.apache.maven.surefire.junitplatform.JUnitPlatformProvider.execute(JUnitPlatformProvider.java:223)
	at org.apache.maven.surefire.junitplatform.JUnitPlatformProvider.invokeAllTests(JUnitPlatformProvider.java:175)
	at org.apache.maven.surefire.junitplatform.JUnitPlatformProvider.invoke(JUnitPlatformProvider.java:139)
	at org.apache.maven.surefire.booter.ForkedBooter.runSuitesInProcess(ForkedBooter.java:456)
	at org.apache.maven.surefire.booter.ForkedBooter.execute(ForkedBooter.java:169)
	at org.apache.maven.surefire.booter.ForkedBooter.run(ForkedBooter.java:595)
	at org.apache.maven.surefire.booter.ForkedBooter.main(ForkedBooter.java:581)
2025-06-04 19:03:41 [main] INFO  c.s.service.FlightServiceImpl - Flight updated: AI101
2025-06-04 19:03:41 [main] INFO  c.s.service.FlightServiceImpl - Importing flights from file: flights.csv
2025-06-04 19:03:41 [main] DEBUG c.s.service.FlightServiceImpl - Saved flight: AI101
2025-06-04 19:03:41 [main] INFO  c.s.service.FlightServiceImpl - Total valid flights imported: 1
2025-06-04 19:03:41 [main] DEBUG c.s.service.FlightServiceImpl - Fetching all flights
2025-06-04 19:03:41 [main] INFO  c.s.service.FlightServiceImpl - Importing flights from file: flights.xml
2025-06-04 19:03:41 [main] DEBUG c.s.service.FlightServiceImpl - Saved flight: AI101
2025-06-04 19:03:41 [main] INFO  c.s.service.FlightServiceImpl - Total valid flights imported: 1
2025-06-04 19:03:41 [main] DEBUG c.s.service.FlightServiceImpl - Retrieving flight with number: AI101
2025-06-04 19:03:41 [main] INFO  c.s.service.FlightServiceImpl - Flight saved: AI101
2025-06-04 19:03:41 [main] DEBUG c.s.service.FlightServiceImpl - Retrieving flight with ID: 1
2025-06-04 19:03:41 [main] INFO  c.s.service.UserServiceImpl - User loaded for authentication: testuser
2025-06-04 19:03:42 [main] WARN  c.s.service.UserServiceImpl - Username is null or empty
2025-06-04 19:03:42 [main] WARN  c.s.service.UserServiceImpl - Username is null or empty
2025-06-04 19:03:42 [main] INFO  c.s.service.UserServiceImpl - User updated successfully: testuser
2025-06-04 19:03:42 [main] WARN  c.s.service.UserServiceImpl - Attempted to update null user
2025-06-04 19:03:42 [main] WARN  c.s.service.UserServiceImpl - Attempted to save null user
2025-06-04 19:03:42 [main] WARN  c.s.service.UserServiceImpl - User not found: nouser
2025-06-04 19:03:42 [main] INFO  c.s.service.UserServiceImpl - User saved successfully: testuser
2025-06-04 19:06:06 [main] WARN  c.s.controller.AdminController - No file selected for upload.
2025-06-04 19:06:06 [main] WARN  c.s.controller.AdminController - Admin login error occurred.
2025-06-04 19:06:06 [main] INFO  c.s.controller.AdminController - Loading admin dashboard for user: admin
2025-06-04 19:06:06 [main] INFO  c.s.controller.AdminController - Uploading file: test.csv
2025-06-04 19:06:06 [main] DEBUG c.s.controller.AdminController - Opening add flight form.
2025-06-04 19:06:06 [main] DEBUG c.s.controller.AdminController - Opening upload page.
2025-06-04 19:06:06 [main] DEBUG c.s.controller.AdminController - Opening admin settings page.
2025-06-04 19:06:07 [main] DEBUG c.s.controller.UserController - Registration form opened.
2025-06-04 19:06:07 [main] INFO  c.s.controller.UserController - Attempting to register user: null
2025-06-04 19:06:07 [main] WARN  c.s.controller.UserController - Validation errors during registration for user: null
2025-06-04 19:06:07 [main] DEBUG c.s.controller.UserController - Home page accessed.
2025-06-04 19:06:07 [main] WARN  c.s.controller.UserController - Unauthorized AJAX flight search.
2025-06-04 19:06:07 [main] DEBUG com.searchflights.dao.FlightDaoImpl - Fetched all flights, count: 0
2025-06-04 19:06:07 [main] DEBUG com.searchflights.dao.FlightDaoImpl - Search completed. Parameters: com.searchflights.model.FlightSearchParameters@64656b9e, Results found: 1
2025-06-04 19:06:07 [main] INFO  com.searchflights.dao.FlightDaoImpl - Deleted flight with ID: 1
2025-06-04 19:06:07 [main] WARN  com.searchflights.dao.FlightDaoImpl - Attempted to delete non-existing flight with ID: 2
2025-06-04 19:06:07 [main] DEBUG com.searchflights.dao.FlightDaoImpl - Fetched flight by number: AI101
2025-06-04 19:06:07 [main] DEBUG com.searchflights.dao.FlightDaoImpl - Fetched flight by ID: 1
2025-06-04 19:06:07 [main] INFO  com.searchflights.dao.FlightDaoImpl - Updated flight: AI102
2025-06-04 19:06:07 [main] INFO  com.searchflights.dao.FlightDaoImpl - Saved or updated flight: AI101
2025-06-04 19:06:07 [main] INFO  com.searchflights.dao.FlightDaoImpl - Called importFromCSV() - not implemented
2025-06-04 19:06:07 [main] INFO  com.searchflights.dao.FlightDaoImpl - Called importFromExcel() - not implemented
2025-06-04 19:06:07 [main] INFO  com.searchflights.dao.FlightDaoImpl - Called importFromWord() - not implemented
2025-06-04 19:06:07 [main] INFO  com.searchflights.dao.FlightDaoImpl - Called importFromXML() - not implemented
2025-06-04 19:06:07 [main] DEBUG com.searchflights.dao.UserDaoImpl - Fetched all users. Count: 1
2025-06-04 19:06:07 [main] DEBUG com.searchflights.dao.UserDaoImpl - Total user count: 1
2025-06-04 19:06:07 [main] WARN  com.searchflights.dao.UserDaoImpl - Authentication failed for username: wronguser
2025-06-04 19:06:07 [main] INFO  com.searchflights.dao.UserDaoImpl - User authenticated: testuser
2025-06-04 19:06:07 [main] INFO  com.searchflights.dao.UserDaoImpl - Updated user: testuser
2025-06-04 19:06:07 [main] DEBUG com.searchflights.dao.UserDaoImpl - User found by email: test@example.com
2025-06-04 19:06:07 [main] DEBUG com.searchflights.dao.UserDaoImpl - User found by username: testuser
2025-06-04 19:06:07 [main] INFO  com.searchflights.dao.UserDaoImpl - Saved or updated user: testuser
2025-06-04 19:06:08 [main] ERROR c.s.service.FlightServiceImpl - No file provided for import
2025-06-04 19:06:08 [main] INFO  c.s.service.FlightServiceImpl - Importing flights from file: flights.xlsx
2025-06-04 19:06:08 [main] DEBUG c.s.service.FlightServiceImpl - Saved flight: AI101
2025-06-04 19:06:08 [main] INFO  c.s.service.FlightServiceImpl - Total valid flights imported: 1
2025-06-04 19:06:08 [main] DEBUG c.s.service.FlightServiceImpl - Searching flights with parameters: com.searchflights.model.FlightSearchParameters@624b3544
2025-06-04 19:06:08 [main] INFO  c.s.service.FlightServiceImpl - Deleting flight with ID: 1
2025-06-04 19:06:08 [main] INFO  c.s.service.FlightServiceImpl - Flight deleted: 1
2025-06-04 19:06:08 [main] INFO  c.s.service.FlightServiceImpl - Importing flights from file: flights.docx
2025-06-04 19:06:08 [main] DEBUG c.s.service.FlightServiceImpl - Saved flight: AI101
2025-06-04 19:06:08 [main] INFO  c.s.service.FlightServiceImpl - Total valid flights imported: 1
2025-06-04 19:06:08 [main] INFO  c.s.service.FlightServiceImpl - Importing flights from file: flights.txt
2025-06-04 19:06:08 [main] ERROR c.s.service.FlightServiceImpl - Unsupported file format: flights.txt
2025-06-04 19:06:08 [main] ERROR c.s.service.FlightServiceImpl - Failed to import flights: Unsupported file format: flights.txt
java.lang.IllegalArgumentException: Unsupported file format: flights.txt
	at com.searchflights.service.FlightServiceImpl.importFromCSV(FlightServiceImpl.java:97)
	at com.searchflights.service.FlightServiceImplTest.lambda$importFromCSV_ShouldThrowExceptionOnUnsupportedFormat$8(FlightServiceImplTest.java:170)
	at org.junit.jupiter.api.AssertThrows.assertThrows(AssertThrows.java:53)
	at org.junit.jupiter.api.AssertThrows.assertThrows(AssertThrows.java:35)
	at org.junit.jupiter.api.Assertions.assertThrows(Assertions.java:3111)
	at com.searchflights.service.FlightServiceImplTest.importFromCSV_ShouldThrowExceptionOnUnsupportedFormat(FlightServiceImplTest.java:169)
	at java.base/jdk.internal.reflect.NativeMethodAccessorImpl.invoke0(Native Method)
	at java.base/jdk.internal.reflect.NativeMethodAccessorImpl.invoke(NativeMethodAccessorImpl.java:62)
	at java.base/jdk.internal.reflect.DelegatingMethodAccessorImpl.invoke(DelegatingMethodAccessorImpl.java:43)
	at java.base/java.lang.reflect.Method.invoke(Method.java:566)
	at org.junit.platform.commons.util.ReflectionUtils.invokeMethod(ReflectionUtils.java:728)
	at org.junit.jupiter.engine.execution.MethodInvocation.proceed(MethodInvocation.java:60)
	at org.junit.jupiter.engine.execution.InvocationInterceptorChain$ValidatingInvocation.proceed(InvocationInterceptorChain.java:131)
	at org.junit.jupiter.engine.extension.TimeoutExtension.intercept(TimeoutExtension.java:156)
	at org.junit.jupiter.engine.extension.TimeoutExtension.interceptTestableMethod(TimeoutExtension.java:147)
	at org.junit.jupiter.engine.extension.TimeoutExtension.interceptTestMethod(TimeoutExtension.java:86)
	at org.junit.jupiter.engine.execution.InterceptingExecutableInvoker$ReflectiveInterceptorCall.lambda$ofVoidMethod$0(InterceptingExecutableInvoker.java:103)
	at org.junit.jupiter.engine.execution.InterceptingExecutableInvoker.lambda$invoke$0(InterceptingExecutableInvoker.java:93)
	at org.junit.jupiter.engine.execution.InvocationInterceptorChain$InterceptedInvocation.proceed(InvocationInterceptorChain.java:106)
	at org.junit.jupiter.engine.execution.InvocationInterceptorChain.proceed(InvocationInterceptorChain.java:64)
	at org.junit.jupiter.engine.execution.InvocationInterceptorChain.chainAndInvoke(InvocationInterceptorChain.java:45)
	at org.junit.jupiter.engine.execution.InvocationInterceptorChain.invoke(InvocationInterceptorChain.java:37)
	at org.junit.jupiter.engine.execution.InterceptingExecutableInvoker.invoke(InterceptingExecutableInvoker.java:92)
	at org.junit.jupiter.engine.execution.InterceptingExecutableInvoker.invoke(InterceptingExecutableInvoker.java:86)
	at org.junit.jupiter.engine.descriptor.TestMethodTestDescriptor.lambda$invokeTestMethod$7(TestMethodTestDescriptor.java:218)
	at org.junit.platform.engine.support.hierarchical.ThrowableCollector.execute(ThrowableCollector.java:73)
	at org.junit.jupiter.engine.descriptor.TestMethodTestDescriptor.invokeTestMethod(TestMethodTestDescriptor.java:214)
	at org.junit.jupiter.engine.descriptor.TestMethodTestDescriptor.execute(TestMethodTestDescriptor.java:139)
	at org.junit.jupiter.engine.descriptor.TestMethodTestDescriptor.execute(TestMethodTestDescriptor.java:69)
	at org.junit.platform.engine.support.hierarchical.NodeTestTask.lambda$executeRecursively$6(NodeTestTask.java:151)
	at org.junit.platform.engine.support.hierarchical.ThrowableCollector.execute(ThrowableCollector.java:73)
	at org.junit.platform.engine.support.hierarchical.NodeTestTask.lambda$executeRecursively$8(NodeTestTask.java:141)
	at org.junit.platform.engine.support.hierarchical.Node.around(Node.java:137)
	at org.junit.platform.engine.support.hierarchical.NodeTestTask.lambda$executeRecursively$9(NodeTestTask.java:139)
	at org.junit.platform.engine.support.hierarchical.ThrowableCollector.execute(ThrowableCollector.java:73)
	at org.junit.platform.engine.support.hierarchical.NodeTestTask.executeRecursively(NodeTestTask.java:138)
	at org.junit.platform.engine.support.hierarchical.NodeTestTask.execute(NodeTestTask.java:95)
	at java.base/java.util.ArrayList.forEach(ArrayList.java:1541)
	at org.junit.platform.engine.support.hierarchical.SameThreadHierarchicalTestExecutorService.invokeAll(SameThreadHierarchicalTestExecutorService.java:41)
	at org.junit.platform.engine.support.hierarchical.NodeTestTask.lambda$executeRecursively$6(NodeTestTask.java:155)
	at org.junit.platform.engine.support.hierarchical.ThrowableCollector.execute(ThrowableCollector.java:73)
	at org.junit.platform.engine.support.hierarchical.NodeTestTask.lambda$executeRecursively$8(NodeTestTask.java:141)
	at org.junit.platform.engine.support.hierarchical.Node.around(Node.java:137)
	at org.junit.platform.engine.support.hierarchical.NodeTestTask.lambda$executeRecursively$9(NodeTestTask.java:139)
	at org.junit.platform.engine.support.hierarchical.ThrowableCollector.execute(ThrowableCollector.java:73)
	at org.junit.platform.engine.support.hierarchical.NodeTestTask.executeRecursively(NodeTestTask.java:138)
	at org.junit.platform.engine.support.hierarchical.NodeTestTask.execute(NodeTestTask.java:95)
	at java.base/java.util.ArrayList.forEach(ArrayList.java:1541)
	at org.junit.platform.engine.support.hierarchical.SameThreadHierarchicalTestExecutorService.invokeAll(SameThreadHierarchicalTestExecutorService.java:41)
	at org.junit.platform.engine.support.hierarchical.NodeTestTask.lambda$executeRecursively$6(NodeTestTask.java:155)
	at org.junit.platform.engine.support.hierarchical.ThrowableCollector.execute(ThrowableCollector.java:73)
	at org.junit.platform.engine.support.hierarchical.NodeTestTask.lambda$executeRecursively$8(NodeTestTask.java:141)
	at org.junit.platform.engine.support.hierarchical.Node.around(Node.java:137)
	at org.junit.platform.engine.support.hierarchical.NodeTestTask.lambda$executeRecursively$9(NodeTestTask.java:139)
	at org.junit.platform.engine.support.hierarchical.ThrowableCollector.execute(ThrowableCollector.java:73)
	at org.junit.platform.engine.support.hierarchical.NodeTestTask.executeRecursively(NodeTestTask.java:138)
	at org.junit.platform.engine.support.hierarchical.NodeTestTask.execute(NodeTestTask.java:95)
	at org.junit.platform.engine.support.hierarchical.SameThreadHierarchicalTestExecutorService.submit(SameThreadHierarchicalTestExecutorService.java:35)
	at org.junit.platform.engine.support.hierarchical.HierarchicalTestExecutor.execute(HierarchicalTestExecutor.java:57)
	at org.junit.platform.engine.support.hierarchical.HierarchicalTestEngine.execute(HierarchicalTestEngine.java:54)
	at org.junit.platform.launcher.core.EngineExecutionOrchestrator.execute(EngineExecutionOrchestrator.java:198)
	at org.junit.platform.launcher.core.EngineExecutionOrchestrator.execute(EngineExecutionOrchestrator.java:169)
	at org.junit.platform.launcher.core.EngineExecutionOrchestrator.execute(EngineExecutionOrchestrator.java:93)
	at org.junit.platform.launcher.core.EngineExecutionOrchestrator.lambda$execute$0(EngineExecutionOrchestrator.java:58)
	at org.junit.platform.launcher.core.EngineExecutionOrchestrator.withInterceptedStreams(EngineExecutionOrchestrator.java:141)
	at org.junit.platform.launcher.core.EngineExecutionOrchestrator.execute(EngineExecutionOrchestrator.java:57)
	at org.junit.platform.launcher.core.DefaultLauncher.execute(DefaultLauncher.java:103)
	at org.junit.platform.launcher.core.DefaultLauncher.execute(DefaultLauncher.java:85)
	at org.junit.platform.launcher.core.DelegatingLauncher.execute(DelegatingLauncher.java:47)
	at org.apache.maven.surefire.junitplatform.LazyLauncher.execute(LazyLauncher.java:55)
	at org.apache.maven.surefire.junitplatform.JUnitPlatformProvider.execute(JUnitPlatformProvider.java:223)
	at org.apache.maven.surefire.junitplatform.JUnitPlatformProvider.invokeAllTests(JUnitPlatformProvider.java:175)
	at org.apache.maven.surefire.junitplatform.JUnitPlatformProvider.invoke(JUnitPlatformProvider.java:139)
	at org.apache.maven.surefire.booter.ForkedBooter.runSuitesInProcess(ForkedBooter.java:456)
	at org.apache.maven.surefire.booter.ForkedBooter.execute(ForkedBooter.java:169)
	at org.apache.maven.surefire.booter.ForkedBooter.run(ForkedBooter.java:595)
	at org.apache.maven.surefire.booter.ForkedBooter.main(ForkedBooter.java:581)
2025-06-04 19:06:08 [main] INFO  c.s.service.FlightServiceImpl - Flight updated: AI101
2025-06-04 19:06:08 [main] INFO  c.s.service.FlightServiceImpl - Importing flights from file: flights.csv
2025-06-04 19:06:08 [main] DEBUG c.s.service.FlightServiceImpl - Saved flight: AI101
2025-06-04 19:06:08 [main] INFO  c.s.service.FlightServiceImpl - Total valid flights imported: 1
2025-06-04 19:06:08 [main] DEBUG c.s.service.FlightServiceImpl - Fetching all flights
2025-06-04 19:06:08 [main] INFO  c.s.service.FlightServiceImpl - Importing flights from file: flights.xml
2025-06-04 19:06:08 [main] DEBUG c.s.service.FlightServiceImpl - Saved flight: AI101
2025-06-04 19:06:08 [main] INFO  c.s.service.FlightServiceImpl - Total valid flights imported: 1
2025-06-04 19:06:08 [main] DEBUG c.s.service.FlightServiceImpl - Retrieving flight with number: AI101
2025-06-04 19:06:08 [main] INFO  c.s.service.FlightServiceImpl - Flight saved: AI101
2025-06-04 19:06:08 [main] DEBUG c.s.service.FlightServiceImpl - Retrieving flight with ID: 1
2025-06-04 19:06:08 [main] INFO  c.s.service.UserServiceImpl - User loaded for authentication: testuser
2025-06-04 19:06:08 [main] WARN  c.s.service.UserServiceImpl - Username is null or empty
2025-06-04 19:06:08 [main] WARN  c.s.service.UserServiceImpl - Username is null or empty
2025-06-04 19:06:08 [main] INFO  c.s.service.UserServiceImpl - User updated successfully: testuser
2025-06-04 19:06:08 [main] WARN  c.s.service.UserServiceImpl - Attempted to update null user
2025-06-04 19:06:08 [main] WARN  c.s.service.UserServiceImpl - Attempted to save null user
2025-06-04 19:06:08 [main] WARN  c.s.service.UserServiceImpl - User not found: nouser
2025-06-04 19:06:08 [main] INFO  c.s.service.UserServiceImpl - User saved successfully: testuser
2025-06-04 19:07:17 [main] WARN  c.s.controller.AdminController - No file selected for upload.
2025-06-04 19:07:17 [main] WARN  c.s.controller.AdminController - Admin login error occurred.
2025-06-04 19:07:17 [main] INFO  c.s.controller.AdminController - Loading admin dashboard for user: admin
2025-06-04 19:07:17 [main] INFO  c.s.controller.AdminController - Uploading file: test.csv
2025-06-04 19:07:17 [main] DEBUG c.s.controller.AdminController - Opening add flight form.
2025-06-04 19:07:17 [main] DEBUG c.s.controller.AdminController - Opening upload page.
2025-06-04 19:07:17 [main] DEBUG c.s.controller.AdminController - Opening admin settings page.
2025-06-04 19:07:43 [main] DEBUG c.s.controller.UserController - Registration form opened.
2025-06-04 19:07:43 [main] INFO  c.s.controller.UserController - Attempting to register user: null
2025-06-04 19:07:43 [main] WARN  c.s.controller.UserController - Validation errors during registration for user: null
2025-06-04 19:07:43 [main] DEBUG c.s.controller.UserController - Home page accessed.
2025-06-04 19:07:43 [main] WARN  c.s.controller.UserController - Unauthorized AJAX flight search.
2025-06-04 19:07:57 [main] DEBUG com.searchflights.dao.FlightDaoImpl - Fetched all flights, count: 0
2025-06-04 19:07:57 [main] DEBUG com.searchflights.dao.FlightDaoImpl - Search completed. Parameters: com.searchflights.model.FlightSearchParameters@1ca3d25b, Results found: 1
2025-06-04 19:07:57 [main] INFO  com.searchflights.dao.FlightDaoImpl - Deleted flight with ID: 1
2025-06-04 19:07:57 [main] WARN  com.searchflights.dao.FlightDaoImpl - Attempted to delete non-existing flight with ID: 2
2025-06-04 19:07:57 [main] DEBUG com.searchflights.dao.FlightDaoImpl - Fetched flight by number: AI101
2025-06-04 19:07:57 [main] DEBUG com.searchflights.dao.FlightDaoImpl - Fetched flight by ID: 1
2025-06-04 19:07:57 [main] INFO  com.searchflights.dao.FlightDaoImpl - Updated flight: AI102
2025-06-04 19:07:57 [main] INFO  com.searchflights.dao.FlightDaoImpl - Saved or updated flight: AI101
2025-06-04 19:07:57 [main] INFO  com.searchflights.dao.FlightDaoImpl - Called importFromCSV() - not implemented
2025-06-04 19:07:57 [main] INFO  com.searchflights.dao.FlightDaoImpl - Called importFromExcel() - not implemented
2025-06-04 19:07:57 [main] INFO  com.searchflights.dao.FlightDaoImpl - Called importFromWord() - not implemented
2025-06-04 19:07:57 [main] INFO  com.searchflights.dao.FlightDaoImpl - Called importFromXML() - not implemented
2025-06-04 19:08:12 [main] DEBUG com.searchflights.dao.UserDaoImpl - Fetched all users. Count: 1
2025-06-04 19:08:12 [main] DEBUG com.searchflights.dao.UserDaoImpl - Total user count: 1
2025-06-04 19:08:12 [main] WARN  com.searchflights.dao.UserDaoImpl - Authentication failed for username: wronguser
2025-06-04 19:08:12 [main] INFO  com.searchflights.dao.UserDaoImpl - User authenticated: testuser
2025-06-04 19:08:12 [main] INFO  com.searchflights.dao.UserDaoImpl - Updated user: testuser
2025-06-04 19:08:12 [main] DEBUG com.searchflights.dao.UserDaoImpl - User found by email: test@example.com
2025-06-04 19:08:12 [main] DEBUG com.searchflights.dao.UserDaoImpl - User found by username: testuser
2025-06-04 19:08:12 [main] INFO  com.searchflights.dao.UserDaoImpl - Saved or updated user: testuser
2025-06-04 19:08:21 [main] ERROR c.s.service.FlightServiceImpl - No file provided for import
2025-06-04 19:08:21 [main] INFO  c.s.service.FlightServiceImpl - Importing flights from file: flights.xlsx
2025-06-04 19:08:21 [main] DEBUG c.s.service.FlightServiceImpl - Saved flight: AI101
2025-06-04 19:08:21 [main] INFO  c.s.service.FlightServiceImpl - Total valid flights imported: 1
2025-06-04 19:08:21 [main] DEBUG c.s.service.FlightServiceImpl - Searching flights with parameters: com.searchflights.model.FlightSearchParameters@1846579f
2025-06-04 19:08:21 [main] INFO  c.s.service.FlightServiceImpl - Deleting flight with ID: 1
2025-06-04 19:08:21 [main] INFO  c.s.service.FlightServiceImpl - Flight deleted: 1
2025-06-04 19:08:21 [main] INFO  c.s.service.FlightServiceImpl - Importing flights from file: flights.docx
2025-06-04 19:08:21 [main] DEBUG c.s.service.FlightServiceImpl - Saved flight: AI101
2025-06-04 19:08:21 [main] INFO  c.s.service.FlightServiceImpl - Total valid flights imported: 1
2025-06-04 19:08:21 [main] INFO  c.s.service.FlightServiceImpl - Importing flights from file: flights.txt
2025-06-04 19:08:21 [main] ERROR c.s.service.FlightServiceImpl - Unsupported file format: flights.txt
2025-06-04 19:08:21 [main] ERROR c.s.service.FlightServiceImpl - Failed to import flights: Unsupported file format: flights.txt
java.lang.IllegalArgumentException: Unsupported file format: flights.txt
	at com.searchflights.service.FlightServiceImpl.importFromCSV(FlightServiceImpl.java:97)
	at com.searchflights.service.FlightServiceImplTest.lambda$importFromCSV_ShouldThrowExceptionOnUnsupportedFormat$8(FlightServiceImplTest.java:170)
	at org.junit.jupiter.api.AssertThrows.assertThrows(AssertThrows.java:53)
	at org.junit.jupiter.api.AssertThrows.assertThrows(AssertThrows.java:35)
	at org.junit.jupiter.api.Assertions.assertThrows(Assertions.java:3128)
	at com.searchflights.service.FlightServiceImplTest.importFromCSV_ShouldThrowExceptionOnUnsupportedFormat(FlightServiceImplTest.java:169)
	at java.base/jdk.internal.reflect.NativeMethodAccessorImpl.invoke0(Native Method)
	at java.base/jdk.internal.reflect.NativeMethodAccessorImpl.invoke(NativeMethodAccessorImpl.java:62)
	at java.base/jdk.internal.reflect.DelegatingMethodAccessorImpl.invoke(DelegatingMethodAccessorImpl.java:43)
	at java.base/java.lang.reflect.Method.invoke(Method.java:566)
	at org.junit.platform.commons.util.ReflectionUtils.invokeMethod(ReflectionUtils.java:767)
	at org.junit.jupiter.engine.execution.MethodInvocation.proceed(MethodInvocation.java:60)
	at org.junit.jupiter.engine.execution.InvocationInterceptorChain$ValidatingInvocation.proceed(InvocationInterceptorChain.java:131)
	at org.junit.jupiter.engine.extension.TimeoutExtension.intercept(TimeoutExtension.java:156)
	at org.junit.jupiter.engine.extension.TimeoutExtension.interceptTestableMethod(TimeoutExtension.java:147)
	at org.junit.jupiter.engine.extension.TimeoutExtension.interceptTestMethod(TimeoutExtension.java:86)
	at org.junit.jupiter.engine.execution.InterceptingExecutableInvoker$ReflectiveInterceptorCall.lambda$ofVoidMethod$0(InterceptingExecutableInvoker.java:103)
	at org.junit.jupiter.engine.execution.InterceptingExecutableInvoker.lambda$invoke$0(InterceptingExecutableInvoker.java:93)
	at org.junit.jupiter.engine.execution.InvocationInterceptorChain$InterceptedInvocation.proceed(InvocationInterceptorChain.java:106)
	at org.junit.jupiter.engine.execution.InvocationInterceptorChain.proceed(InvocationInterceptorChain.java:64)
	at org.junit.jupiter.engine.execution.InvocationInterceptorChain.chainAndInvoke(InvocationInterceptorChain.java:45)
	at org.junit.jupiter.engine.execution.InvocationInterceptorChain.invoke(InvocationInterceptorChain.java:37)
	at org.junit.jupiter.engine.execution.InterceptingExecutableInvoker.invoke(InterceptingExecutableInvoker.java:92)
	at org.junit.jupiter.engine.execution.InterceptingExecutableInvoker.invoke(InterceptingExecutableInvoker.java:86)
	at org.junit.jupiter.engine.descriptor.TestMethodTestDescriptor.lambda$invokeTestMethod$8(TestMethodTestDescriptor.java:217)
	at org.junit.platform.engine.support.hierarchical.ThrowableCollector.execute(ThrowableCollector.java:73)
	at org.junit.jupiter.engine.descriptor.TestMethodTestDescriptor.invokeTestMethod(TestMethodTestDescriptor.java:213)
	at org.junit.jupiter.engine.descriptor.TestMethodTestDescriptor.execute(TestMethodTestDescriptor.java:138)
	at org.junit.jupiter.engine.descriptor.TestMethodTestDescriptor.execute(TestMethodTestDescriptor.java:68)
	at org.junit.platform.engine.support.hierarchical.NodeTestTask.lambda$executeRecursively$6(NodeTestTask.java:156)
	at org.junit.platform.engine.support.hierarchical.ThrowableCollector.execute(ThrowableCollector.java:73)
	at org.junit.platform.engine.support.hierarchical.NodeTestTask.lambda$executeRecursively$8(NodeTestTask.java:146)
	at org.junit.platform.engine.support.hierarchical.Node.around(Node.java:137)
	at org.junit.platform.engine.support.hierarchical.NodeTestTask.lambda$executeRecursively$9(NodeTestTask.java:144)
	at org.junit.platform.engine.support.hierarchical.ThrowableCollector.execute(ThrowableCollector.java:73)
	at org.junit.platform.engine.support.hierarchical.NodeTestTask.executeRecursively(NodeTestTask.java:143)
	at org.junit.platform.engine.support.hierarchical.NodeTestTask.execute(NodeTestTask.java:100)
	at java.base/java.util.ArrayList.forEach(ArrayList.java:1541)
	at org.junit.platform.engine.support.hierarchical.SameThreadHierarchicalTestExecutorService.invokeAll(SameThreadHierarchicalTestExecutorService.java:41)
	at org.junit.platform.engine.support.hierarchical.NodeTestTask.lambda$executeRecursively$6(NodeTestTask.java:160)
	at org.junit.platform.engine.support.hierarchical.ThrowableCollector.execute(ThrowableCollector.java:73)
	at org.junit.platform.engine.support.hierarchical.NodeTestTask.lambda$executeRecursively$8(NodeTestTask.java:146)
	at org.junit.platform.engine.support.hierarchical.Node.around(Node.java:137)
	at org.junit.platform.engine.support.hierarchical.NodeTestTask.lambda$executeRecursively$9(NodeTestTask.java:144)
	at org.junit.platform.engine.support.hierarchical.ThrowableCollector.execute(ThrowableCollector.java:73)
	at org.junit.platform.engine.support.hierarchical.NodeTestTask.executeRecursively(NodeTestTask.java:143)
	at org.junit.platform.engine.support.hierarchical.NodeTestTask.execute(NodeTestTask.java:100)
	at java.base/java.util.ArrayList.forEach(ArrayList.java:1541)
	at org.junit.platform.engine.support.hierarchical.SameThreadHierarchicalTestExecutorService.invokeAll(SameThreadHierarchicalTestExecutorService.java:41)
	at org.junit.platform.engine.support.hierarchical.NodeTestTask.lambda$executeRecursively$6(NodeTestTask.java:160)
	at org.junit.platform.engine.support.hierarchical.ThrowableCollector.execute(ThrowableCollector.java:73)
	at org.junit.platform.engine.support.hierarchical.NodeTestTask.lambda$executeRecursively$8(NodeTestTask.java:146)
	at org.junit.platform.engine.support.hierarchical.Node.around(Node.java:137)
	at org.junit.platform.engine.support.hierarchical.NodeTestTask.lambda$executeRecursively$9(NodeTestTask.java:144)
	at org.junit.platform.engine.support.hierarchical.ThrowableCollector.execute(ThrowableCollector.java:73)
	at org.junit.platform.engine.support.hierarchical.NodeTestTask.executeRecursively(NodeTestTask.java:143)
	at org.junit.platform.engine.support.hierarchical.NodeTestTask.execute(NodeTestTask.java:100)
	at org.junit.platform.engine.support.hierarchical.SameThreadHierarchicalTestExecutorService.submit(SameThreadHierarchicalTestExecutorService.java:35)
	at org.junit.platform.engine.support.hierarchical.HierarchicalTestExecutor.execute(HierarchicalTestExecutor.java:57)
	at org.junit.platform.engine.support.hierarchical.HierarchicalTestEngine.execute(HierarchicalTestEngine.java:54)
	at org.junit.platform.launcher.core.EngineExecutionOrchestrator.execute(EngineExecutionOrchestrator.java:198)
	at org.junit.platform.launcher.core.EngineExecutionOrchestrator.execute(EngineExecutionOrchestrator.java:169)
	at org.junit.platform.launcher.core.EngineExecutionOrchestrator.execute(EngineExecutionOrchestrator.java:93)
	at org.junit.platform.launcher.core.EngineExecutionOrchestrator.lambda$execute$0(EngineExecutionOrchestrator.java:58)
	at org.junit.platform.launcher.core.EngineExecutionOrchestrator.withInterceptedStreams(EngineExecutionOrchestrator.java:141)
	at org.junit.platform.launcher.core.EngineExecutionOrchestrator.execute(EngineExecutionOrchestrator.java:57)
	at org.junit.platform.launcher.core.DefaultLauncher.execute(DefaultLauncher.java:103)
	at org.junit.platform.launcher.core.DefaultLauncher.execute(DefaultLauncher.java:94)
	at org.junit.platform.launcher.core.DelegatingLauncher.execute(DelegatingLauncher.java:52)
	at org.junit.platform.launcher.core.SessionPerRequestLauncher.execute(SessionPerRequestLauncher.java:70)
	at org.eclipse.jdt.internal.junit5.runner.JUnit5TestReference.run(JUnit5TestReference.java:100)
	at org.eclipse.jdt.internal.junit.runner.TestExecution.run(TestExecution.java:40)
	at org.eclipse.jdt.internal.junit.runner.RemoteTestRunner.runTests(RemoteTestRunner.java:520)
	at org.eclipse.jdt.internal.junit.runner.RemoteTestRunner.runTests(RemoteTestRunner.java:748)
	at org.eclipse.jdt.internal.junit.runner.RemoteTestRunner.run(RemoteTestRunner.java:443)
	at org.eclipse.jdt.internal.junit.runner.RemoteTestRunner.main(RemoteTestRunner.java:211)
2025-06-04 19:08:21 [main] INFO  c.s.service.FlightServiceImpl - Flight updated: AI101
2025-06-04 19:08:21 [main] INFO  c.s.service.FlightServiceImpl - Importing flights from file: flights.csv
2025-06-04 19:08:21 [main] DEBUG c.s.service.FlightServiceImpl - Saved flight: AI101
2025-06-04 19:08:21 [main] INFO  c.s.service.FlightServiceImpl - Total valid flights imported: 1
2025-06-04 19:08:21 [main] DEBUG c.s.service.FlightServiceImpl - Fetching all flights
2025-06-04 19:08:21 [main] INFO  c.s.service.FlightServiceImpl - Importing flights from file: flights.xml
2025-06-04 19:08:21 [main] DEBUG c.s.service.FlightServiceImpl - Saved flight: AI101
2025-06-04 19:08:21 [main] INFO  c.s.service.FlightServiceImpl - Total valid flights imported: 1
2025-06-04 19:08:21 [main] DEBUG c.s.service.FlightServiceImpl - Retrieving flight with number: AI101
2025-06-04 19:08:21 [main] INFO  c.s.service.FlightServiceImpl - Flight saved: AI101
2025-06-04 19:08:21 [main] DEBUG c.s.service.FlightServiceImpl - Retrieving flight with ID: 1
2025-06-04 19:08:30 [main] INFO  c.s.service.UserServiceImpl - User loaded for authentication: testuser
2025-06-04 19:08:30 [main] WARN  c.s.service.UserServiceImpl - Username is null or empty
2025-06-04 19:08:30 [main] WARN  c.s.service.UserServiceImpl - Username is null or empty
2025-06-04 19:08:30 [main] INFO  c.s.service.UserServiceImpl - User updated successfully: testuser
2025-06-04 19:08:30 [main] WARN  c.s.service.UserServiceImpl - Attempted to update null user
2025-06-04 19:08:30 [main] WARN  c.s.service.UserServiceImpl - Attempted to save null user
2025-06-04 19:08:30 [main] WARN  c.s.service.UserServiceImpl - User not found: nouser
2025-06-04 19:08:30 [main] INFO  c.s.service.UserServiceImpl - User saved successfully: testuser
2025-06-04 21:52:24 [main] WARN  c.s.controller.AdminController - No file selected for upload.
2025-06-04 21:52:24 [main] WARN  c.s.controller.AdminController - Admin login error occurred.
2025-06-04 21:52:24 [main] INFO  c.s.controller.AdminController - Loading admin dashboard for user: admin
2025-06-04 21:52:24 [main] INFO  c.s.controller.AdminController - Uploading file: test.csv
2025-06-04 21:52:24 [main] DEBUG c.s.controller.AdminController - Opening add flight form.
2025-06-04 21:52:24 [main] DEBUG c.s.controller.AdminController - Opening upload page.
2025-06-04 21:52:24 [main] DEBUG c.s.controller.AdminController - Opening admin settings page.
2025-06-04 21:52:24 [main] DEBUG c.s.controller.UserController - Registration form opened.
2025-06-04 21:52:24 [main] INFO  c.s.controller.UserController - Attempting to register user: null
2025-06-04 21:52:24 [main] WARN  c.s.controller.UserController - Validation errors during registration for user: null
2025-06-04 21:52:24 [main] DEBUG c.s.controller.UserController - Home page accessed.
2025-06-04 21:52:24 [main] WARN  c.s.controller.UserController - Unauthorized AJAX flight search.
2025-06-04 21:52:25 [main] DEBUG com.searchflights.dao.FlightDaoImpl - Fetched all flights, count: 0
2025-06-04 21:52:25 [main] DEBUG com.searchflights.dao.FlightDaoImpl - Search completed. Parameters: com.searchflights.model.FlightSearchParameters@6d294ddc, Results found: 1
2025-06-04 21:52:25 [main] INFO  com.searchflights.dao.FlightDaoImpl - Deleted flight with ID: 1
2025-06-04 21:52:25 [main] WARN  com.searchflights.dao.FlightDaoImpl - Attempted to delete non-existing flight with ID: 2
2025-06-04 21:52:25 [main] DEBUG com.searchflights.dao.FlightDaoImpl - Fetched flight by number: AI101
2025-06-04 21:52:25 [main] DEBUG com.searchflights.dao.FlightDaoImpl - Fetched flight by ID: 1
2025-06-04 21:52:25 [main] INFO  com.searchflights.dao.FlightDaoImpl - Updated flight: AI102
2025-06-04 21:52:25 [main] INFO  com.searchflights.dao.FlightDaoImpl - Saved or updated flight: AI101
2025-06-04 21:52:25 [main] INFO  com.searchflights.dao.FlightDaoImpl - Called importFromCSV() - not implemented
2025-06-04 21:52:25 [main] INFO  com.searchflights.dao.FlightDaoImpl - Called importFromExcel() - not implemented
2025-06-04 21:52:25 [main] INFO  com.searchflights.dao.FlightDaoImpl - Called importFromWord() - not implemented
2025-06-04 21:52:25 [main] INFO  com.searchflights.dao.FlightDaoImpl - Called importFromXML() - not implemented
2025-06-04 21:52:25 [main] DEBUG com.searchflights.dao.UserDaoImpl - Fetched all users. Count: 1
2025-06-04 21:52:25 [main] DEBUG com.searchflights.dao.UserDaoImpl - Total user count: 1
2025-06-04 21:52:25 [main] WARN  com.searchflights.dao.UserDaoImpl - Authentication failed for username: wronguser
2025-06-04 21:52:25 [main] INFO  com.searchflights.dao.UserDaoImpl - User authenticated: testuser
2025-06-04 21:52:25 [main] INFO  com.searchflights.dao.UserDaoImpl - Updated user: testuser
2025-06-04 21:52:25 [main] DEBUG com.searchflights.dao.UserDaoImpl - User found by email: test@example.com
2025-06-04 21:52:25 [main] DEBUG com.searchflights.dao.UserDaoImpl - User found by username: testuser
2025-06-04 21:52:25 [main] INFO  com.searchflights.dao.UserDaoImpl - Saved or updated user: testuser
2025-06-04 21:52:25 [main] ERROR c.s.service.FlightServiceImpl - No file provided for import
2025-06-04 21:52:25 [main] INFO  c.s.service.FlightServiceImpl - Importing flights from file: flights.xlsx
2025-06-04 21:52:25 [main] DEBUG c.s.service.FlightServiceImpl - Saved flight: AI101
2025-06-04 21:52:25 [main] INFO  c.s.service.FlightServiceImpl - Total valid flights imported: 1
2025-06-04 21:52:25 [main] DEBUG c.s.service.FlightServiceImpl - Searching flights with parameters: com.searchflights.model.FlightSearchParameters@5e193ef5
2025-06-04 21:52:25 [main] INFO  c.s.service.FlightServiceImpl - Deleting flight with ID: 1
2025-06-04 21:52:25 [main] INFO  c.s.service.FlightServiceImpl - Flight deleted: 1
2025-06-04 21:52:25 [main] INFO  c.s.service.FlightServiceImpl - Importing flights from file: flights.docx
2025-06-04 21:52:25 [main] DEBUG c.s.service.FlightServiceImpl - Saved flight: AI101
2025-06-04 21:52:25 [main] INFO  c.s.service.FlightServiceImpl - Total valid flights imported: 1
2025-06-04 21:52:25 [main] INFO  c.s.service.FlightServiceImpl - Importing flights from file: flights.txt
2025-06-04 21:52:25 [main] ERROR c.s.service.FlightServiceImpl - Unsupported file format: flights.txt
2025-06-04 21:52:25 [main] ERROR c.s.service.FlightServiceImpl - Failed to import flights: Unsupported file format: flights.txt
java.lang.IllegalArgumentException: Unsupported file format: flights.txt
	at com.searchflights.service.FlightServiceImpl.importFromCSV(FlightServiceImpl.java:97)
	at com.searchflights.service.FlightServiceImplTest.lambda$importFromCSV_ShouldThrowExceptionOnUnsupportedFormat$8(FlightServiceImplTest.java:170)
	at org.junit.jupiter.api.AssertThrows.assertThrows(AssertThrows.java:53)
	at org.junit.jupiter.api.AssertThrows.assertThrows(AssertThrows.java:35)
	at org.junit.jupiter.api.Assertions.assertThrows(Assertions.java:3115)
	at com.searchflights.service.FlightServiceImplTest.importFromCSV_ShouldThrowExceptionOnUnsupportedFormat(FlightServiceImplTest.java:169)
	at java.base/jdk.internal.reflect.NativeMethodAccessorImpl.invoke0(Native Method)
	at java.base/jdk.internal.reflect.NativeMethodAccessorImpl.invoke(NativeMethodAccessorImpl.java:62)
	at java.base/jdk.internal.reflect.DelegatingMethodAccessorImpl.invoke(DelegatingMethodAccessorImpl.java:43)
	at java.base/java.lang.reflect.Method.invoke(Method.java:566)
	at org.junit.platform.commons.util.ReflectionUtils.invokeMethod(ReflectionUtils.java:728)
	at org.junit.jupiter.engine.execution.MethodInvocation.proceed(MethodInvocation.java:60)
	at org.junit.jupiter.engine.execution.InvocationInterceptorChain$ValidatingInvocation.proceed(InvocationInterceptorChain.java:131)
	at org.junit.jupiter.engine.extension.TimeoutExtension.intercept(TimeoutExtension.java:156)
	at org.junit.jupiter.engine.extension.TimeoutExtension.interceptTestableMethod(TimeoutExtension.java:147)
	at org.junit.jupiter.engine.extension.TimeoutExtension.interceptTestMethod(TimeoutExtension.java:86)
	at org.junit.jupiter.engine.execution.InterceptingExecutableInvoker$ReflectiveInterceptorCall.lambda$ofVoidMethod$0(InterceptingExecutableInvoker.java:103)
	at org.junit.jupiter.engine.execution.InterceptingExecutableInvoker.lambda$invoke$0(InterceptingExecutableInvoker.java:93)
	at org.junit.jupiter.engine.execution.InvocationInterceptorChain$InterceptedInvocation.proceed(InvocationInterceptorChain.java:106)
	at org.junit.jupiter.engine.execution.InvocationInterceptorChain.proceed(InvocationInterceptorChain.java:64)
	at org.junit.jupiter.engine.execution.InvocationInterceptorChain.chainAndInvoke(InvocationInterceptorChain.java:45)
	at org.junit.jupiter.engine.execution.InvocationInterceptorChain.invoke(InvocationInterceptorChain.java:37)
	at org.junit.jupiter.engine.execution.InterceptingExecutableInvoker.invoke(InterceptingExecutableInvoker.java:92)
	at org.junit.jupiter.engine.execution.InterceptingExecutableInvoker.invoke(InterceptingExecutableInvoker.java:86)
	at org.junit.jupiter.engine.descriptor.TestMethodTestDescriptor.lambda$invokeTestMethod$7(TestMethodTestDescriptor.java:218)
	at org.junit.platform.engine.support.hierarchical.ThrowableCollector.execute(ThrowableCollector.java:73)
	at org.junit.jupiter.engine.descriptor.TestMethodTestDescriptor.invokeTestMethod(TestMethodTestDescriptor.java:214)
	at org.junit.jupiter.engine.descriptor.TestMethodTestDescriptor.execute(TestMethodTestDescriptor.java:139)
	at org.junit.jupiter.engine.descriptor.TestMethodTestDescriptor.execute(TestMethodTestDescriptor.java:69)
	at org.junit.platform.engine.support.hierarchical.NodeTestTask.lambda$executeRecursively$6(NodeTestTask.java:151)
	at org.junit.platform.engine.support.hierarchical.ThrowableCollector.execute(ThrowableCollector.java:73)
	at org.junit.platform.engine.support.hierarchical.NodeTestTask.lambda$executeRecursively$8(NodeTestTask.java:141)
	at org.junit.platform.engine.support.hierarchical.Node.around(Node.java:137)
	at org.junit.platform.engine.support.hierarchical.NodeTestTask.lambda$executeRecursively$9(NodeTestTask.java:139)
	at org.junit.platform.engine.support.hierarchical.ThrowableCollector.execute(ThrowableCollector.java:73)
	at org.junit.platform.engine.support.hierarchical.NodeTestTask.executeRecursively(NodeTestTask.java:138)
	at org.junit.platform.engine.support.hierarchical.NodeTestTask.execute(NodeTestTask.java:95)
	at java.base/java.util.ArrayList.forEach(ArrayList.java:1541)
	at org.junit.platform.engine.support.hierarchical.SameThreadHierarchicalTestExecutorService.invokeAll(SameThreadHierarchicalTestExecutorService.java:41)
	at org.junit.platform.engine.support.hierarchical.NodeTestTask.lambda$executeRecursively$6(NodeTestTask.java:155)
	at org.junit.platform.engine.support.hierarchical.ThrowableCollector.execute(ThrowableCollector.java:73)
	at org.junit.platform.engine.support.hierarchical.NodeTestTask.lambda$executeRecursively$8(NodeTestTask.java:141)
	at org.junit.platform.engine.support.hierarchical.Node.around(Node.java:137)
	at org.junit.platform.engine.support.hierarchical.NodeTestTask.lambda$executeRecursively$9(NodeTestTask.java:139)
	at org.junit.platform.engine.support.hierarchical.ThrowableCollector.execute(ThrowableCollector.java:73)
	at org.junit.platform.engine.support.hierarchical.NodeTestTask.executeRecursively(NodeTestTask.java:138)
	at org.junit.platform.engine.support.hierarchical.NodeTestTask.execute(NodeTestTask.java:95)
	at java.base/java.util.ArrayList.forEach(ArrayList.java:1541)
	at org.junit.platform.engine.support.hierarchical.SameThreadHierarchicalTestExecutorService.invokeAll(SameThreadHierarchicalTestExecutorService.java:41)
	at org.junit.platform.engine.support.hierarchical.NodeTestTask.lambda$executeRecursively$6(NodeTestTask.java:155)
	at org.junit.platform.engine.support.hierarchical.ThrowableCollector.execute(ThrowableCollector.java:73)
	at org.junit.platform.engine.support.hierarchical.NodeTestTask.lambda$executeRecursively$8(NodeTestTask.java:141)
	at org.junit.platform.engine.support.hierarchical.Node.around(Node.java:137)
	at org.junit.platform.engine.support.hierarchical.NodeTestTask.lambda$executeRecursively$9(NodeTestTask.java:139)
	at org.junit.platform.engine.support.hierarchical.ThrowableCollector.execute(ThrowableCollector.java:73)
	at org.junit.platform.engine.support.hierarchical.NodeTestTask.executeRecursively(NodeTestTask.java:138)
	at org.junit.platform.engine.support.hierarchical.NodeTestTask.execute(NodeTestTask.java:95)
	at org.junit.platform.engine.support.hierarchical.SameThreadHierarchicalTestExecutorService.submit(SameThreadHierarchicalTestExecutorService.java:35)
	at org.junit.platform.engine.support.hierarchical.HierarchicalTestExecutor.execute(HierarchicalTestExecutor.java:57)
	at org.junit.platform.engine.support.hierarchical.HierarchicalTestEngine.execute(HierarchicalTestEngine.java:54)
	at org.junit.platform.launcher.core.EngineExecutionOrchestrator.execute(EngineExecutionOrchestrator.java:198)
	at org.junit.platform.launcher.core.EngineExecutionOrchestrator.execute(EngineExecutionOrchestrator.java:169)
	at org.junit.platform.launcher.core.EngineExecutionOrchestrator.execute(EngineExecutionOrchestrator.java:93)
	at org.junit.platform.launcher.core.EngineExecutionOrchestrator.lambda$execute$0(EngineExecutionOrchestrator.java:58)
	at org.junit.platform.launcher.core.EngineExecutionOrchestrator.withInterceptedStreams(EngineExecutionOrchestrator.java:141)
	at org.junit.platform.launcher.core.EngineExecutionOrchestrator.execute(EngineExecutionOrchestrator.java:57)
	at org.junit.platform.launcher.core.DefaultLauncher.execute(DefaultLauncher.java:103)
	at org.junit.platform.launcher.core.DefaultLauncher.execute(DefaultLauncher.java:85)
	at org.junit.platform.launcher.core.DelegatingLauncher.execute(DelegatingLauncher.java:47)
	at org.apache.maven.surefire.junitplatform.LazyLauncher.execute(LazyLauncher.java:55)
	at org.apache.maven.surefire.junitplatform.JUnitPlatformProvider.execute(JUnitPlatformProvider.java:223)
	at org.apache.maven.surefire.junitplatform.JUnitPlatformProvider.invokeAllTests(JUnitPlatformProvider.java:175)
	at org.apache.maven.surefire.junitplatform.JUnitPlatformProvider.invoke(JUnitPlatformProvider.java:139)
	at org.apache.maven.surefire.booter.ForkedBooter.runSuitesInProcess(ForkedBooter.java:456)
	at org.apache.maven.surefire.booter.ForkedBooter.execute(ForkedBooter.java:169)
	at org.apache.maven.surefire.booter.ForkedBooter.run(ForkedBooter.java:595)
	at org.apache.maven.surefire.booter.ForkedBooter.main(ForkedBooter.java:581)
2025-06-04 21:52:25 [main] INFO  c.s.service.FlightServiceImpl - Flight updated: AI101
2025-06-04 21:52:25 [main] INFO  c.s.service.FlightServiceImpl - Importing flights from file: flights.csv
2025-06-04 21:52:25 [main] DEBUG c.s.service.FlightServiceImpl - Saved flight: AI101
2025-06-04 21:52:25 [main] INFO  c.s.service.FlightServiceImpl - Total valid flights imported: 1
2025-06-04 21:52:25 [main] DEBUG c.s.service.FlightServiceImpl - Fetching all flights
2025-06-04 21:52:25 [main] INFO  c.s.service.FlightServiceImpl - Importing flights from file: flights.xml
2025-06-04 21:52:25 [main] DEBUG c.s.service.FlightServiceImpl - Saved flight: AI101
2025-06-04 21:52:25 [main] INFO  c.s.service.FlightServiceImpl - Total valid flights imported: 1
2025-06-04 21:52:25 [main] DEBUG c.s.service.FlightServiceImpl - Retrieving flight with number: AI101
2025-06-04 21:52:25 [main] INFO  c.s.service.FlightServiceImpl - Flight saved: AI101
2025-06-04 21:52:25 [main] DEBUG c.s.service.FlightServiceImpl - Retrieving flight with ID: 1
2025-06-04 21:52:25 [main] INFO  c.s.service.UserServiceImpl - User loaded for authentication: testuser
2025-06-04 21:52:26 [main] WARN  c.s.service.UserServiceImpl - Username is null or empty
2025-06-04 21:52:26 [main] WARN  c.s.service.UserServiceImpl - Username is null or empty
2025-06-04 21:52:26 [main] INFO  c.s.service.UserServiceImpl - User updated successfully: testuser
2025-06-04 21:52:26 [main] WARN  c.s.service.UserServiceImpl - Attempted to update null user
2025-06-04 21:52:26 [main] WARN  c.s.service.UserServiceImpl - Attempted to save null user
2025-06-04 21:52:26 [main] WARN  c.s.service.UserServiceImpl - User not found: nouser
2025-06-04 21:52:26 [main] INFO  c.s.service.UserServiceImpl - User saved successfully: testuser
2025-06-04 22:04:12 [main] WARN  c.s.controller.AdminController - No file selected for upload.
2025-06-04 22:04:12 [main] WARN  c.s.controller.AdminController - Admin login error occurred.
2025-06-04 22:04:12 [main] INFO  c.s.controller.AdminController - Loading admin dashboard for user: admin
2025-06-04 22:04:12 [main] INFO  c.s.controller.AdminController - Uploading file: test.csv
2025-06-04 22:04:12 [main] DEBUG c.s.controller.AdminController - Opening add flight form.
2025-06-04 22:04:12 [main] DEBUG c.s.controller.AdminController - Opening upload page.
2025-06-04 22:04:12 [main] DEBUG c.s.controller.AdminController - Opening admin settings page.
2025-06-04 22:04:12 [main] DEBUG c.s.controller.UserController - Registration form opened.
2025-06-04 22:04:12 [main] INFO  c.s.controller.UserController - Attempting to register user: null
2025-06-04 22:04:12 [main] WARN  c.s.controller.UserController - Validation errors during registration for user: null
2025-06-04 22:04:12 [main] DEBUG c.s.controller.UserController - Home page accessed.
2025-06-04 22:04:12 [main] WARN  c.s.controller.UserController - Unauthorized AJAX flight search.
2025-06-04 22:04:13 [main] DEBUG com.searchflights.dao.FlightDaoImpl - Fetched all flights, count: 0
2025-06-04 22:04:13 [main] DEBUG com.searchflights.dao.FlightDaoImpl - Search completed. Parameters: com.searchflights.model.FlightSearchParameters@6d294ddc, Results found: 1
2025-06-04 22:04:13 [main] INFO  com.searchflights.dao.FlightDaoImpl - Deleted flight with ID: 1
2025-06-04 22:04:13 [main] WARN  com.searchflights.dao.FlightDaoImpl - Attempted to delete non-existing flight with ID: 2
2025-06-04 22:04:13 [main] DEBUG com.searchflights.dao.FlightDaoImpl - Fetched flight by number: AI101
2025-06-04 22:04:13 [main] DEBUG com.searchflights.dao.FlightDaoImpl - Fetched flight by ID: 1
2025-06-04 22:04:13 [main] INFO  com.searchflights.dao.FlightDaoImpl - Updated flight: AI102
2025-06-04 22:04:13 [main] INFO  com.searchflights.dao.FlightDaoImpl - Saved or updated flight: AI101
2025-06-04 22:04:13 [main] INFO  com.searchflights.dao.FlightDaoImpl - Called importFromCSV() - not implemented
2025-06-04 22:04:13 [main] INFO  com.searchflights.dao.FlightDaoImpl - Called importFromExcel() - not implemented
2025-06-04 22:04:13 [main] INFO  com.searchflights.dao.FlightDaoImpl - Called importFromWord() - not implemented
2025-06-04 22:04:13 [main] INFO  com.searchflights.dao.FlightDaoImpl - Called importFromXML() - not implemented
2025-06-04 22:04:13 [main] DEBUG com.searchflights.dao.UserDaoImpl - Fetched all users. Count: 1
2025-06-04 22:04:13 [main] DEBUG com.searchflights.dao.UserDaoImpl - Total user count: 1
2025-06-04 22:04:13 [main] WARN  com.searchflights.dao.UserDaoImpl - Authentication failed for username: wronguser
2025-06-04 22:04:13 [main] INFO  com.searchflights.dao.UserDaoImpl - User authenticated: testuser
2025-06-04 22:04:13 [main] INFO  com.searchflights.dao.UserDaoImpl - Updated user: testuser
2025-06-04 22:04:13 [main] DEBUG com.searchflights.dao.UserDaoImpl - User found by email: test@example.com
2025-06-04 22:04:13 [main] DEBUG com.searchflights.dao.UserDaoImpl - User found by username: testuser
2025-06-04 22:04:13 [main] INFO  com.searchflights.dao.UserDaoImpl - Saved or updated user: testuser
2025-06-04 22:04:13 [main] ERROR c.s.service.FlightServiceImpl - No file provided for import
2025-06-04 22:04:13 [main] INFO  c.s.service.FlightServiceImpl - Importing flights from file: flights.xlsx
2025-06-04 22:04:13 [main] DEBUG c.s.service.FlightServiceImpl - Saved flight: AI101
2025-06-04 22:04:13 [main] INFO  c.s.service.FlightServiceImpl - Total valid flights imported: 1
2025-06-04 22:04:13 [main] DEBUG c.s.service.FlightServiceImpl - Searching flights with parameters: com.searchflights.model.FlightSearchParameters@5e193ef5
2025-06-04 22:04:13 [main] INFO  c.s.service.FlightServiceImpl - Deleting flight with ID: 1
2025-06-04 22:04:13 [main] INFO  c.s.service.FlightServiceImpl - Flight deleted: 1
2025-06-04 22:04:13 [main] INFO  c.s.service.FlightServiceImpl - Importing flights from file: flights.docx
2025-06-04 22:04:13 [main] DEBUG c.s.service.FlightServiceImpl - Saved flight: AI101
2025-06-04 22:04:13 [main] INFO  c.s.service.FlightServiceImpl - Total valid flights imported: 1
2025-06-04 22:04:13 [main] INFO  c.s.service.FlightServiceImpl - Importing flights from file: flights.txt
2025-06-04 22:04:13 [main] ERROR c.s.service.FlightServiceImpl - Unsupported file format: flights.txt
2025-06-04 22:04:13 [main] ERROR c.s.service.FlightServiceImpl - Failed to import flights: Unsupported file format: flights.txt
java.lang.IllegalArgumentException: Unsupported file format: flights.txt
	at com.searchflights.service.FlightServiceImpl.importFromCSV(FlightServiceImpl.java:97)
	at com.searchflights.service.FlightServiceImplTest.lambda$importFromCSV_ShouldThrowExceptionOnUnsupportedFormat$8(FlightServiceImplTest.java:170)
	at org.junit.jupiter.api.AssertThrows.assertThrows(AssertThrows.java:53)
	at org.junit.jupiter.api.AssertThrows.assertThrows(AssertThrows.java:35)
	at org.junit.jupiter.api.Assertions.assertThrows(Assertions.java:3115)
	at com.searchflights.service.FlightServiceImplTest.importFromCSV_ShouldThrowExceptionOnUnsupportedFormat(FlightServiceImplTest.java:169)
	at java.base/jdk.internal.reflect.NativeMethodAccessorImpl.invoke0(Native Method)
	at java.base/jdk.internal.reflect.NativeMethodAccessorImpl.invoke(NativeMethodAccessorImpl.java:62)
	at java.base/jdk.internal.reflect.DelegatingMethodAccessorImpl.invoke(DelegatingMethodAccessorImpl.java:43)
	at java.base/java.lang.reflect.Method.invoke(Method.java:566)
	at org.junit.platform.commons.util.ReflectionUtils.invokeMethod(ReflectionUtils.java:728)
	at org.junit.jupiter.engine.execution.MethodInvocation.proceed(MethodInvocation.java:60)
	at org.junit.jupiter.engine.execution.InvocationInterceptorChain$ValidatingInvocation.proceed(InvocationInterceptorChain.java:131)
	at org.junit.jupiter.engine.extension.TimeoutExtension.intercept(TimeoutExtension.java:156)
	at org.junit.jupiter.engine.extension.TimeoutExtension.interceptTestableMethod(TimeoutExtension.java:147)
	at org.junit.jupiter.engine.extension.TimeoutExtension.interceptTestMethod(TimeoutExtension.java:86)
	at org.junit.jupiter.engine.execution.InterceptingExecutableInvoker$ReflectiveInterceptorCall.lambda$ofVoidMethod$0(InterceptingExecutableInvoker.java:103)
	at org.junit.jupiter.engine.execution.InterceptingExecutableInvoker.lambda$invoke$0(InterceptingExecutableInvoker.java:93)
	at org.junit.jupiter.engine.execution.InvocationInterceptorChain$InterceptedInvocation.proceed(InvocationInterceptorChain.java:106)
	at org.junit.jupiter.engine.execution.InvocationInterceptorChain.proceed(InvocationInterceptorChain.java:64)
	at org.junit.jupiter.engine.execution.InvocationInterceptorChain.chainAndInvoke(InvocationInterceptorChain.java:45)
	at org.junit.jupiter.engine.execution.InvocationInterceptorChain.invoke(InvocationInterceptorChain.java:37)
	at org.junit.jupiter.engine.execution.InterceptingExecutableInvoker.invoke(InterceptingExecutableInvoker.java:92)
	at org.junit.jupiter.engine.execution.InterceptingExecutableInvoker.invoke(InterceptingExecutableInvoker.java:86)
	at org.junit.jupiter.engine.descriptor.TestMethodTestDescriptor.lambda$invokeTestMethod$7(TestMethodTestDescriptor.java:218)
	at org.junit.platform.engine.support.hierarchical.ThrowableCollector.execute(ThrowableCollector.java:73)
	at org.junit.jupiter.engine.descriptor.TestMethodTestDescriptor.invokeTestMethod(TestMethodTestDescriptor.java:214)
	at org.junit.jupiter.engine.descriptor.TestMethodTestDescriptor.execute(TestMethodTestDescriptor.java:139)
	at org.junit.jupiter.engine.descriptor.TestMethodTestDescriptor.execute(TestMethodTestDescriptor.java:69)
	at org.junit.platform.engine.support.hierarchical.NodeTestTask.lambda$executeRecursively$6(NodeTestTask.java:151)
	at org.junit.platform.engine.support.hierarchical.ThrowableCollector.execute(ThrowableCollector.java:73)
	at org.junit.platform.engine.support.hierarchical.NodeTestTask.lambda$executeRecursively$8(NodeTestTask.java:141)
	at org.junit.platform.engine.support.hierarchical.Node.around(Node.java:137)
	at org.junit.platform.engine.support.hierarchical.NodeTestTask.lambda$executeRecursively$9(NodeTestTask.java:139)
	at org.junit.platform.engine.support.hierarchical.ThrowableCollector.execute(ThrowableCollector.java:73)
	at org.junit.platform.engine.support.hierarchical.NodeTestTask.executeRecursively(NodeTestTask.java:138)
	at org.junit.platform.engine.support.hierarchical.NodeTestTask.execute(NodeTestTask.java:95)
	at java.base/java.util.ArrayList.forEach(ArrayList.java:1541)
	at org.junit.platform.engine.support.hierarchical.SameThreadHierarchicalTestExecutorService.invokeAll(SameThreadHierarchicalTestExecutorService.java:41)
	at org.junit.platform.engine.support.hierarchical.NodeTestTask.lambda$executeRecursively$6(NodeTestTask.java:155)
	at org.junit.platform.engine.support.hierarchical.ThrowableCollector.execute(ThrowableCollector.java:73)
	at org.junit.platform.engine.support.hierarchical.NodeTestTask.lambda$executeRecursively$8(NodeTestTask.java:141)
	at org.junit.platform.engine.support.hierarchical.Node.around(Node.java:137)
	at org.junit.platform.engine.support.hierarchical.NodeTestTask.lambda$executeRecursively$9(NodeTestTask.java:139)
	at org.junit.platform.engine.support.hierarchical.ThrowableCollector.execute(ThrowableCollector.java:73)
	at org.junit.platform.engine.support.hierarchical.NodeTestTask.executeRecursively(NodeTestTask.java:138)
	at org.junit.platform.engine.support.hierarchical.NodeTestTask.execute(NodeTestTask.java:95)
	at java.base/java.util.ArrayList.forEach(ArrayList.java:1541)
	at org.junit.platform.engine.support.hierarchical.SameThreadHierarchicalTestExecutorService.invokeAll(SameThreadHierarchicalTestExecutorService.java:41)
	at org.junit.platform.engine.support.hierarchical.NodeTestTask.lambda$executeRecursively$6(NodeTestTask.java:155)
	at org.junit.platform.engine.support.hierarchical.ThrowableCollector.execute(ThrowableCollector.java:73)
	at org.junit.platform.engine.support.hierarchical.NodeTestTask.lambda$executeRecursively$8(NodeTestTask.java:141)
	at org.junit.platform.engine.support.hierarchical.Node.around(Node.java:137)
	at org.junit.platform.engine.support.hierarchical.NodeTestTask.lambda$executeRecursively$9(NodeTestTask.java:139)
	at org.junit.platform.engine.support.hierarchical.ThrowableCollector.execute(ThrowableCollector.java:73)
	at org.junit.platform.engine.support.hierarchical.NodeTestTask.executeRecursively(NodeTestTask.java:138)
	at org.junit.platform.engine.support.hierarchical.NodeTestTask.execute(NodeTestTask.java:95)
	at org.junit.platform.engine.support.hierarchical.SameThreadHierarchicalTestExecutorService.submit(SameThreadHierarchicalTestExecutorService.java:35)
	at org.junit.platform.engine.support.hierarchical.HierarchicalTestExecutor.execute(HierarchicalTestExecutor.java:57)
	at org.junit.platform.engine.support.hierarchical.HierarchicalTestEngine.execute(HierarchicalTestEngine.java:54)
	at org.junit.platform.launcher.core.EngineExecutionOrchestrator.execute(EngineExecutionOrchestrator.java:198)
	at org.junit.platform.launcher.core.EngineExecutionOrchestrator.execute(EngineExecutionOrchestrator.java:169)
	at org.junit.platform.launcher.core.EngineExecutionOrchestrator.execute(EngineExecutionOrchestrator.java:93)
	at org.junit.platform.launcher.core.EngineExecutionOrchestrator.lambda$execute$0(EngineExecutionOrchestrator.java:58)
	at org.junit.platform.launcher.core.EngineExecutionOrchestrator.withInterceptedStreams(EngineExecutionOrchestrator.java:141)
	at org.junit.platform.launcher.core.EngineExecutionOrchestrator.execute(EngineExecutionOrchestrator.java:57)
	at org.junit.platform.launcher.core.DefaultLauncher.execute(DefaultLauncher.java:103)
	at org.junit.platform.launcher.core.DefaultLauncher.execute(DefaultLauncher.java:85)
	at org.junit.platform.launcher.core.DelegatingLauncher.execute(DelegatingLauncher.java:47)
	at org.apache.maven.surefire.junitplatform.LazyLauncher.execute(LazyLauncher.java:55)
	at org.apache.maven.surefire.junitplatform.JUnitPlatformProvider.execute(JUnitPlatformProvider.java:223)
	at org.apache.maven.surefire.junitplatform.JUnitPlatformProvider.invokeAllTests(JUnitPlatformProvider.java:175)
	at org.apache.maven.surefire.junitplatform.JUnitPlatformProvider.invoke(JUnitPlatformProvider.java:139)
	at org.apache.maven.surefire.booter.ForkedBooter.runSuitesInProcess(ForkedBooter.java:456)
	at org.apache.maven.surefire.booter.ForkedBooter.execute(ForkedBooter.java:169)
	at org.apache.maven.surefire.booter.ForkedBooter.run(ForkedBooter.java:595)
	at org.apache.maven.surefire.booter.ForkedBooter.main(ForkedBooter.java:581)
2025-06-04 22:04:13 [main] INFO  c.s.service.FlightServiceImpl - Flight updated: AI101
2025-06-04 22:04:13 [main] INFO  c.s.service.FlightServiceImpl - Importing flights from file: flights.csv
2025-06-04 22:04:13 [main] DEBUG c.s.service.FlightServiceImpl - Saved flight: AI101
2025-06-04 22:04:13 [main] INFO  c.s.service.FlightServiceImpl - Total valid flights imported: 1
2025-06-04 22:04:14 [main] DEBUG c.s.service.FlightServiceImpl - Fetching all flights
2025-06-04 22:04:14 [main] INFO  c.s.service.FlightServiceImpl - Importing flights from file: flights.xml
2025-06-04 22:04:14 [main] DEBUG c.s.service.FlightServiceImpl - Saved flight: AI101
2025-06-04 22:04:14 [main] INFO  c.s.service.FlightServiceImpl - Total valid flights imported: 1
2025-06-04 22:04:14 [main] DEBUG c.s.service.FlightServiceImpl - Retrieving flight with number: AI101
2025-06-04 22:04:14 [main] INFO  c.s.service.FlightServiceImpl - Flight saved: AI101
2025-06-04 22:04:14 [main] DEBUG c.s.service.FlightServiceImpl - Retrieving flight with ID: 1
2025-06-04 22:04:14 [main] INFO  c.s.service.UserServiceImpl - User loaded for authentication: testuser
2025-06-04 22:04:14 [main] WARN  c.s.service.UserServiceImpl - Username is null or empty
2025-06-04 22:04:14 [main] WARN  c.s.service.UserServiceImpl - Username is null or empty
2025-06-04 22:04:14 [main] INFO  c.s.service.UserServiceImpl - User updated successfully: testuser
2025-06-04 22:04:14 [main] WARN  c.s.service.UserServiceImpl - Attempted to update null user
2025-06-04 22:04:14 [main] WARN  c.s.service.UserServiceImpl - Attempted to save null user
2025-06-04 22:04:14 [main] WARN  c.s.service.UserServiceImpl - User not found: nouser
2025-06-04 22:04:14 [main] INFO  c.s.service.UserServiceImpl - User saved successfully: testuser
2025-06-04 22:12:00 [main] WARN  c.s.controller.AdminController - No file selected for upload.
2025-06-04 22:12:00 [main] WARN  c.s.controller.AdminController - Admin login error occurred.
2025-06-04 22:12:00 [main] INFO  c.s.controller.AdminController - Loading admin dashboard for user: admin
2025-06-04 22:12:00 [main] INFO  c.s.controller.AdminController - Uploading file: test.csv
2025-06-04 22:12:00 [main] DEBUG c.s.controller.AdminController - Opening add flight form.
2025-06-04 22:12:00 [main] DEBUG c.s.controller.AdminController - Opening upload page.
2025-06-04 22:12:00 [main] DEBUG c.s.controller.AdminController - Opening admin settings page.
2025-06-04 22:12:00 [main] DEBUG c.s.controller.UserController - Registration form opened.
2025-06-04 22:12:00 [main] INFO  c.s.controller.UserController - Attempting to register user: null
2025-06-04 22:12:00 [main] WARN  c.s.controller.UserController - Validation errors during registration for user: null
2025-06-04 22:12:00 [main] DEBUG c.s.controller.UserController - Home page accessed.
2025-06-04 22:12:00 [main] WARN  c.s.controller.UserController - Unauthorized AJAX flight search.
2025-06-04 22:12:01 [main] DEBUG com.searchflights.dao.FlightDaoImpl - Fetched all flights, count: 0
2025-06-04 22:12:01 [main] DEBUG com.searchflights.dao.FlightDaoImpl - Search completed. Parameters: com.searchflights.model.FlightSearchParameters@fddd7ae, Results found: 1
2025-06-04 22:12:01 [main] INFO  com.searchflights.dao.FlightDaoImpl - Deleted flight with ID: 1
2025-06-04 22:12:01 [main] WARN  com.searchflights.dao.FlightDaoImpl - Attempted to delete non-existing flight with ID: 2
2025-06-04 22:12:01 [main] DEBUG com.searchflights.dao.FlightDaoImpl - Fetched flight by number: AI101
2025-06-04 22:12:01 [main] DEBUG com.searchflights.dao.FlightDaoImpl - Fetched flight by ID: 1
2025-06-04 22:12:01 [main] INFO  com.searchflights.dao.FlightDaoImpl - Updated flight: AI102
2025-06-04 22:12:01 [main] INFO  com.searchflights.dao.FlightDaoImpl - Saved or updated flight: AI101
2025-06-04 22:12:01 [main] INFO  com.searchflights.dao.FlightDaoImpl - Called importFromCSV() - not implemented
2025-06-04 22:12:01 [main] INFO  com.searchflights.dao.FlightDaoImpl - Called importFromExcel() - not implemented
2025-06-04 22:12:01 [main] INFO  com.searchflights.dao.FlightDaoImpl - Called importFromWord() - not implemented
2025-06-04 22:12:01 [main] INFO  com.searchflights.dao.FlightDaoImpl - Called importFromXML() - not implemented
2025-06-04 22:12:01 [main] DEBUG com.searchflights.dao.UserDaoImpl - Fetched all users. Count: 1
2025-06-04 22:12:01 [main] DEBUG com.searchflights.dao.UserDaoImpl - Total user count: 1
2025-06-04 22:12:01 [main] WARN  com.searchflights.dao.UserDaoImpl - Authentication failed for username: wronguser
2025-06-04 22:12:01 [main] INFO  com.searchflights.dao.UserDaoImpl - User authenticated: testuser
2025-06-04 22:12:01 [main] INFO  com.searchflights.dao.UserDaoImpl - Updated user: testuser
2025-06-04 22:12:01 [main] DEBUG com.searchflights.dao.UserDaoImpl - User found by email: test@example.com
2025-06-04 22:12:01 [main] DEBUG com.searchflights.dao.UserDaoImpl - User found by username: testuser
2025-06-04 22:12:01 [main] INFO  com.searchflights.dao.UserDaoImpl - Saved or updated user: testuser
2025-06-04 22:12:01 [main] ERROR c.s.service.FlightServiceImpl - No file provided for import
2025-06-04 22:12:01 [main] INFO  c.s.service.FlightServiceImpl - Importing flights from file: flights.xlsx
2025-06-04 22:12:01 [main] DEBUG c.s.service.FlightServiceImpl - Saved flight: AI101
2025-06-04 22:12:01 [main] INFO  c.s.service.FlightServiceImpl - Total valid flights imported: 1
2025-06-04 22:12:01 [main] DEBUG c.s.service.FlightServiceImpl - Searching flights with parameters: com.searchflights.model.FlightSearchParameters@5122e4bf
2025-06-04 22:12:01 [main] INFO  c.s.service.FlightServiceImpl - Deleting flight with ID: 1
2025-06-04 22:12:01 [main] INFO  c.s.service.FlightServiceImpl - Flight deleted: 1
2025-06-04 22:12:01 [main] INFO  c.s.service.FlightServiceImpl - Importing flights from file: flights.docx
2025-06-04 22:12:01 [main] DEBUG c.s.service.FlightServiceImpl - Saved flight: AI101
2025-06-04 22:12:01 [main] INFO  c.s.service.FlightServiceImpl - Total valid flights imported: 1
2025-06-04 22:12:01 [main] INFO  c.s.service.FlightServiceImpl - Importing flights from file: flights.txt
2025-06-04 22:12:01 [main] ERROR c.s.service.FlightServiceImpl - Unsupported file format: flights.txt
2025-06-04 22:12:01 [main] ERROR c.s.service.FlightServiceImpl - Failed to import flights: Unsupported file format: flights.txt
java.lang.IllegalArgumentException: Unsupported file format: flights.txt
	at com.searchflights.service.FlightServiceImpl.importFromCSV(FlightServiceImpl.java:97)
	at com.searchflights.service.FlightServiceImplTest.lambda$importFromCSV_ShouldThrowExceptionOnUnsupportedFormat$8(FlightServiceImplTest.java:170)
	at org.junit.jupiter.api.AssertThrows.assertThrows(AssertThrows.java:53)
	at org.junit.jupiter.api.AssertThrows.assertThrows(AssertThrows.java:35)
	at org.junit.jupiter.api.Assertions.assertThrows(Assertions.java:3115)
	at com.searchflights.service.FlightServiceImplTest.importFromCSV_ShouldThrowExceptionOnUnsupportedFormat(FlightServiceImplTest.java:169)
	at java.base/jdk.internal.reflect.NativeMethodAccessorImpl.invoke0(Native Method)
	at java.base/jdk.internal.reflect.NativeMethodAccessorImpl.invoke(NativeMethodAccessorImpl.java:62)
	at java.base/jdk.internal.reflect.DelegatingMethodAccessorImpl.invoke(DelegatingMethodAccessorImpl.java:43)
	at java.base/java.lang.reflect.Method.invoke(Method.java:566)
	at org.junit.platform.commons.util.ReflectionUtils.invokeMethod(ReflectionUtils.java:728)
	at org.junit.jupiter.engine.execution.MethodInvocation.proceed(MethodInvocation.java:60)
	at org.junit.jupiter.engine.execution.InvocationInterceptorChain$ValidatingInvocation.proceed(InvocationInterceptorChain.java:131)
	at org.junit.jupiter.engine.extension.TimeoutExtension.intercept(TimeoutExtension.java:156)
	at org.junit.jupiter.engine.extension.TimeoutExtension.interceptTestableMethod(TimeoutExtension.java:147)
	at org.junit.jupiter.engine.extension.TimeoutExtension.interceptTestMethod(TimeoutExtension.java:86)
	at org.junit.jupiter.engine.execution.InterceptingExecutableInvoker$ReflectiveInterceptorCall.lambda$ofVoidMethod$0(InterceptingExecutableInvoker.java:103)
	at org.junit.jupiter.engine.execution.InterceptingExecutableInvoker.lambda$invoke$0(InterceptingExecutableInvoker.java:93)
	at org.junit.jupiter.engine.execution.InvocationInterceptorChain$InterceptedInvocation.proceed(InvocationInterceptorChain.java:106)
	at org.junit.jupiter.engine.execution.InvocationInterceptorChain.proceed(InvocationInterceptorChain.java:64)
	at org.junit.jupiter.engine.execution.InvocationInterceptorChain.chainAndInvoke(InvocationInterceptorChain.java:45)
	at org.junit.jupiter.engine.execution.InvocationInterceptorChain.invoke(InvocationInterceptorChain.java:37)
	at org.junit.jupiter.engine.execution.InterceptingExecutableInvoker.invoke(InterceptingExecutableInvoker.java:92)
	at org.junit.jupiter.engine.execution.InterceptingExecutableInvoker.invoke(InterceptingExecutableInvoker.java:86)
	at org.junit.jupiter.engine.descriptor.TestMethodTestDescriptor.lambda$invokeTestMethod$7(TestMethodTestDescriptor.java:218)
	at org.junit.platform.engine.support.hierarchical.ThrowableCollector.execute(ThrowableCollector.java:73)
	at org.junit.jupiter.engine.descriptor.TestMethodTestDescriptor.invokeTestMethod(TestMethodTestDescriptor.java:214)
	at org.junit.jupiter.engine.descriptor.TestMethodTestDescriptor.execute(TestMethodTestDescriptor.java:139)
	at org.junit.jupiter.engine.descriptor.TestMethodTestDescriptor.execute(TestMethodTestDescriptor.java:69)
	at org.junit.platform.engine.support.hierarchical.NodeTestTask.lambda$executeRecursively$6(NodeTestTask.java:151)
	at org.junit.platform.engine.support.hierarchical.ThrowableCollector.execute(ThrowableCollector.java:73)
	at org.junit.platform.engine.support.hierarchical.NodeTestTask.lambda$executeRecursively$8(NodeTestTask.java:141)
	at org.junit.platform.engine.support.hierarchical.Node.around(Node.java:137)
	at org.junit.platform.engine.support.hierarchical.NodeTestTask.lambda$executeRecursively$9(NodeTestTask.java:139)
	at org.junit.platform.engine.support.hierarchical.ThrowableCollector.execute(ThrowableCollector.java:73)
	at org.junit.platform.engine.support.hierarchical.NodeTestTask.executeRecursively(NodeTestTask.java:138)
	at org.junit.platform.engine.support.hierarchical.NodeTestTask.execute(NodeTestTask.java:95)
	at java.base/java.util.ArrayList.forEach(ArrayList.java:1541)
	at org.junit.platform.engine.support.hierarchical.SameThreadHierarchicalTestExecutorService.invokeAll(SameThreadHierarchicalTestExecutorService.java:41)
	at org.junit.platform.engine.support.hierarchical.NodeTestTask.lambda$executeRecursively$6(NodeTestTask.java:155)
	at org.junit.platform.engine.support.hierarchical.ThrowableCollector.execute(ThrowableCollector.java:73)
	at org.junit.platform.engine.support.hierarchical.NodeTestTask.lambda$executeRecursively$8(NodeTestTask.java:141)
	at org.junit.platform.engine.support.hierarchical.Node.around(Node.java:137)
	at org.junit.platform.engine.support.hierarchical.NodeTestTask.lambda$executeRecursively$9(NodeTestTask.java:139)
	at org.junit.platform.engine.support.hierarchical.ThrowableCollector.execute(ThrowableCollector.java:73)
	at org.junit.platform.engine.support.hierarchical.NodeTestTask.executeRecursively(NodeTestTask.java:138)
	at org.junit.platform.engine.support.hierarchical.NodeTestTask.execute(NodeTestTask.java:95)
	at java.base/java.util.ArrayList.forEach(ArrayList.java:1541)
	at org.junit.platform.engine.support.hierarchical.SameThreadHierarchicalTestExecutorService.invokeAll(SameThreadHierarchicalTestExecutorService.java:41)
	at org.junit.platform.engine.support.hierarchical.NodeTestTask.lambda$executeRecursively$6(NodeTestTask.java:155)
	at org.junit.platform.engine.support.hierarchical.ThrowableCollector.execute(ThrowableCollector.java:73)
	at org.junit.platform.engine.support.hierarchical.NodeTestTask.lambda$executeRecursively$8(NodeTestTask.java:141)
	at org.junit.platform.engine.support.hierarchical.Node.around(Node.java:137)
	at org.junit.platform.engine.support.hierarchical.NodeTestTask.lambda$executeRecursively$9(NodeTestTask.java:139)
	at org.junit.platform.engine.support.hierarchical.ThrowableCollector.execute(ThrowableCollector.java:73)
	at org.junit.platform.engine.support.hierarchical.NodeTestTask.executeRecursively(NodeTestTask.java:138)
	at org.junit.platform.engine.support.hierarchical.NodeTestTask.execute(NodeTestTask.java:95)
	at org.junit.platform.engine.support.hierarchical.SameThreadHierarchicalTestExecutorService.submit(SameThreadHierarchicalTestExecutorService.java:35)
	at org.junit.platform.engine.support.hierarchical.HierarchicalTestExecutor.execute(HierarchicalTestExecutor.java:57)
	at org.junit.platform.engine.support.hierarchical.HierarchicalTestEngine.execute(HierarchicalTestEngine.java:54)
	at org.junit.platform.launcher.core.EngineExecutionOrchestrator.execute(EngineExecutionOrchestrator.java:198)
	at org.junit.platform.launcher.core.EngineExecutionOrchestrator.execute(EngineExecutionOrchestrator.java:169)
	at org.junit.platform.launcher.core.EngineExecutionOrchestrator.execute(EngineExecutionOrchestrator.java:93)
	at org.junit.platform.launcher.core.EngineExecutionOrchestrator.lambda$execute$0(EngineExecutionOrchestrator.java:58)
	at org.junit.platform.launcher.core.EngineExecutionOrchestrator.withInterceptedStreams(EngineExecutionOrchestrator.java:141)
	at org.junit.platform.launcher.core.EngineExecutionOrchestrator.execute(EngineExecutionOrchestrator.java:57)
	at org.junit.platform.launcher.core.DefaultLauncher.execute(DefaultLauncher.java:103)
	at org.junit.platform.launcher.core.DefaultLauncher.execute(DefaultLauncher.java:85)
	at org.junit.platform.launcher.core.DelegatingLauncher.execute(DelegatingLauncher.java:47)
	at org.apache.maven.surefire.junitplatform.LazyLauncher.execute(LazyLauncher.java:55)
	at org.apache.maven.surefire.junitplatform.JUnitPlatformProvider.execute(JUnitPlatformProvider.java:223)
	at org.apache.maven.surefire.junitplatform.JUnitPlatformProvider.invokeAllTests(JUnitPlatformProvider.java:175)
	at org.apache.maven.surefire.junitplatform.JUnitPlatformProvider.invoke(JUnitPlatformProvider.java:139)
	at org.apache.maven.surefire.booter.ForkedBooter.runSuitesInProcess(ForkedBooter.java:456)
	at org.apache.maven.surefire.booter.ForkedBooter.execute(ForkedBooter.java:169)
	at org.apache.maven.surefire.booter.ForkedBooter.run(ForkedBooter.java:595)
	at org.apache.maven.surefire.booter.ForkedBooter.main(ForkedBooter.java:581)
2025-06-04 22:12:01 [main] INFO  c.s.service.FlightServiceImpl - Flight updated: AI101
2025-06-04 22:12:01 [main] INFO  c.s.service.FlightServiceImpl - Importing flights from file: flights.csv
2025-06-04 22:12:01 [main] DEBUG c.s.service.FlightServiceImpl - Saved flight: AI101
2025-06-04 22:12:01 [main] INFO  c.s.service.FlightServiceImpl - Total valid flights imported: 1
2025-06-04 22:12:01 [main] DEBUG c.s.service.FlightServiceImpl - Fetching all flights
2025-06-04 22:12:01 [main] INFO  c.s.service.FlightServiceImpl - Importing flights from file: flights.xml
2025-06-04 22:12:01 [main] DEBUG c.s.service.FlightServiceImpl - Saved flight: AI101
2025-06-04 22:12:01 [main] INFO  c.s.service.FlightServiceImpl - Total valid flights imported: 1
2025-06-04 22:12:01 [main] DEBUG c.s.service.FlightServiceImpl - Retrieving flight with number: AI101
2025-06-04 22:12:01 [main] INFO  c.s.service.FlightServiceImpl - Flight saved: AI101
2025-06-04 22:12:01 [main] DEBUG c.s.service.FlightServiceImpl - Retrieving flight with ID: 1
2025-06-04 22:12:02 [main] INFO  c.s.service.UserServiceImpl - User loaded for authentication: testuser
2025-06-04 22:12:02 [main] WARN  c.s.service.UserServiceImpl - Username is null or empty
2025-06-04 22:12:02 [main] WARN  c.s.service.UserServiceImpl - Username is null or empty
2025-06-04 22:12:02 [main] INFO  c.s.service.UserServiceImpl - User updated successfully: testuser
2025-06-04 22:12:02 [main] WARN  c.s.service.UserServiceImpl - Attempted to update null user
2025-06-04 22:12:02 [main] WARN  c.s.service.UserServiceImpl - Attempted to save null user
2025-06-04 22:12:02 [main] WARN  c.s.service.UserServiceImpl - User not found: nouser
2025-06-04 22:12:02 [main] INFO  c.s.service.UserServiceImpl - User saved successfully: testuser
2025-06-04 22:26:36 [main] WARN  c.s.controller.AdminController - No file selected for upload.
2025-06-04 22:26:36 [main] WARN  c.s.controller.AdminController - Admin login error occurred.
2025-06-04 22:26:36 [main] INFO  c.s.controller.AdminController - Loading admin dashboard for user: admin
2025-06-04 22:26:37 [main] INFO  c.s.controller.AdminController - Uploading file: test.csv
2025-06-04 22:26:37 [main] DEBUG c.s.controller.AdminController - Opening add flight form.
2025-06-04 22:26:37 [main] DEBUG c.s.controller.AdminController - Opening upload page.
2025-06-04 22:26:37 [main] DEBUG c.s.controller.AdminController - Opening admin settings page.
2025-06-04 22:26:37 [main] DEBUG c.s.controller.UserController - Registration form opened.
2025-06-04 22:26:37 [main] INFO  c.s.controller.UserController - Attempting to register user: null
2025-06-04 22:26:37 [main] WARN  c.s.controller.UserController - Validation errors during registration for user: null
2025-06-04 22:26:37 [main] DEBUG c.s.controller.UserController - Home page accessed.
2025-06-04 22:26:37 [main] WARN  c.s.controller.UserController - Unauthorized AJAX flight search.
2025-06-04 22:26:38 [main] DEBUG com.searchflights.dao.FlightDaoImpl - Fetched all flights, count: 0
2025-06-04 22:26:38 [main] DEBUG com.searchflights.dao.FlightDaoImpl - Search completed. Parameters: com.searchflights.model.FlightSearchParameters@6d294ddc, Results found: 1
2025-06-04 22:26:38 [main] INFO  com.searchflights.dao.FlightDaoImpl - Deleted flight with ID: 1
2025-06-04 22:26:38 [main] WARN  com.searchflights.dao.FlightDaoImpl - Attempted to delete non-existing flight with ID: 2
2025-06-04 22:26:38 [main] DEBUG com.searchflights.dao.FlightDaoImpl - Fetched flight by number: AI101
2025-06-04 22:26:38 [main] DEBUG com.searchflights.dao.FlightDaoImpl - Fetched flight by ID: 1
2025-06-04 22:26:38 [main] INFO  com.searchflights.dao.FlightDaoImpl - Updated flight: AI102
2025-06-04 22:26:38 [main] INFO  com.searchflights.dao.FlightDaoImpl - Saved or updated flight: AI101
2025-06-04 22:26:38 [main] INFO  com.searchflights.dao.FlightDaoImpl - Called importFromCSV() - not implemented
2025-06-04 22:26:38 [main] INFO  com.searchflights.dao.FlightDaoImpl - Called importFromExcel() - not implemented
2025-06-04 22:26:38 [main] INFO  com.searchflights.dao.FlightDaoImpl - Called importFromWord() - not implemented
2025-06-04 22:26:38 [main] INFO  com.searchflights.dao.FlightDaoImpl - Called importFromXML() - not implemented
2025-06-04 22:26:38 [main] DEBUG com.searchflights.dao.UserDaoImpl - Fetched all users. Count: 1
2025-06-04 22:26:38 [main] DEBUG com.searchflights.dao.UserDaoImpl - Total user count: 1
2025-06-04 22:26:38 [main] WARN  com.searchflights.dao.UserDaoImpl - Authentication failed for username: wronguser
2025-06-04 22:26:38 [main] INFO  com.searchflights.dao.UserDaoImpl - User authenticated: testuser
2025-06-04 22:26:38 [main] INFO  com.searchflights.dao.UserDaoImpl - Updated user: testuser
2025-06-04 22:26:38 [main] DEBUG com.searchflights.dao.UserDaoImpl - User found by email: test@example.com
2025-06-04 22:26:38 [main] DEBUG com.searchflights.dao.UserDaoImpl - User found by username: testuser
2025-06-04 22:26:38 [main] INFO  com.searchflights.dao.UserDaoImpl - Saved or updated user: testuser
2025-06-04 22:26:38 [main] ERROR c.s.service.FlightServiceImpl - No file provided for import
2025-06-04 22:26:38 [main] INFO  c.s.service.FlightServiceImpl - Importing flights from file: flights.xlsx
2025-06-04 22:26:38 [main] DEBUG c.s.service.FlightServiceImpl - Saved flight: AI101
2025-06-04 22:26:38 [main] INFO  c.s.service.FlightServiceImpl - Total valid flights imported: 1
2025-06-04 22:26:38 [main] DEBUG c.s.service.FlightServiceImpl - Searching flights with parameters: com.searchflights.model.FlightSearchParameters@5e193ef5
2025-06-04 22:26:38 [main] INFO  c.s.service.FlightServiceImpl - Deleting flight with ID: 1
2025-06-04 22:26:38 [main] INFO  c.s.service.FlightServiceImpl - Flight deleted: 1
2025-06-04 22:26:38 [main] INFO  c.s.service.FlightServiceImpl - Importing flights from file: flights.docx
2025-06-04 22:26:38 [main] DEBUG c.s.service.FlightServiceImpl - Saved flight: AI101
2025-06-04 22:26:38 [main] INFO  c.s.service.FlightServiceImpl - Total valid flights imported: 1
2025-06-04 22:26:38 [main] INFO  c.s.service.FlightServiceImpl - Importing flights from file: flights.txt
2025-06-04 22:26:38 [main] ERROR c.s.service.FlightServiceImpl - Unsupported file format: flights.txt
2025-06-04 22:26:38 [main] ERROR c.s.service.FlightServiceImpl - Failed to import flights: Unsupported file format: flights.txt
java.lang.IllegalArgumentException: Unsupported file format: flights.txt
	at com.searchflights.service.FlightServiceImpl.importFromCSV(FlightServiceImpl.java:97)
	at com.searchflights.service.FlightServiceImplTest.lambda$importFromCSV_ShouldThrowExceptionOnUnsupportedFormat$8(FlightServiceImplTest.java:170)
	at org.junit.jupiter.api.AssertThrows.assertThrows(AssertThrows.java:53)
	at org.junit.jupiter.api.AssertThrows.assertThrows(AssertThrows.java:35)
	at org.junit.jupiter.api.Assertions.assertThrows(Assertions.java:3115)
	at com.searchflights.service.FlightServiceImplTest.importFromCSV_ShouldThrowExceptionOnUnsupportedFormat(FlightServiceImplTest.java:169)
	at java.base/jdk.internal.reflect.NativeMethodAccessorImpl.invoke0(Native Method)
	at java.base/jdk.internal.reflect.NativeMethodAccessorImpl.invoke(NativeMethodAccessorImpl.java:62)
	at java.base/jdk.internal.reflect.DelegatingMethodAccessorImpl.invoke(DelegatingMethodAccessorImpl.java:43)
	at java.base/java.lang.reflect.Method.invoke(Method.java:566)
	at org.junit.platform.commons.util.ReflectionUtils.invokeMethod(ReflectionUtils.java:728)
	at org.junit.jupiter.engine.execution.MethodInvocation.proceed(MethodInvocation.java:60)
	at org.junit.jupiter.engine.execution.InvocationInterceptorChain$ValidatingInvocation.proceed(InvocationInterceptorChain.java:131)
	at org.junit.jupiter.engine.extension.TimeoutExtension.intercept(TimeoutExtension.java:156)
	at org.junit.jupiter.engine.extension.TimeoutExtension.interceptTestableMethod(TimeoutExtension.java:147)
	at org.junit.jupiter.engine.extension.TimeoutExtension.interceptTestMethod(TimeoutExtension.java:86)
	at org.junit.jupiter.engine.execution.InterceptingExecutableInvoker$ReflectiveInterceptorCall.lambda$ofVoidMethod$0(InterceptingExecutableInvoker.java:103)
	at org.junit.jupiter.engine.execution.InterceptingExecutableInvoker.lambda$invoke$0(InterceptingExecutableInvoker.java:93)
	at org.junit.jupiter.engine.execution.InvocationInterceptorChain$InterceptedInvocation.proceed(InvocationInterceptorChain.java:106)
	at org.junit.jupiter.engine.execution.InvocationInterceptorChain.proceed(InvocationInterceptorChain.java:64)
	at org.junit.jupiter.engine.execution.InvocationInterceptorChain.chainAndInvoke(InvocationInterceptorChain.java:45)
	at org.junit.jupiter.engine.execution.InvocationInterceptorChain.invoke(InvocationInterceptorChain.java:37)
	at org.junit.jupiter.engine.execution.InterceptingExecutableInvoker.invoke(InterceptingExecutableInvoker.java:92)
	at org.junit.jupiter.engine.execution.InterceptingExecutableInvoker.invoke(InterceptingExecutableInvoker.java:86)
	at org.junit.jupiter.engine.descriptor.TestMethodTestDescriptor.lambda$invokeTestMethod$7(TestMethodTestDescriptor.java:218)
	at org.junit.platform.engine.support.hierarchical.ThrowableCollector.execute(ThrowableCollector.java:73)
	at org.junit.jupiter.engine.descriptor.TestMethodTestDescriptor.invokeTestMethod(TestMethodTestDescriptor.java:214)
	at org.junit.jupiter.engine.descriptor.TestMethodTestDescriptor.execute(TestMethodTestDescriptor.java:139)
	at org.junit.jupiter.engine.descriptor.TestMethodTestDescriptor.execute(TestMethodTestDescriptor.java:69)
	at org.junit.platform.engine.support.hierarchical.NodeTestTask.lambda$executeRecursively$6(NodeTestTask.java:151)
	at org.junit.platform.engine.support.hierarchical.ThrowableCollector.execute(ThrowableCollector.java:73)
	at org.junit.platform.engine.support.hierarchical.NodeTestTask.lambda$executeRecursively$8(NodeTestTask.java:141)
	at org.junit.platform.engine.support.hierarchical.Node.around(Node.java:137)
	at org.junit.platform.engine.support.hierarchical.NodeTestTask.lambda$executeRecursively$9(NodeTestTask.java:139)
	at org.junit.platform.engine.support.hierarchical.ThrowableCollector.execute(ThrowableCollector.java:73)
	at org.junit.platform.engine.support.hierarchical.NodeTestTask.executeRecursively(NodeTestTask.java:138)
	at org.junit.platform.engine.support.hierarchical.NodeTestTask.execute(NodeTestTask.java:95)
	at java.base/java.util.ArrayList.forEach(ArrayList.java:1541)
	at org.junit.platform.engine.support.hierarchical.SameThreadHierarchicalTestExecutorService.invokeAll(SameThreadHierarchicalTestExecutorService.java:41)
	at org.junit.platform.engine.support.hierarchical.NodeTestTask.lambda$executeRecursively$6(NodeTestTask.java:155)
	at org.junit.platform.engine.support.hierarchical.ThrowableCollector.execute(ThrowableCollector.java:73)
	at org.junit.platform.engine.support.hierarchical.NodeTestTask.lambda$executeRecursively$8(NodeTestTask.java:141)
	at org.junit.platform.engine.support.hierarchical.Node.around(Node.java:137)
	at org.junit.platform.engine.support.hierarchical.NodeTestTask.lambda$executeRecursively$9(NodeTestTask.java:139)
	at org.junit.platform.engine.support.hierarchical.ThrowableCollector.execute(ThrowableCollector.java:73)
	at org.junit.platform.engine.support.hierarchical.NodeTestTask.executeRecursively(NodeTestTask.java:138)
	at org.junit.platform.engine.support.hierarchical.NodeTestTask.execute(NodeTestTask.java:95)
	at java.base/java.util.ArrayList.forEach(ArrayList.java:1541)
	at org.junit.platform.engine.support.hierarchical.SameThreadHierarchicalTestExecutorService.invokeAll(SameThreadHierarchicalTestExecutorService.java:41)
	at org.junit.platform.engine.support.hierarchical.NodeTestTask.lambda$executeRecursively$6(NodeTestTask.java:155)
	at org.junit.platform.engine.support.hierarchical.ThrowableCollector.execute(ThrowableCollector.java:73)
	at org.junit.platform.engine.support.hierarchical.NodeTestTask.lambda$executeRecursively$8(NodeTestTask.java:141)
	at org.junit.platform.engine.support.hierarchical.Node.around(Node.java:137)
	at org.junit.platform.engine.support.hierarchical.NodeTestTask.lambda$executeRecursively$9(NodeTestTask.java:139)
	at org.junit.platform.engine.support.hierarchical.ThrowableCollector.execute(ThrowableCollector.java:73)
	at org.junit.platform.engine.support.hierarchical.NodeTestTask.executeRecursively(NodeTestTask.java:138)
	at org.junit.platform.engine.support.hierarchical.NodeTestTask.execute(NodeTestTask.java:95)
	at org.junit.platform.engine.support.hierarchical.SameThreadHierarchicalTestExecutorService.submit(SameThreadHierarchicalTestExecutorService.java:35)
	at org.junit.platform.engine.support.hierarchical.HierarchicalTestExecutor.execute(HierarchicalTestExecutor.java:57)
	at org.junit.platform.engine.support.hierarchical.HierarchicalTestEngine.execute(HierarchicalTestEngine.java:54)
	at org.junit.platform.launcher.core.EngineExecutionOrchestrator.execute(EngineExecutionOrchestrator.java:198)
	at org.junit.platform.launcher.core.EngineExecutionOrchestrator.execute(EngineExecutionOrchestrator.java:169)
	at org.junit.platform.launcher.core.EngineExecutionOrchestrator.execute(EngineExecutionOrchestrator.java:93)
	at org.junit.platform.launcher.core.EngineExecutionOrchestrator.lambda$execute$0(EngineExecutionOrchestrator.java:58)
	at org.junit.platform.launcher.core.EngineExecutionOrchestrator.withInterceptedStreams(EngineExecutionOrchestrator.java:141)
	at org.junit.platform.launcher.core.EngineExecutionOrchestrator.execute(EngineExecutionOrchestrator.java:57)
	at org.junit.platform.launcher.core.DefaultLauncher.execute(DefaultLauncher.java:103)
	at org.junit.platform.launcher.core.DefaultLauncher.execute(DefaultLauncher.java:85)
	at org.junit.platform.launcher.core.DelegatingLauncher.execute(DelegatingLauncher.java:47)
	at org.apache.maven.surefire.junitplatform.LazyLauncher.execute(LazyLauncher.java:55)
	at org.apache.maven.surefire.junitplatform.JUnitPlatformProvider.execute(JUnitPlatformProvider.java:223)
	at org.apache.maven.surefire.junitplatform.JUnitPlatformProvider.invokeAllTests(JUnitPlatformProvider.java:175)
	at org.apache.maven.surefire.junitplatform.JUnitPlatformProvider.invoke(JUnitPlatformProvider.java:139)
	at org.apache.maven.surefire.booter.ForkedBooter.runSuitesInProcess(ForkedBooter.java:456)
	at org.apache.maven.surefire.booter.ForkedBooter.execute(ForkedBooter.java:169)
	at org.apache.maven.surefire.booter.ForkedBooter.run(ForkedBooter.java:595)
	at org.apache.maven.surefire.booter.ForkedBooter.main(ForkedBooter.java:581)
2025-06-04 22:26:38 [main] INFO  c.s.service.FlightServiceImpl - Flight updated: AI101
2025-06-04 22:26:38 [main] INFO  c.s.service.FlightServiceImpl - Importing flights from file: flights.csv
2025-06-04 22:26:38 [main] DEBUG c.s.service.FlightServiceImpl - Saved flight: AI101
2025-06-04 22:26:38 [main] INFO  c.s.service.FlightServiceImpl - Total valid flights imported: 1
2025-06-04 22:26:38 [main] DEBUG c.s.service.FlightServiceImpl - Fetching all flights
2025-06-04 22:26:38 [main] INFO  c.s.service.FlightServiceImpl - Importing flights from file: flights.xml
2025-06-04 22:26:38 [main] DEBUG c.s.service.FlightServiceImpl - Saved flight: AI101
2025-06-04 22:26:38 [main] INFO  c.s.service.FlightServiceImpl - Total valid flights imported: 1
2025-06-04 22:26:38 [main] DEBUG c.s.service.FlightServiceImpl - Retrieving flight with number: AI101
2025-06-04 22:26:38 [main] INFO  c.s.service.FlightServiceImpl - Flight saved: AI101
2025-06-04 22:26:38 [main] DEBUG c.s.service.FlightServiceImpl - Retrieving flight with ID: 1
2025-06-04 22:26:38 [main] INFO  c.s.service.UserServiceImpl - User loaded for authentication: testuser
2025-06-04 22:26:39 [main] WARN  c.s.service.UserServiceImpl - Username is null or empty
2025-06-04 22:26:39 [main] WARN  c.s.service.UserServiceImpl - Username is null or empty
2025-06-04 22:26:39 [main] INFO  c.s.service.UserServiceImpl - User updated successfully: testuser
2025-06-04 22:26:39 [main] WARN  c.s.service.UserServiceImpl - Attempted to update null user
2025-06-04 22:26:39 [main] WARN  c.s.service.UserServiceImpl - Attempted to save null user
2025-06-04 22:26:39 [main] WARN  c.s.service.UserServiceImpl - User not found: nouser
2025-06-04 22:26:39 [main] INFO  c.s.service.UserServiceImpl - User saved successfully: testuser
2025-06-04 23:20:30 [main] WARN  c.s.controller.AdminController - No file selected for upload.
2025-06-04 23:20:30 [main] WARN  c.s.controller.AdminController - Admin login error occurred.
2025-06-04 23:20:30 [main] INFO  c.s.controller.AdminController - Loading admin dashboard for user: admin
2025-06-04 23:20:30 [main] INFO  c.s.controller.AdminController - Uploading file: test.csv
2025-06-04 23:20:30 [main] DEBUG c.s.controller.AdminController - Opening add flight form.
2025-06-04 23:20:30 [main] DEBUG c.s.controller.AdminController - Opening upload page.
2025-06-04 23:20:30 [main] DEBUG c.s.controller.AdminController - Opening admin settings page.
2025-06-04 23:20:30 [main] DEBUG c.s.controller.UserController - Registration form opened.
2025-06-04 23:20:30 [main] INFO  c.s.controller.UserController - Attempting to register user: null
2025-06-04 23:20:30 [main] WARN  c.s.controller.UserController - Validation errors during registration for user: null
2025-06-04 23:20:30 [main] DEBUG c.s.controller.UserController - Home page accessed.
2025-06-04 23:20:30 [main] WARN  c.s.controller.UserController - Unauthorized AJAX flight search.
2025-06-04 23:20:31 [main] DEBUG com.searchflights.dao.FlightDaoImpl - Fetched all flights, count: 0
2025-06-04 23:20:31 [main] DEBUG com.searchflights.dao.FlightDaoImpl - Search completed. Parameters: com.searchflights.model.FlightSearchParameters@2dfa02c1, Results found: 1
2025-06-04 23:20:31 [main] INFO  com.searchflights.dao.FlightDaoImpl - Deleted flight with ID: 1
2025-06-04 23:20:31 [main] WARN  com.searchflights.dao.FlightDaoImpl - Attempted to delete non-existing flight with ID: 2
2025-06-04 23:20:31 [main] DEBUG com.searchflights.dao.FlightDaoImpl - Fetched flight by number: AI101
2025-06-04 23:20:31 [main] DEBUG com.searchflights.dao.FlightDaoImpl - Fetched flight by ID: 1
2025-06-04 23:20:31 [main] INFO  com.searchflights.dao.FlightDaoImpl - Updated flight: AI102
2025-06-04 23:20:31 [main] INFO  com.searchflights.dao.FlightDaoImpl - Saved or updated flight: AI101
2025-06-04 23:20:31 [main] INFO  com.searchflights.dao.FlightDaoImpl - Called importFromCSV() - not implemented
2025-06-04 23:20:31 [main] INFO  com.searchflights.dao.FlightDaoImpl - Called importFromExcel() - not implemented
2025-06-04 23:20:31 [main] INFO  com.searchflights.dao.FlightDaoImpl - Called importFromWord() - not implemented
2025-06-04 23:20:31 [main] INFO  com.searchflights.dao.FlightDaoImpl - Called importFromXML() - not implemented
2025-06-04 23:20:31 [main] DEBUG com.searchflights.dao.UserDaoImpl - Fetched all users. Count: 1
2025-06-04 23:20:31 [main] DEBUG com.searchflights.dao.UserDaoImpl - Total user count: 1
2025-06-04 23:20:31 [main] WARN  com.searchflights.dao.UserDaoImpl - Authentication failed for username: wronguser
2025-06-04 23:20:31 [main] INFO  com.searchflights.dao.UserDaoImpl - User authenticated: testuser
2025-06-04 23:20:31 [main] INFO  com.searchflights.dao.UserDaoImpl - Updated user: testuser
2025-06-04 23:20:31 [main] DEBUG com.searchflights.dao.UserDaoImpl - User found by email: test@example.com
2025-06-04 23:20:31 [main] DEBUG com.searchflights.dao.UserDaoImpl - User found by username: testuser
2025-06-04 23:20:31 [main] INFO  com.searchflights.dao.UserDaoImpl - Saved or updated user: testuser
2025-06-04 23:20:31 [main] ERROR c.s.service.FlightServiceImpl - No file provided for import
2025-06-04 23:20:31 [main] INFO  c.s.service.FlightServiceImpl - Importing flights from file: flights.xlsx
2025-06-04 23:20:31 [main] DEBUG c.s.service.FlightServiceImpl - Saved flight: AI101
2025-06-04 23:20:31 [main] INFO  c.s.service.FlightServiceImpl - Total valid flights imported: 1
2025-06-04 23:20:31 [main] DEBUG c.s.service.FlightServiceImpl - Searching flights with parameters: com.searchflights.model.FlightSearchParameters@55a0f011
2025-06-04 23:20:31 [main] INFO  c.s.service.FlightServiceImpl - Deleting flight with ID: 1
2025-06-04 23:20:31 [main] INFO  c.s.service.FlightServiceImpl - Flight deleted: 1
2025-06-04 23:20:31 [main] INFO  c.s.service.FlightServiceImpl - Importing flights from file: flights.docx
2025-06-04 23:20:31 [main] DEBUG c.s.service.FlightServiceImpl - Saved flight: AI101
2025-06-04 23:20:31 [main] INFO  c.s.service.FlightServiceImpl - Total valid flights imported: 1
2025-06-04 23:20:31 [main] INFO  c.s.service.FlightServiceImpl - Importing flights from file: flights.txt
2025-06-04 23:20:31 [main] ERROR c.s.service.FlightServiceImpl - Unsupported file format: flights.txt
2025-06-04 23:20:31 [main] ERROR c.s.service.FlightServiceImpl - Failed to import flights: Unsupported file format: flights.txt
java.lang.IllegalArgumentException: Unsupported file format: flights.txt
	at com.searchflights.service.FlightServiceImpl.importFromCSV(FlightServiceImpl.java:97)
	at com.searchflights.service.FlightServiceImplTest.lambda$importFromCSV_ShouldThrowExceptionOnUnsupportedFormat$8(FlightServiceImplTest.java:170)
	at org.junit.jupiter.api.AssertThrows.assertThrows(AssertThrows.java:53)
	at org.junit.jupiter.api.AssertThrows.assertThrows(AssertThrows.java:35)
	at org.junit.jupiter.api.Assertions.assertThrows(Assertions.java:3115)
	at com.searchflights.service.FlightServiceImplTest.importFromCSV_ShouldThrowExceptionOnUnsupportedFormat(FlightServiceImplTest.java:169)
	at java.base/jdk.internal.reflect.NativeMethodAccessorImpl.invoke0(Native Method)
	at java.base/jdk.internal.reflect.NativeMethodAccessorImpl.invoke(NativeMethodAccessorImpl.java:62)
	at java.base/jdk.internal.reflect.DelegatingMethodAccessorImpl.invoke(DelegatingMethodAccessorImpl.java:43)
	at java.base/java.lang.reflect.Method.invoke(Method.java:566)
	at org.junit.platform.commons.util.ReflectionUtils.invokeMethod(ReflectionUtils.java:728)
	at org.junit.jupiter.engine.execution.MethodInvocation.proceed(MethodInvocation.java:60)
	at org.junit.jupiter.engine.execution.InvocationInterceptorChain$ValidatingInvocation.proceed(InvocationInterceptorChain.java:131)
	at org.junit.jupiter.engine.extension.TimeoutExtension.intercept(TimeoutExtension.java:156)
	at org.junit.jupiter.engine.extension.TimeoutExtension.interceptTestableMethod(TimeoutExtension.java:147)
	at org.junit.jupiter.engine.extension.TimeoutExtension.interceptTestMethod(TimeoutExtension.java:86)
	at org.junit.jupiter.engine.execution.InterceptingExecutableInvoker$ReflectiveInterceptorCall.lambda$ofVoidMethod$0(InterceptingExecutableInvoker.java:103)
	at org.junit.jupiter.engine.execution.InterceptingExecutableInvoker.lambda$invoke$0(InterceptingExecutableInvoker.java:93)
	at org.junit.jupiter.engine.execution.InvocationInterceptorChain$InterceptedInvocation.proceed(InvocationInterceptorChain.java:106)
	at org.junit.jupiter.engine.execution.InvocationInterceptorChain.proceed(InvocationInterceptorChain.java:64)
	at org.junit.jupiter.engine.execution.InvocationInterceptorChain.chainAndInvoke(InvocationInterceptorChain.java:45)
	at org.junit.jupiter.engine.execution.InvocationInterceptorChain.invoke(InvocationInterceptorChain.java:37)
	at org.junit.jupiter.engine.execution.InterceptingExecutableInvoker.invoke(InterceptingExecutableInvoker.java:92)
	at org.junit.jupiter.engine.execution.InterceptingExecutableInvoker.invoke(InterceptingExecutableInvoker.java:86)
	at org.junit.jupiter.engine.descriptor.TestMethodTestDescriptor.lambda$invokeTestMethod$7(TestMethodTestDescriptor.java:218)
	at org.junit.platform.engine.support.hierarchical.ThrowableCollector.execute(ThrowableCollector.java:73)
	at org.junit.jupiter.engine.descriptor.TestMethodTestDescriptor.invokeTestMethod(TestMethodTestDescriptor.java:214)
	at org.junit.jupiter.engine.descriptor.TestMethodTestDescriptor.execute(TestMethodTestDescriptor.java:139)
	at org.junit.jupiter.engine.descriptor.TestMethodTestDescriptor.execute(TestMethodTestDescriptor.java:69)
	at org.junit.platform.engine.support.hierarchical.NodeTestTask.lambda$executeRecursively$6(NodeTestTask.java:151)
	at org.junit.platform.engine.support.hierarchical.ThrowableCollector.execute(ThrowableCollector.java:73)
	at org.junit.platform.engine.support.hierarchical.NodeTestTask.lambda$executeRecursively$8(NodeTestTask.java:141)
	at org.junit.platform.engine.support.hierarchical.Node.around(Node.java:137)
	at org.junit.platform.engine.support.hierarchical.NodeTestTask.lambda$executeRecursively$9(NodeTestTask.java:139)
	at org.junit.platform.engine.support.hierarchical.ThrowableCollector.execute(ThrowableCollector.java:73)
	at org.junit.platform.engine.support.hierarchical.NodeTestTask.executeRecursively(NodeTestTask.java:138)
	at org.junit.platform.engine.support.hierarchical.NodeTestTask.execute(NodeTestTask.java:95)
	at java.base/java.util.ArrayList.forEach(ArrayList.java:1541)
	at org.junit.platform.engine.support.hierarchical.SameThreadHierarchicalTestExecutorService.invokeAll(SameThreadHierarchicalTestExecutorService.java:41)
	at org.junit.platform.engine.support.hierarchical.NodeTestTask.lambda$executeRecursively$6(NodeTestTask.java:155)
	at org.junit.platform.engine.support.hierarchical.ThrowableCollector.execute(ThrowableCollector.java:73)
	at org.junit.platform.engine.support.hierarchical.NodeTestTask.lambda$executeRecursively$8(NodeTestTask.java:141)
	at org.junit.platform.engine.support.hierarchical.Node.around(Node.java:137)
	at org.junit.platform.engine.support.hierarchical.NodeTestTask.lambda$executeRecursively$9(NodeTestTask.java:139)
	at org.junit.platform.engine.support.hierarchical.ThrowableCollector.execute(ThrowableCollector.java:73)
	at org.junit.platform.engine.support.hierarchical.NodeTestTask.executeRecursively(NodeTestTask.java:138)
	at org.junit.platform.engine.support.hierarchical.NodeTestTask.execute(NodeTestTask.java:95)
	at java.base/java.util.ArrayList.forEach(ArrayList.java:1541)
	at org.junit.platform.engine.support.hierarchical.SameThreadHierarchicalTestExecutorService.invokeAll(SameThreadHierarchicalTestExecutorService.java:41)
	at org.junit.platform.engine.support.hierarchical.NodeTestTask.lambda$executeRecursively$6(NodeTestTask.java:155)
	at org.junit.platform.engine.support.hierarchical.ThrowableCollector.execute(ThrowableCollector.java:73)
	at org.junit.platform.engine.support.hierarchical.NodeTestTask.lambda$executeRecursively$8(NodeTestTask.java:141)
	at org.junit.platform.engine.support.hierarchical.Node.around(Node.java:137)
	at org.junit.platform.engine.support.hierarchical.NodeTestTask.lambda$executeRecursively$9(NodeTestTask.java:139)
	at org.junit.platform.engine.support.hierarchical.ThrowableCollector.execute(ThrowableCollector.java:73)
	at org.junit.platform.engine.support.hierarchical.NodeTestTask.executeRecursively(NodeTestTask.java:138)
	at org.junit.platform.engine.support.hierarchical.NodeTestTask.execute(NodeTestTask.java:95)
	at org.junit.platform.engine.support.hierarchical.SameThreadHierarchicalTestExecutorService.submit(SameThreadHierarchicalTestExecutorService.java:35)
	at org.junit.platform.engine.support.hierarchical.HierarchicalTestExecutor.execute(HierarchicalTestExecutor.java:57)
	at org.junit.platform.engine.support.hierarchical.HierarchicalTestEngine.execute(HierarchicalTestEngine.java:54)
	at org.junit.platform.launcher.core.EngineExecutionOrchestrator.execute(EngineExecutionOrchestrator.java:198)
	at org.junit.platform.launcher.core.EngineExecutionOrchestrator.execute(EngineExecutionOrchestrator.java:169)
	at org.junit.platform.launcher.core.EngineExecutionOrchestrator.execute(EngineExecutionOrchestrator.java:93)
	at org.junit.platform.launcher.core.EngineExecutionOrchestrator.lambda$execute$0(EngineExecutionOrchestrator.java:58)
	at org.junit.platform.launcher.core.EngineExecutionOrchestrator.withInterceptedStreams(EngineExecutionOrchestrator.java:141)
	at org.junit.platform.launcher.core.EngineExecutionOrchestrator.execute(EngineExecutionOrchestrator.java:57)
	at org.junit.platform.launcher.core.DefaultLauncher.execute(DefaultLauncher.java:103)
	at org.junit.platform.launcher.core.DefaultLauncher.execute(DefaultLauncher.java:85)
	at org.junit.platform.launcher.core.DelegatingLauncher.execute(DelegatingLauncher.java:47)
	at org.apache.maven.surefire.junitplatform.LazyLauncher.execute(LazyLauncher.java:55)
	at org.apache.maven.surefire.junitplatform.JUnitPlatformProvider.execute(JUnitPlatformProvider.java:223)
	at org.apache.maven.surefire.junitplatform.JUnitPlatformProvider.invokeAllTests(JUnitPlatformProvider.java:175)
	at org.apache.maven.surefire.junitplatform.JUnitPlatformProvider.invoke(JUnitPlatformProvider.java:139)
	at org.apache.maven.surefire.booter.ForkedBooter.runSuitesInProcess(ForkedBooter.java:456)
	at org.apache.maven.surefire.booter.ForkedBooter.execute(ForkedBooter.java:169)
	at org.apache.maven.surefire.booter.ForkedBooter.run(ForkedBooter.java:595)
	at org.apache.maven.surefire.booter.ForkedBooter.main(ForkedBooter.java:581)
2025-06-04 23:20:31 [main] INFO  c.s.service.FlightServiceImpl - Flight updated: AI101
2025-06-04 23:20:31 [main] INFO  c.s.service.FlightServiceImpl - Importing flights from file: flights.csv
2025-06-04 23:20:31 [main] DEBUG c.s.service.FlightServiceImpl - Saved flight: AI101
2025-06-04 23:20:31 [main] INFO  c.s.service.FlightServiceImpl - Total valid flights imported: 1
2025-06-04 23:20:31 [main] DEBUG c.s.service.FlightServiceImpl - Fetching all flights
2025-06-04 23:20:31 [main] INFO  c.s.service.FlightServiceImpl - Importing flights from file: flights.xml
2025-06-04 23:20:31 [main] DEBUG c.s.service.FlightServiceImpl - Saved flight: AI101
2025-06-04 23:20:31 [main] INFO  c.s.service.FlightServiceImpl - Total valid flights imported: 1
2025-06-04 23:20:31 [main] DEBUG c.s.service.FlightServiceImpl - Retrieving flight with number: AI101
2025-06-04 23:20:31 [main] INFO  c.s.service.FlightServiceImpl - Flight saved: AI101
2025-06-04 23:20:31 [main] DEBUG c.s.service.FlightServiceImpl - Retrieving flight with ID: 1
2025-06-04 23:20:31 [main] INFO  c.s.service.UserServiceImpl - User loaded for authentication: testuser
2025-06-04 23:20:32 [main] WARN  c.s.service.UserServiceImpl - Username is null or empty
2025-06-04 23:20:32 [main] WARN  c.s.service.UserServiceImpl - Username is null or empty
2025-06-04 23:20:32 [main] INFO  c.s.service.UserServiceImpl - User updated successfully: testuser
2025-06-04 23:20:32 [main] WARN  c.s.service.UserServiceImpl - Attempted to update null user
2025-06-04 23:20:32 [main] WARN  c.s.service.UserServiceImpl - Attempted to save null user
2025-06-04 23:20:32 [main] WARN  c.s.service.UserServiceImpl - User not found: nouser
2025-06-04 23:20:32 [main] INFO  c.s.service.UserServiceImpl - User saved successfully: testuser
