2025-06-15 13:08:49 [main] WARN  c.s.controller.AdminController - Admin login error occurred.
2025-06-15 13:08:49 [main] WARN  c.s.controller.AdminController - Unauthenticated access attempt to admin dashboard.
2025-06-15 13:08:49 [main] INFO  c.s.controller.AdminController - Loading admin dashboard for user: anonymous
2025-06-15 13:08:49 [main] WARN  c.s.controller.AdminController - No file selected for upload.
2025-06-15 13:08:49 [main] INFO  c.s.controller.AdminController - Uploading csv file: test.txt
2025-06-15 13:08:49 [main] DEBUG c.s.controller.AdminController - Opening add flight form.
2025-06-15 13:08:49 [main] DEBUG c.s.controller.AdminController - Opening upload page.
2025-06-15 13:08:49 [main] INFO  c.s.controller.AdminController - New flight added via AJAX: 123
2025-06-15 13:08:49 [main] DEBUG c.s.controller.AdminController - Opening admin history page.
2025-06-15 13:08:49 [main] INFO  c.s.controller.AdminController - Admin logged out.
2025-06-15 13:08:49 [main] INFO  c.s.controller.UserController - Attempting to register user: newuser
2025-06-15 13:08:49 [main] INFO  c.s.controller.UserController - User registered successfully: newuser
2025-06-15 13:08:49 [main] INFO  c.s.controller.UserController - Attempting to register user: existing
2025-06-15 13:08:49 [main] WARN  c.s.controller.UserController - Username already exists: existing
2025-06-15 13:08:49 [main] INFO  c.s.controller.UserController - Dashboard loaded for user: testuser
2025-06-15 13:08:49 [main] INFO  c.s.controller.UserController - Login attempt for username: valid
2025-06-15 13:08:49 [main] INFO  c.s.controller.UserController - Successful login for user: valid
2025-06-15 13:08:49 [main] INFO  c.s.controller.UserController - Attempting to register user: null
2025-06-15 13:08:49 [main] WARN  c.s.controller.UserController - Validation errors during registration for user: null
2025-06-15 13:08:49 [main] WARN  c.s.controller.UserController - No authenticated user found in session, redirecting to login
2025-06-15 13:08:49 [main] INFO  c.s.controller.UserController - User logged out: testuser
2025-06-15 13:08:49 [main] INFO  c.s.controller.UserController - Login attempt for username: null
2025-06-15 13:08:49 [main] WARN  c.s.controller.UserController - Failed login attempt for username: null
2025-06-15 13:08:50 [main] DEBUG com.searchflights.dao.FlightDaoImpl - Fetched all flights, count: 0
2025-06-15 13:08:50 [main] DEBUG com.searchflights.dao.FlightDaoImpl - Search completed. Parameters: com.searchflights.model.FlightSearchParameters@7d0cd23c, Results found: 1
2025-06-15 13:08:50 [main] INFO  com.searchflights.dao.FlightDaoImpl - Deleted flight with ID: 1
2025-06-15 13:08:50 [main] WARN  com.searchflights.dao.FlightDaoImpl - Attempted to delete non-existing flight with ID: 2
2025-06-15 13:08:50 [main] DEBUG com.searchflights.dao.FlightDaoImpl - Fetched flight by number: AI101
2025-06-15 13:08:50 [main] DEBUG com.searchflights.dao.FlightDaoImpl - Fetched flight by ID: 1
2025-06-15 13:08:50 [main] INFO  com.searchflights.dao.FlightDaoImpl - Updated flight: AI102
2025-06-15 13:08:50 [main] INFO  com.searchflights.dao.FlightDaoImpl - Saved or updated flight: AI101
2025-06-15 13:08:50 [main] INFO  com.searchflights.dao.FlightDaoImpl - Called importFromCSV() - not implemented
2025-06-15 13:08:50 [main] INFO  com.searchflights.dao.FlightDaoImpl - Called importFromExcel() - not implemented
2025-06-15 13:08:50 [main] INFO  com.searchflights.dao.FlightDaoImpl - Called importFromWord() - not implemented
2025-06-15 13:08:50 [main] INFO  com.searchflights.dao.FlightDaoImpl - Called importFromXML() - not implemented
2025-06-15 13:08:50 [main] DEBUG c.s.service.FlightServiceImpl - Fetching all flights
2025-06-15 13:08:50 [main] INFO  c.s.service.FlightServiceImpl - Importing flights from file: flights.unsupported
2025-06-15 13:08:50 [main] ERROR c.s.service.FlightServiceImpl - Unsupported file format: flights.unsupported
2025-06-15 13:08:50 [main] ERROR c.s.service.FlightServiceImpl - Failed to import flights from flights.unsupported: Unsupported file format: flights.unsupported. Supported formats: CSV, Excel (.xlsx/.xls), Word (.docx/.doc), XML
java.lang.IllegalArgumentException: Unsupported file format: flights.unsupported. Supported formats: CSV, Excel (.xlsx/.xls), Word (.docx/.doc), XML
	at com.searchflights.service.FlightServiceImpl.importFromFile(FlightServiceImpl.java:332)
	at com.searchflights.service.FlightServiceImplTest.lambda$testImportFromFile_UnsupportedFormat$4(FlightServiceImplTest.java:189)
	at org.junit.jupiter.api.AssertThrows.assertThrows(AssertThrows.java:53)
	at org.junit.jupiter.api.AssertThrows.assertThrows(AssertThrows.java:35)
	at org.junit.jupiter.api.Assertions.assertThrows(Assertions.java:3115)
	at com.searchflights.service.FlightServiceImplTest.testImportFromFile_UnsupportedFormat(FlightServiceImplTest.java:188)
	at java.base/jdk.internal.reflect.NativeMethodAccessorImpl.invoke0(Native Method)
	at java.base/jdk.internal.reflect.NativeMethodAccessorImpl.invoke(NativeMethodAccessorImpl.java:62)
	at java.base/jdk.internal.reflect.DelegatingMethodAccessorImpl.invoke(DelegatingMethodAccessorImpl.java:43)
	at java.base/java.lang.reflect.Method.invoke(Method.java:566)
	at org.junit.platform.commons.util.ReflectionUtils.invokeMethod(ReflectionUtils.java:728)
	at org.junit.jupiter.engine.execution.MethodInvocation.proceed(MethodInvocation.java:60)
	at org.junit.jupiter.engine.execution.InvocationInterceptorChain$ValidatingInvocation.proceed(InvocationInterceptorChain.java:131)
	at org.junit.jupiter.engine.extension.TimeoutExtension.intercept(TimeoutExtension.java:156)
	at org.junit.jupiter.engine.extension.TimeoutExtension.interceptTestableMethod(TimeoutExtension.java:147)
	at org.junit.jupiter.engine.extension.TimeoutExtension.interceptTestMethod(TimeoutExtension.java:86)
	at org.junit.jupiter.engine.execution.InterceptingExecutableInvoker$ReflectiveInterceptorCall.lambda$ofVoidMethod$0(InterceptingExecutableInvoker.java:103)
	at org.junit.jupiter.engine.execution.InterceptingExecutableInvoker.lambda$invoke$0(InterceptingExecutableInvoker.java:93)
	at org.junit.jupiter.engine.execution.InvocationInterceptorChain$InterceptedInvocation.proceed(InvocationInterceptorChain.java:106)
	at org.junit.jupiter.engine.execution.InvocationInterceptorChain.proceed(InvocationInterceptorChain.java:64)
	at org.junit.jupiter.engine.execution.InvocationInterceptorChain.chainAndInvoke(InvocationInterceptorChain.java:45)
	at org.junit.jupiter.engine.execution.InvocationInterceptorChain.invoke(InvocationInterceptorChain.java:37)
	at org.junit.jupiter.engine.execution.InterceptingExecutableInvoker.invoke(InterceptingExecutableInvoker.java:92)
	at org.junit.jupiter.engine.execution.InterceptingExecutableInvoker.invoke(InterceptingExecutableInvoker.java:86)
	at org.junit.jupiter.engine.descriptor.TestMethodTestDescriptor.lambda$invokeTestMethod$7(TestMethodTestDescriptor.java:218)
	at org.junit.platform.engine.support.hierarchical.ThrowableCollector.execute(ThrowableCollector.java:73)
	at org.junit.jupiter.engine.descriptor.TestMethodTestDescriptor.invokeTestMethod(TestMethodTestDescriptor.java:214)
	at org.junit.jupiter.engine.descriptor.TestMethodTestDescriptor.execute(TestMethodTestDescriptor.java:139)
	at org.junit.jupiter.engine.descriptor.TestMethodTestDescriptor.execute(TestMethodTestDescriptor.java:69)
	at org.junit.platform.engine.support.hierarchical.NodeTestTask.lambda$executeRecursively$6(NodeTestTask.java:151)
	at org.junit.platform.engine.support.hierarchical.ThrowableCollector.execute(ThrowableCollector.java:73)
	at org.junit.platform.engine.support.hierarchical.NodeTestTask.lambda$executeRecursively$8(NodeTestTask.java:141)
	at org.junit.platform.engine.support.hierarchical.Node.around(Node.java:137)
	at org.junit.platform.engine.support.hierarchical.NodeTestTask.lambda$executeRecursively$9(NodeTestTask.java:139)
	at org.junit.platform.engine.support.hierarchical.ThrowableCollector.execute(ThrowableCollector.java:73)
	at org.junit.platform.engine.support.hierarchical.NodeTestTask.executeRecursively(NodeTestTask.java:138)
	at org.junit.platform.engine.support.hierarchical.NodeTestTask.execute(NodeTestTask.java:95)
	at java.base/java.util.ArrayList.forEach(ArrayList.java:1541)
	at org.junit.platform.engine.support.hierarchical.SameThreadHierarchicalTestExecutorService.invokeAll(SameThreadHierarchicalTestExecutorService.java:41)
	at org.junit.platform.engine.support.hierarchical.NodeTestTask.lambda$executeRecursively$6(NodeTestTask.java:155)
	at org.junit.platform.engine.support.hierarchical.ThrowableCollector.execute(ThrowableCollector.java:73)
	at org.junit.platform.engine.support.hierarchical.NodeTestTask.lambda$executeRecursively$8(NodeTestTask.java:141)
	at org.junit.platform.engine.support.hierarchical.Node.around(Node.java:137)
	at org.junit.platform.engine.support.hierarchical.NodeTestTask.lambda$executeRecursively$9(NodeTestTask.java:139)
	at org.junit.platform.engine.support.hierarchical.ThrowableCollector.execute(ThrowableCollector.java:73)
	at org.junit.platform.engine.support.hierarchical.NodeTestTask.executeRecursively(NodeTestTask.java:138)
	at org.junit.platform.engine.support.hierarchical.NodeTestTask.execute(NodeTestTask.java:95)
	at java.base/java.util.ArrayList.forEach(ArrayList.java:1541)
	at org.junit.platform.engine.support.hierarchical.SameThreadHierarchicalTestExecutorService.invokeAll(SameThreadHierarchicalTestExecutorService.java:41)
	at org.junit.platform.engine.support.hierarchical.NodeTestTask.lambda$executeRecursively$6(NodeTestTask.java:155)
	at org.junit.platform.engine.support.hierarchical.ThrowableCollector.execute(ThrowableCollector.java:73)
	at org.junit.platform.engine.support.hierarchical.NodeTestTask.lambda$executeRecursively$8(NodeTestTask.java:141)
	at org.junit.platform.engine.support.hierarchical.Node.around(Node.java:137)
	at org.junit.platform.engine.support.hierarchical.NodeTestTask.lambda$executeRecursively$9(NodeTestTask.java:139)
	at org.junit.platform.engine.support.hierarchical.ThrowableCollector.execute(ThrowableCollector.java:73)
	at org.junit.platform.engine.support.hierarchical.NodeTestTask.executeRecursively(NodeTestTask.java:138)
	at org.junit.platform.engine.support.hierarchical.NodeTestTask.execute(NodeTestTask.java:95)
	at org.junit.platform.engine.support.hierarchical.SameThreadHierarchicalTestExecutorService.submit(SameThreadHierarchicalTestExecutorService.java:35)
	at org.junit.platform.engine.support.hierarchical.HierarchicalTestExecutor.execute(HierarchicalTestExecutor.java:57)
	at org.junit.platform.engine.support.hierarchical.HierarchicalTestEngine.execute(HierarchicalTestEngine.java:54)
	at org.junit.platform.launcher.core.EngineExecutionOrchestrator.execute(EngineExecutionOrchestrator.java:198)
	at org.junit.platform.launcher.core.EngineExecutionOrchestrator.execute(EngineExecutionOrchestrator.java:169)
	at org.junit.platform.launcher.core.EngineExecutionOrchestrator.execute(EngineExecutionOrchestrator.java:93)
	at org.junit.platform.launcher.core.EngineExecutionOrchestrator.lambda$execute$0(EngineExecutionOrchestrator.java:58)
	at org.junit.platform.launcher.core.EngineExecutionOrchestrator.withInterceptedStreams(EngineExecutionOrchestrator.java:141)
	at org.junit.platform.launcher.core.EngineExecutionOrchestrator.execute(EngineExecutionOrchestrator.java:57)
	at org.junit.platform.launcher.core.DefaultLauncher.execute(DefaultLauncher.java:103)
	at org.junit.platform.launcher.core.DefaultLauncher.execute(DefaultLauncher.java:85)
	at org.junit.platform.launcher.core.DelegatingLauncher.execute(DelegatingLauncher.java:47)
	at org.apache.maven.surefire.junitplatform.LazyLauncher.execute(LazyLauncher.java:55)
	at org.apache.maven.surefire.junitplatform.JUnitPlatformProvider.execute(JUnitPlatformProvider.java:223)
	at org.apache.maven.surefire.junitplatform.JUnitPlatformProvider.invokeAllTests(JUnitPlatformProvider.java:175)
	at org.apache.maven.surefire.junitplatform.JUnitPlatformProvider.invoke(JUnitPlatformProvider.java:139)
	at org.apache.maven.surefire.booter.ForkedBooter.runSuitesInProcess(ForkedBooter.java:456)
	at org.apache.maven.surefire.booter.ForkedBooter.execute(ForkedBooter.java:169)
	at org.apache.maven.surefire.booter.ForkedBooter.run(ForkedBooter.java:595)
	at org.apache.maven.surefire.booter.ForkedBooter.main(ForkedBooter.java:581)
2025-06-15 13:08:50 [main] DEBUG c.s.service.FlightServiceImpl - Searching flights with parameters: com.searchflights.model.FlightSearchParameters@60591e1b
2025-06-15 13:08:50 [main] ERROR c.s.service.FlightServiceImpl - No CSV file provided for import
2025-06-15 13:08:50 [main] DEBUG c.s.service.FlightServiceImpl - Retrieving flight with number: A123
2025-06-15 13:08:50 [main] DEBUG c.s.service.FlightServiceImpl - Retrieving flight with ID: 1
2025-06-15 13:08:50 [main] INFO  c.s.service.FlightServiceImpl - Flight updated: A123
2025-06-15 13:08:50 [main] INFO  c.s.service.FlightServiceImpl - Deleting flight with ID: 1
2025-06-15 13:08:50 [main] INFO  c.s.service.FlightServiceImpl - Flight deleted: 1
2025-06-15 13:08:50 [main] INFO  c.s.service.FlightServiceImpl - Flight saved: A123
2025-06-15 13:08:50 [main] ERROR c.s.service.FlightServiceImpl - No CSV file provided for import
2025-06-15 13:08:51 [main] INFO  c.s.service.FlightServiceImpl - Importing flights from CSV file: flights.csv
2025-06-15 13:08:51 [main] DEBUG c.s.service.FlightServiceImpl - Saved flight: null
2025-06-15 13:08:51 [main] DEBUG c.s.service.FlightServiceImpl - Saved flight: null
2025-06-15 13:08:51 [main] INFO  c.s.service.FlightServiceImpl - CSV file import summary - Total: 2, Saved: 2, Duplicates: 0, Invalid: 0
2025-06-15 13:08:51 [main] WARN  c.s.service.UserServiceImpl - Authentication failed for user: testuser
2025-06-15 13:08:51 [main] INFO  c.s.service.UserServiceImpl - Authentication successful for user: testuser
2025-06-15 13:08:51 [main] WARN  c.s.service.UserServiceImpl - Authentication failed for user: testuser
2025-06-15 13:08:51 [main] INFO  c.s.service.UserServiceImpl - Authentication successful for user: testuser
2025-06-15 23:30:54 [main] WARN  c.s.controller.AdminController - Admin login error occurred.
2025-06-15 23:30:54 [main] WARN  c.s.controller.AdminController - Unauthenticated access attempt to admin dashboard.
2025-06-15 23:30:54 [main] INFO  c.s.controller.AdminController - Loading admin dashboard for user: anonymous
2025-06-15 23:30:54 [main] WARN  c.s.controller.AdminController - No file selected for upload.
2025-06-15 23:30:54 [main] INFO  c.s.controller.AdminController - Uploading csv file: test.txt
2025-06-15 23:30:54 [main] DEBUG c.s.controller.AdminController - Opening add flight form.
2025-06-15 23:30:54 [main] DEBUG c.s.controller.AdminController - Opening upload page.
2025-06-15 23:30:54 [main] INFO  c.s.controller.AdminController - New flight added via AJAX: 123
2025-06-15 23:30:54 [main] DEBUG c.s.controller.AdminController - Opening admin history page.
2025-06-15 23:30:54 [main] INFO  c.s.controller.AdminController - Admin logged out.
2025-06-15 23:30:55 [main] INFO  c.s.controller.UserController - Attempting to register user: newuser
2025-06-15 23:30:55 [main] INFO  c.s.controller.UserController - User registered successfully: newuser
2025-06-15 23:30:55 [main] INFO  c.s.controller.UserController - Attempting to register user: existing
2025-06-15 23:30:55 [main] WARN  c.s.controller.UserController - Username already exists: existing
2025-06-15 23:30:55 [main] INFO  c.s.controller.UserController - Dashboard loaded for user: testuser
2025-06-15 23:30:55 [main] INFO  c.s.controller.UserController - Login attempt for username: valid
2025-06-15 23:30:55 [main] INFO  c.s.controller.UserController - Successful login for user: valid
2025-06-15 23:30:55 [main] INFO  c.s.controller.UserController - Attempting to register user: null
2025-06-15 23:30:55 [main] WARN  c.s.controller.UserController - Validation errors during registration for user: null
2025-06-15 23:30:55 [main] WARN  c.s.controller.UserController - No authenticated user found in session, redirecting to login
2025-06-15 23:30:55 [main] INFO  c.s.controller.UserController - User logged out: testuser
2025-06-15 23:30:55 [main] INFO  c.s.controller.UserController - Login attempt for username: null
2025-06-15 23:30:55 [main] WARN  c.s.controller.UserController - Failed login attempt for username: null
2025-06-15 23:30:55 [main] DEBUG com.searchflights.dao.FlightDaoImpl - Fetched all flights, count: 0
2025-06-15 23:30:55 [main] DEBUG com.searchflights.dao.FlightDaoImpl - Search completed. Parameters: com.searchflights.model.FlightSearchParameters@63e5b8aa, Results found: 1
2025-06-15 23:30:55 [main] INFO  com.searchflights.dao.FlightDaoImpl - Deleted flight with ID: 1
2025-06-15 23:30:55 [main] WARN  com.searchflights.dao.FlightDaoImpl - Attempted to delete non-existing flight with ID: 2
2025-06-15 23:30:55 [main] DEBUG com.searchflights.dao.FlightDaoImpl - Fetched flight by number: AI101
2025-06-15 23:30:55 [main] DEBUG com.searchflights.dao.FlightDaoImpl - Fetched flight by ID: 1
2025-06-15 23:30:55 [main] INFO  com.searchflights.dao.FlightDaoImpl - Updated flight: AI102
2025-06-15 23:30:55 [main] INFO  com.searchflights.dao.FlightDaoImpl - Saved or updated flight: AI101
2025-06-15 23:30:55 [main] INFO  com.searchflights.dao.FlightDaoImpl - Called importFromCSV() - not implemented
2025-06-15 23:30:55 [main] INFO  com.searchflights.dao.FlightDaoImpl - Called importFromExcel() - not implemented
2025-06-15 23:30:55 [main] INFO  com.searchflights.dao.FlightDaoImpl - Called importFromWord() - not implemented
2025-06-15 23:30:55 [main] INFO  com.searchflights.dao.FlightDaoImpl - Called importFromXML() - not implemented
2025-06-15 23:30:55 [main] DEBUG c.s.service.FlightServiceImpl - Fetching all flights
2025-06-15 23:30:55 [main] INFO  c.s.service.FlightServiceImpl - Importing flights from file: flights.unsupported
2025-06-15 23:30:55 [main] ERROR c.s.service.FlightServiceImpl - Unsupported file format: flights.unsupported
2025-06-15 23:30:56 [main] ERROR c.s.service.FlightServiceImpl - Failed to import flights from flights.unsupported: Unsupported file format: flights.unsupported. Supported formats: CSV, Excel (.xlsx/.xls), Word (.docx/.doc), XML
java.lang.IllegalArgumentException: Unsupported file format: flights.unsupported. Supported formats: CSV, Excel (.xlsx/.xls), Word (.docx/.doc), XML
	at com.searchflights.service.FlightServiceImpl.importFromFile(FlightServiceImpl.java:332)
	at com.searchflights.service.FlightServiceImplTest.lambda$testImportFromFile_UnsupportedFormat$4(FlightServiceImplTest.java:189)
	at org.junit.jupiter.api.AssertThrows.assertThrows(AssertThrows.java:53)
	at org.junit.jupiter.api.AssertThrows.assertThrows(AssertThrows.java:35)
	at org.junit.jupiter.api.Assertions.assertThrows(Assertions.java:3115)
	at com.searchflights.service.FlightServiceImplTest.testImportFromFile_UnsupportedFormat(FlightServiceImplTest.java:188)
	at java.base/jdk.internal.reflect.NativeMethodAccessorImpl.invoke0(Native Method)
	at java.base/jdk.internal.reflect.NativeMethodAccessorImpl.invoke(NativeMethodAccessorImpl.java:62)
	at java.base/jdk.internal.reflect.DelegatingMethodAccessorImpl.invoke(DelegatingMethodAccessorImpl.java:43)
	at java.base/java.lang.reflect.Method.invoke(Method.java:566)
	at org.junit.platform.commons.util.ReflectionUtils.invokeMethod(ReflectionUtils.java:728)
	at org.junit.jupiter.engine.execution.MethodInvocation.proceed(MethodInvocation.java:60)
	at org.junit.jupiter.engine.execution.InvocationInterceptorChain$ValidatingInvocation.proceed(InvocationInterceptorChain.java:131)
	at org.junit.jupiter.engine.extension.TimeoutExtension.intercept(TimeoutExtension.java:156)
	at org.junit.jupiter.engine.extension.TimeoutExtension.interceptTestableMethod(TimeoutExtension.java:147)
	at org.junit.jupiter.engine.extension.TimeoutExtension.interceptTestMethod(TimeoutExtension.java:86)
	at org.junit.jupiter.engine.execution.InterceptingExecutableInvoker$ReflectiveInterceptorCall.lambda$ofVoidMethod$0(InterceptingExecutableInvoker.java:103)
	at org.junit.jupiter.engine.execution.InterceptingExecutableInvoker.lambda$invoke$0(InterceptingExecutableInvoker.java:93)
	at org.junit.jupiter.engine.execution.InvocationInterceptorChain$InterceptedInvocation.proceed(InvocationInterceptorChain.java:106)
	at org.junit.jupiter.engine.execution.InvocationInterceptorChain.proceed(InvocationInterceptorChain.java:64)
	at org.junit.jupiter.engine.execution.InvocationInterceptorChain.chainAndInvoke(InvocationInterceptorChain.java:45)
	at org.junit.jupiter.engine.execution.InvocationInterceptorChain.invoke(InvocationInterceptorChain.java:37)
	at org.junit.jupiter.engine.execution.InterceptingExecutableInvoker.invoke(InterceptingExecutableInvoker.java:92)
	at org.junit.jupiter.engine.execution.InterceptingExecutableInvoker.invoke(InterceptingExecutableInvoker.java:86)
	at org.junit.jupiter.engine.descriptor.TestMethodTestDescriptor.lambda$invokeTestMethod$7(TestMethodTestDescriptor.java:218)
	at org.junit.platform.engine.support.hierarchical.ThrowableCollector.execute(ThrowableCollector.java:73)
	at org.junit.jupiter.engine.descriptor.TestMethodTestDescriptor.invokeTestMethod(TestMethodTestDescriptor.java:214)
	at org.junit.jupiter.engine.descriptor.TestMethodTestDescriptor.execute(TestMethodTestDescriptor.java:139)
	at org.junit.jupiter.engine.descriptor.TestMethodTestDescriptor.execute(TestMethodTestDescriptor.java:69)
	at org.junit.platform.engine.support.hierarchical.NodeTestTask.lambda$executeRecursively$6(NodeTestTask.java:151)
	at org.junit.platform.engine.support.hierarchical.ThrowableCollector.execute(ThrowableCollector.java:73)
	at org.junit.platform.engine.support.hierarchical.NodeTestTask.lambda$executeRecursively$8(NodeTestTask.java:141)
	at org.junit.platform.engine.support.hierarchical.Node.around(Node.java:137)
	at org.junit.platform.engine.support.hierarchical.NodeTestTask.lambda$executeRecursively$9(NodeTestTask.java:139)
	at org.junit.platform.engine.support.hierarchical.ThrowableCollector.execute(ThrowableCollector.java:73)
	at org.junit.platform.engine.support.hierarchical.NodeTestTask.executeRecursively(NodeTestTask.java:138)
	at org.junit.platform.engine.support.hierarchical.NodeTestTask.execute(NodeTestTask.java:95)
	at java.base/java.util.ArrayList.forEach(ArrayList.java:1541)
	at org.junit.platform.engine.support.hierarchical.SameThreadHierarchicalTestExecutorService.invokeAll(SameThreadHierarchicalTestExecutorService.java:41)
	at org.junit.platform.engine.support.hierarchical.NodeTestTask.lambda$executeRecursively$6(NodeTestTask.java:155)
	at org.junit.platform.engine.support.hierarchical.ThrowableCollector.execute(ThrowableCollector.java:73)
	at org.junit.platform.engine.support.hierarchical.NodeTestTask.lambda$executeRecursively$8(NodeTestTask.java:141)
	at org.junit.platform.engine.support.hierarchical.Node.around(Node.java:137)
	at org.junit.platform.engine.support.hierarchical.NodeTestTask.lambda$executeRecursively$9(NodeTestTask.java:139)
	at org.junit.platform.engine.support.hierarchical.ThrowableCollector.execute(ThrowableCollector.java:73)
	at org.junit.platform.engine.support.hierarchical.NodeTestTask.executeRecursively(NodeTestTask.java:138)
	at org.junit.platform.engine.support.hierarchical.NodeTestTask.execute(NodeTestTask.java:95)
	at java.base/java.util.ArrayList.forEach(ArrayList.java:1541)
	at org.junit.platform.engine.support.hierarchical.SameThreadHierarchicalTestExecutorService.invokeAll(SameThreadHierarchicalTestExecutorService.java:41)
	at org.junit.platform.engine.support.hierarchical.NodeTestTask.lambda$executeRecursively$6(NodeTestTask.java:155)
	at org.junit.platform.engine.support.hierarchical.ThrowableCollector.execute(ThrowableCollector.java:73)
	at org.junit.platform.engine.support.hierarchical.NodeTestTask.lambda$executeRecursively$8(NodeTestTask.java:141)
	at org.junit.platform.engine.support.hierarchical.Node.around(Node.java:137)
	at org.junit.platform.engine.support.hierarchical.NodeTestTask.lambda$executeRecursively$9(NodeTestTask.java:139)
	at org.junit.platform.engine.support.hierarchical.ThrowableCollector.execute(ThrowableCollector.java:73)
	at org.junit.platform.engine.support.hierarchical.NodeTestTask.executeRecursively(NodeTestTask.java:138)
	at org.junit.platform.engine.support.hierarchical.NodeTestTask.execute(NodeTestTask.java:95)
	at org.junit.platform.engine.support.hierarchical.SameThreadHierarchicalTestExecutorService.submit(SameThreadHierarchicalTestExecutorService.java:35)
	at org.junit.platform.engine.support.hierarchical.HierarchicalTestExecutor.execute(HierarchicalTestExecutor.java:57)
	at org.junit.platform.engine.support.hierarchical.HierarchicalTestEngine.execute(HierarchicalTestEngine.java:54)
	at org.junit.platform.launcher.core.EngineExecutionOrchestrator.execute(EngineExecutionOrchestrator.java:198)
	at org.junit.platform.launcher.core.EngineExecutionOrchestrator.execute(EngineExecutionOrchestrator.java:169)
	at org.junit.platform.launcher.core.EngineExecutionOrchestrator.execute(EngineExecutionOrchestrator.java:93)
	at org.junit.platform.launcher.core.EngineExecutionOrchestrator.lambda$execute$0(EngineExecutionOrchestrator.java:58)
	at org.junit.platform.launcher.core.EngineExecutionOrchestrator.withInterceptedStreams(EngineExecutionOrchestrator.java:141)
	at org.junit.platform.launcher.core.EngineExecutionOrchestrator.execute(EngineExecutionOrchestrator.java:57)
	at org.junit.platform.launcher.core.DefaultLauncher.execute(DefaultLauncher.java:103)
	at org.junit.platform.launcher.core.DefaultLauncher.execute(DefaultLauncher.java:85)
	at org.junit.platform.launcher.core.DelegatingLauncher.execute(DelegatingLauncher.java:47)
	at org.apache.maven.surefire.junitplatform.LazyLauncher.execute(LazyLauncher.java:55)
	at org.apache.maven.surefire.junitplatform.JUnitPlatformProvider.execute(JUnitPlatformProvider.java:223)
	at org.apache.maven.surefire.junitplatform.JUnitPlatformProvider.invokeAllTests(JUnitPlatformProvider.java:175)
	at org.apache.maven.surefire.junitplatform.JUnitPlatformProvider.invoke(JUnitPlatformProvider.java:139)
	at org.apache.maven.surefire.booter.ForkedBooter.runSuitesInProcess(ForkedBooter.java:456)
	at org.apache.maven.surefire.booter.ForkedBooter.execute(ForkedBooter.java:169)
	at org.apache.maven.surefire.booter.ForkedBooter.run(ForkedBooter.java:595)
	at org.apache.maven.surefire.booter.ForkedBooter.main(ForkedBooter.java:581)
2025-06-15 23:30:56 [main] DEBUG c.s.service.FlightServiceImpl - Searching flights with parameters: com.searchflights.model.FlightSearchParameters@451e2fa9
2025-06-15 23:30:56 [main] ERROR c.s.service.FlightServiceImpl - No CSV file provided for import
2025-06-15 23:30:56 [main] DEBUG c.s.service.FlightServiceImpl - Retrieving flight with number: A123
2025-06-15 23:30:56 [main] DEBUG c.s.service.FlightServiceImpl - Retrieving flight with ID: 1
2025-06-15 23:30:56 [main] INFO  c.s.service.FlightServiceImpl - Flight updated: A123
2025-06-15 23:30:56 [main] INFO  c.s.service.FlightServiceImpl - Deleting flight with ID: 1
2025-06-15 23:30:56 [main] INFO  c.s.service.FlightServiceImpl - Flight deleted: 1
2025-06-15 23:30:56 [main] INFO  c.s.service.FlightServiceImpl - Flight saved: A123
2025-06-15 23:30:56 [main] ERROR c.s.service.FlightServiceImpl - No CSV file provided for import
2025-06-15 23:30:56 [main] INFO  c.s.service.FlightServiceImpl - Importing flights from CSV file: flights.csv
2025-06-15 23:30:56 [main] DEBUG c.s.service.FlightServiceImpl - Saved flight: null
2025-06-15 23:30:56 [main] DEBUG c.s.service.FlightServiceImpl - Saved flight: null
2025-06-15 23:30:56 [main] INFO  c.s.service.FlightServiceImpl - CSV file import summary - Total: 2, Saved: 2, Duplicates: 0, Invalid: 0
2025-06-15 23:30:56 [main] WARN  c.s.service.UserServiceImpl - Authentication failed for user: testuser
2025-06-15 23:30:56 [main] INFO  c.s.service.UserServiceImpl - Authentication successful for user: testuser
2025-06-15 23:30:56 [main] WARN  c.s.service.UserServiceImpl - Authentication failed for user: testuser
2025-06-15 23:30:56 [main] INFO  c.s.service.UserServiceImpl - Authentication successful for user: testuser
